2026-04-20 09:31:14,397 [INFO] Activator:176 - 


2026-04-20 09:31:14,407 [INFO] Activator:177 - !SESSION log4j initialized
2026-04-20 09:31:22,668 [INFO] LogOutputStream:77 - [STDOUT_REDIRECT] 
2026-04-20 09:31:24,308 [INFO] ApplicationProperties:184 - Using Application install path: C:\ST\STM32CubeIDE_1.19.0\STM32CubeIDE\plugins\com.st.stm32cube.common.mx_6.15.0.202507011659
2026-04-20 09:31:24,339 [INFO] DbMcusXml:78 - Set database path to: C:\ST\STM32CubeIDE_1.19.0\STM32CubeIDE\plugins\com.st.stm32cube.common.mx_6.15.0.202507011659\\db\/mcu/
2026-04-20 09:31:24,340 [INFO] ApiDb:274 - Set plugin database path to: C:\ST\STM32CubeIDE_1.19.0\STM32CubeIDE\plugins\com.st.stm32cube.common.mx_6.15.0.202507011659\\db\/plugins/boardmanager/
2026-04-20 09:31:24,341 [WARN] ApiDb:259 - Overriding images path with different value:  => C:\ST\STM32CubeIDE_1.19.0\STM32CubeIDE\plugins\com.st.stm32cube.common.mx_6.15.0.202507011659\\db\/plugins/mcufinder/images/
2026-04-20 09:31:24,361 [INFO] ApiDb:250 - Set database path to: C:\Users\vamsh\.stmcufinder\plugins\mcufinder//mcu/
2026-04-20 09:31:24,364 [INFO] DbMcusAds:125 - Set database path to: C:\Users\vamsh\.stmcufinder\plugins\mcufinder//mcu/
2026-04-20 09:31:24,369 [INFO] CrossReferenceDbSqlite:203 - Set database path to: C:\Users\vamsh\.stmcufinder\plugins\mcufinder//mcu/cs/
2026-04-20 09:31:24,539 [INFO] RulesReader:64 - Compatibility file has been processed (317 Rules)
2026-04-20 09:31:24,664 [INFO] DbMcusXml:78 - Set database path to: C:\ST\STM32CubeIDE_1.19.0\STM32CubeIDE\plugins\com.st.stm32cube.common.mx_6.15.0.202507011659\\db\/mcu/
2026-04-20 09:31:24,664 [INFO] ApiDb:274 - Set plugin database path to: C:\ST\STM32CubeIDE_1.19.0\STM32CubeIDE\plugins\com.st.stm32cube.common.mx_6.15.0.202507011659\\db\/plugins/boardmanager/
2026-04-20 09:31:24,664 [INFO] ApiDb:261 - Set plugin images path to: C:\ST\STM32CubeIDE_1.19.0\STM32CubeIDE\plugins\com.st.stm32cube.common.mx_6.15.0.202507011659\\db\/plugins/mcufinder/images/
2026-04-20 09:31:24,665 [WARN] DbFile:41 - Overriding database path with different value: C:\Users\vamsh\.stmcufinder\plugins\mcufinder/ => C:\Users\vamsh\.stmcufinder\plugins\mcufinder
2026-04-20 09:31:24,665 [INFO] ApiDb:250 - Set database path to: C:\Users\vamsh\.stmcufinder\plugins\mcufinder//mcu/
2026-04-20 09:31:24,665 [WARN] DbFile:41 - Overriding database path with different value: C:\Users\vamsh\.stmcufinder\plugins\mcufinder/ => C:\Users\vamsh\.stmcufinder\plugins\mcufinder
2026-04-20 09:31:24,665 [INFO] DbMcusAds:125 - Set database path to: C:\Users\vamsh\.stmcufinder\plugins\mcufinder//mcu/
2026-04-20 09:31:24,665 [WARN] DbFile:41 - Overriding database path with different value: C:\Users\vamsh\.stmcufinder\plugins\mcufinder/ => C:\Users\vamsh\.stmcufinder\plugins\mcufinder
2026-04-20 09:31:24,666 [WARN] DbFile:41 - Overriding database path with different value: C:\Users\vamsh\.stmcufinder\plugins\mcufinder/ => C:\Users\vamsh\.stmcufinder\plugins\mcufinder
2026-04-20 09:31:24,666 [INFO] CrossReferenceDbSqlite:203 - Set database path to: C:\Users\vamsh\.stmcufinder\plugins\mcufinder//mcu/cs/
2026-04-20 09:31:24,783 [INFO] MainPanel:274 - HeapMemory: 268435456
2026-04-20 09:31:24,935 [INFO] DbMcusXml:78 - Set database path to: C:\ST\STM32CubeIDE_1.19.0\STM32CubeIDE\plugins\com.st.stm32cube.common.mx_6.15.0.202507011659\\db\/mcu/
2026-04-20 09:31:24,935 [INFO] ApiDb:274 - Set plugin database path to: C:\ST\STM32CubeIDE_1.19.0\STM32CubeIDE\plugins\com.st.stm32cube.common.mx_6.15.0.202507011659\\db\/plugins/boardmanager/
2026-04-20 09:31:24,935 [INFO] ApiDb:261 - Set plugin images path to: C:\ST\STM32CubeIDE_1.19.0\STM32CubeIDE\plugins\com.st.stm32cube.common.mx_6.15.0.202507011659\\db\/plugins/mcufinder/images/
2026-04-20 09:31:24,935 [WARN] DbFile:41 - Overriding database path with different value: C:\Users\vamsh\.stmcufinder\plugins\mcufinder/ => C:\Users\vamsh\.stmcufinder\plugins\mcufinder
2026-04-20 09:31:24,936 [INFO] ApiDb:250 - Set database path to: C:\Users\vamsh\.stmcufinder\plugins\mcufinder//mcu/
2026-04-20 09:31:24,936 [WARN] DbFile:41 - Overriding database path with different value: C:\Users\vamsh\.stmcufinder\plugins\mcufinder/ => C:\Users\vamsh\.stmcufinder\plugins\mcufinder
2026-04-20 09:31:24,937 [INFO] DbMcusAds:125 - Set database path to: C:\Users\vamsh\.stmcufinder\plugins\mcufinder//mcu/
2026-04-20 09:31:24,937 [WARN] DbFile:41 - Overriding database path with different value: C:\Users\vamsh\.stmcufinder\plugins\mcufinder/ => C:\Users\vamsh\.stmcufinder\plugins\mcufinder
2026-04-20 09:31:24,937 [WARN] DbFile:41 - Overriding database path with different value: C:\Users\vamsh\.stmcufinder\plugins\mcufinder/ => C:\Users\vamsh\.stmcufinder\plugins\mcufinder
2026-04-20 09:31:24,937 [INFO] CrossReferenceDbSqlite:203 - Set database path to: C:\Users\vamsh\.stmcufinder\plugins\mcufinder//mcu/cs/
2026-04-20 09:31:24,958 [INFO] ApplicationProperties:184 - Using Application install path: C:\ST\STM32CubeIDE_1.19.0\STM32CubeIDE\plugins\com.st.stm32cube.common.mx_6.15.0.202507011659
2026-04-20 09:31:24,960 [INFO] PluginManage:196 - Search for loadable plugins [exclusion list=, ]
2026-04-20 09:31:24,962 [INFO] PluginManage:310 - Check plugin analytics
2026-04-20 09:31:25,318 [INFO] AnalyticsPlugin:253 - Accepted Software Licenses: 
2026-04-20 09:31:25,319 [INFO] AnalyticsPlugin:255 - Accepted CMSIS Pack Licenses: 
2026-04-20 09:31:25,320 [INFO] AnalyticsPlugin:257 - Accepted Firmware Licenses: FW.L4.1.18.0
2026-04-20 09:31:25,325 [INFO] PluginManage:359 - Loaded plugin analytics (category:tool,tabindex:-1)
2026-04-20 09:31:25,325 [INFO] PluginManage:310 - Check plugin cadmodel
2026-04-20 09:31:25,336 [INFO] CADModel:105 - Init CAD model plugin
2026-04-20 09:31:25,336 [INFO] PluginManage:359 - Loaded plugin cadmodel (category:power,tabindex:5)
2026-04-20 09:31:25,336 [INFO] PluginManage:310 - Check plugin clock
2026-04-20 09:31:25,356 [INFO] PluginManage:359 - Loaded plugin clock (category:base,tabindex:2)
2026-04-20 09:31:25,356 [INFO] PluginManage:310 - Check plugin ddr
2026-04-20 09:31:25,365 [INFO] PluginManage:359 - Loaded plugin ddr (category:tool,tabindex:6)
2026-04-20 09:31:25,365 [INFO] PluginManage:310 - Check plugin filemanager
2026-04-20 09:31:25,549 [INFO] PluginManage:359 - Loaded plugin filemanager (category:base,tabindex:10)
2026-04-20 09:31:25,551 [INFO] PluginManage:310 - Check plugin ipmanager
2026-04-20 09:31:25,559 [INFO] PluginManage:359 - Loaded plugin ipmanager (category:base,tabindex:5)
2026-04-20 09:31:25,559 [INFO] PluginManage:310 - Check plugin lpbam
2026-04-20 09:31:25,569 [INFO] PluginManage:359 - Loaded plugin lpbam (category:base,tabindex:0)
2026-04-20 09:31:25,569 [INFO] PluginManage:310 - Check plugin memorymap
2026-04-20 09:31:25,588 [INFO] PluginManage:359 - Loaded plugin memorymap (category:base,tabindex:4)
2026-04-20 09:31:25,588 [INFO] PluginManage:310 - Check plugin pinoutandconfiguration
2026-04-20 09:31:25,601 [INFO] PluginManage:359 - Loaded plugin pinoutandconfiguration (category:base,tabindex:1)
2026-04-20 09:31:25,601 [INFO] PluginManage:310 - Check plugin pinoutconfig
2026-04-20 09:31:25,700 [WARN] SupportedApi:132 - Cannot load RTOS API schema: s4s-elt-must-match.1: The content of 'definitions' must match (annotation?, (simpleType | complexType)?, (unique | key | keyref)*)). A problem was found starting at: attribute.
2026-04-20 09:31:25,843 [INFO] PluginManage:359 - Loaded plugin pinoutconfig (category:base,tabindex:0)
2026-04-20 09:31:25,843 [INFO] PluginManage:310 - Check plugin power
2026-04-20 09:31:25,856 [INFO] PluginManage:359 - Loaded plugin power (category:power,tabindex:4)
2026-04-20 09:31:25,857 [INFO] PluginManage:310 - Check plugin projectmanager
2026-04-20 09:31:25,879 [INFO] PluginManage:359 - Loaded plugin projectmanager (category:projectmanager,tabindex:4)
2026-04-20 09:31:25,879 [INFO] PluginManage:310 - Check plugin rif
2026-04-20 09:31:25,892 [INFO] PluginManage:359 - Loaded plugin rif (category:base,tabindex:3)
2026-04-20 09:31:25,892 [INFO] PluginManage:310 - Check plugin thirdparty
2026-04-20 09:31:26,081 [INFO] PluginManage:359 - Loaded plugin thirdparty (category:base,tabindex:-1)
2026-04-20 09:31:26,081 [WARN] IntegrityCheckThread:84 - waiting for thirdparty lock release [integrity check]
2026-04-20 09:31:26,081 [INFO] PluginManage:310 - Check plugin tools
2026-04-20 09:31:26,081 [INFO] IntegrityCheckThread:86 - entering critical section [integrity check]
2026-04-20 09:31:26,082 [INFO] ThirdPartyUpdaterWithRetryManager:70 - Updater plugin not ready yet. [1/15]
2026-04-20 09:31:26,086 [INFO] PluginManage:359 - Loaded plugin tools (category:base,tabindex:7)
2026-04-20 09:31:26,086 [INFO] PluginManage:310 - Check plugin tutovideos
2026-04-20 09:31:26,355 [INFO] PluginManage:359 - Loaded plugin tutovideos (category:base,tabindex:-1)
2026-04-20 09:31:26,355 [INFO] PluginManage:310 - Check plugin updater
2026-04-20 09:31:26,381 [INFO] PluginManage:359 - Loaded plugin updater (category:base,tabindex:12)
2026-04-20 09:31:26,381 [INFO] PluginManage:310 - Check plugin userauth
2026-04-20 09:31:26,387 [INFO] UserAuth:118 - Init User Auth plugin
2026-04-20 09:31:26,388 [INFO] PluginManage:359 - Loaded plugin userauth (category:base,tabindex:14)
2026-04-20 09:31:26,388 [INFO] PluginManage:283 - PluginManage : Loaded plugins [18]
2026-04-20 09:31:26,646 [INFO] PinOutPanel:1589 - setPackage(No Configuration,No Configuration)
2026-04-20 09:31:26,744 [INFO] CADModel:165 - CPN selected for project level
2026-04-20 09:31:26,744 [INFO] CADModel:114 - Register for checkConnection events
2026-04-20 09:31:26,783 [INFO] IPUIPlugin:80 - create IPUIPlugin
2026-04-20 09:31:26,783 [INFO] PluginManager:220 - loadIPPluginJar : add adc
2026-04-20 09:31:26,787 [INFO] IPUIPlugin:80 - create IPUIPlugin
2026-04-20 09:31:26,787 [INFO] PluginManager:220 - loadIPPluginJar : add aes
2026-04-20 09:31:26,790 [INFO] IPUIPlugin:80 - create IPUIPlugin
2026-04-20 09:31:26,790 [INFO] PluginManager:220 - loadIPPluginJar : add can
2026-04-20 09:31:26,793 [INFO] IPUIPlugin:80 - create IPUIPlugin
2026-04-20 09:31:26,793 [INFO] PluginManager:220 - loadIPPluginJar : add comp
2026-04-20 09:31:26,796 [INFO] IPUIPlugin:80 - create IPUIPlugin
2026-04-20 09:31:26,796 [INFO] PluginManager:220 - loadIPPluginJar : add cryp
2026-04-20 09:31:26,800 [INFO] IPUIPlugin:80 - create IPUIPlugin
2026-04-20 09:31:26,800 [INFO] PluginManager:220 - loadIPPluginJar : add ddr_ctrl_phy
2026-04-20 09:31:26,803 [INFO] IPUIPlugin:80 - create IPUIPlugin
2026-04-20 09:31:26,803 [INFO] PluginManager:220 - loadIPPluginJar : add dfsdm
2026-04-20 09:31:26,809 [INFO] IPUIPlugin:80 - create IPUIPlugin
2026-04-20 09:31:26,810 [INFO] PluginManager:220 - loadIPPluginJar : add dma
2026-04-20 09:31:26,814 [INFO] IPUIPlugin:80 - create IPUIPlugin
2026-04-20 09:31:26,815 [INFO] PluginManager:220 - loadIPPluginJar : add dma3
2026-04-20 09:31:26,818 [INFO] IPUIPlugin:80 - create IPUIPlugin
2026-04-20 09:31:26,818 [INFO] PluginManager:220 - loadIPPluginJar : add extmemmanager
2026-04-20 09:31:26,821 [INFO] IPUIPlugin:80 - create IPUIPlugin
2026-04-20 09:31:26,821 [INFO] PluginManager:220 - loadIPPluginJar : add fatfs
2026-04-20 09:31:26,827 [INFO] IPUIPlugin:80 - create IPUIPlugin
2026-04-20 09:31:26,827 [INFO] PluginManager:220 - loadIPPluginJar : add fmc
2026-04-20 09:31:26,835 [INFO] IPUIPlugin:80 - create IPUIPlugin
2026-04-20 09:31:26,835 [INFO] PluginManager:220 - loadIPPluginJar : add freertos
2026-04-20 09:31:26,837 [INFO] IPUIPlugin:80 - create IPUIPlugin
2026-04-20 09:31:26,837 [INFO] PluginManager:220 - loadIPPluginJar : add genericplugin
2026-04-20 09:31:26,840 [INFO] IPUIPlugin:80 - create IPUIPlugin
2026-04-20 09:31:26,840 [INFO] PluginManager:220 - loadIPPluginJar : add gfxmmu
2026-04-20 09:31:26,846 [INFO] IPUIPlugin:80 - create IPUIPlugin
2026-04-20 09:31:26,846 [INFO] PluginManager:220 - loadIPPluginJar : add gic
2026-04-20 09:31:26,850 [INFO] IPUIPlugin:80 - create IPUIPlugin
2026-04-20 09:31:26,851 [INFO] PluginManager:220 - loadIPPluginJar : add gpio
2026-04-20 09:31:26,853 [INFO] IPUIPlugin:80 - create IPUIPlugin
2026-04-20 09:31:26,853 [INFO] PluginManager:220 - loadIPPluginJar : add gtzc
2026-04-20 09:31:26,856 [INFO] IPUIPlugin:80 - create IPUIPlugin
2026-04-20 09:31:26,858 [INFO] PluginManager:220 - loadIPPluginJar : add hash
2026-04-20 09:31:26,861 [INFO] IPUIPlugin:80 - create IPUIPlugin
2026-04-20 09:31:26,861 [INFO] PluginManager:220 - loadIPPluginJar : add i2c
2026-04-20 09:31:26,864 [INFO] IPUIPlugin:80 - create IPUIPlugin
2026-04-20 09:31:26,864 [INFO] PluginManager:220 - loadIPPluginJar : add i2s
2026-04-20 09:31:26,868 [INFO] IPUIPlugin:80 - create IPUIPlugin
2026-04-20 09:31:26,868 [INFO] PluginManager:220 - loadIPPluginJar : add i3c
2026-04-20 09:31:26,873 [INFO] IPUIPlugin:80 - create IPUIPlugin
2026-04-20 09:31:26,873 [INFO] PluginManager:220 - loadIPPluginJar : add ipddr
2026-04-20 09:31:26,882 [INFO] IPUIPlugin:80 - create IPUIPlugin
2026-04-20 09:31:26,882 [INFO] PluginManager:220 - loadIPPluginJar : add linkedlist
2026-04-20 09:31:26,888 [INFO] IPUIPlugin:80 - create IPUIPlugin
2026-04-20 09:31:26,888 [INFO] PluginManager:220 - loadIPPluginJar : add lorawan
2026-04-20 09:31:26,890 [INFO] IPUIPlugin:80 - create IPUIPlugin
2026-04-20 09:31:26,890 [INFO] PluginManager:220 - loadIPPluginJar : add ltdc
2026-04-20 09:31:26,896 [INFO] IPUIPlugin:80 - create IPUIPlugin
2026-04-20 09:31:26,897 [INFO] PluginManager:220 - loadIPPluginJar : add mdma
2026-04-20 09:31:26,902 [INFO] IPUIPlugin:80 - create IPUIPlugin
2026-04-20 09:31:26,902 [INFO] PluginManager:220 - loadIPPluginJar : add nvic
2026-04-20 09:31:26,908 [INFO] IPUIPlugin:80 - create IPUIPlugin
2026-04-20 09:31:26,908 [INFO] PluginManager:220 - loadIPPluginJar : add opamp
2026-04-20 09:31:26,912 [INFO] IPUIPlugin:80 - create IPUIPlugin
2026-04-20 09:31:26,912 [INFO] PluginManager:220 - loadIPPluginJar : add openamp
2026-04-20 09:31:26,916 [INFO] IPUIPlugin:80 - create IPUIPlugin
2026-04-20 09:31:26,916 [INFO] PluginManager:220 - loadIPPluginJar : add pdm2pcm
2026-04-20 09:31:26,925 [INFO] IPUIPlugin:80 - create IPUIPlugin
2026-04-20 09:31:26,928 [INFO] PluginManager:220 - loadIPPluginJar : add plateformsettings
2026-04-20 09:31:26,930 [INFO] IPUIPlugin:80 - create IPUIPlugin
2026-04-20 09:31:26,930 [INFO] PluginManager:220 - loadIPPluginJar : add quadspi
2026-04-20 09:31:26,934 [INFO] IPUIPlugin:80 - create IPUIPlugin
2026-04-20 09:31:26,935 [INFO] PluginManager:220 - loadIPPluginJar : add radio
2026-04-20 09:31:26,942 [INFO] IPUIPlugin:80 - create IPUIPlugin
2026-04-20 09:31:26,942 [INFO] PluginManager:220 - loadIPPluginJar : add resmgrutility
2026-04-20 09:31:26,946 [INFO] IPUIPlugin:80 - create IPUIPlugin
2026-04-20 09:31:26,946 [INFO] PluginManager:220 - loadIPPluginJar : add sai
2026-04-20 09:31:26,949 [INFO] IPUIPlugin:80 - create IPUIPlugin
2026-04-20 09:31:26,949 [INFO] PluginManager:220 - loadIPPluginJar : add spi
2026-04-20 09:31:26,957 [INFO] IPUIPlugin:80 - create IPUIPlugin
2026-04-20 09:31:26,957 [INFO] PluginManager:220 - loadIPPluginJar : add stm32_wpan
2026-04-20 09:31:26,958 [INFO] IPUIPlugin:80 - create IPUIPlugin
2026-04-20 09:31:26,958 [INFO] PluginManager:220 - loadIPPluginJar : add tim
2026-04-20 09:31:26,962 [INFO] IPUIPlugin:80 - create IPUIPlugin
2026-04-20 09:31:26,962 [INFO] PluginManager:220 - loadIPPluginJar : add touchsensing
2026-04-20 09:31:26,965 [INFO] IPUIPlugin:80 - create IPUIPlugin
2026-04-20 09:31:26,965 [INFO] PluginManager:220 - loadIPPluginJar : add tracer_emb
2026-04-20 09:31:26,968 [INFO] IPUIPlugin:80 - create IPUIPlugin
2026-04-20 09:31:26,968 [INFO] PluginManager:220 - loadIPPluginJar : add ts
2026-04-20 09:31:26,969 [INFO] IPUIPlugin:80 - create IPUIPlugin
2026-04-20 09:31:26,971 [INFO] PluginManager:220 - loadIPPluginJar : add tsc
2026-04-20 09:31:26,973 [INFO] IPUIPlugin:80 - create IPUIPlugin
2026-04-20 09:31:26,973 [INFO] PluginManager:220 - loadIPPluginJar : add ucpd
2026-04-20 09:31:26,975 [INFO] IPUIPlugin:80 - create IPUIPlugin
2026-04-20 09:31:26,975 [INFO] PluginManager:220 - loadIPPluginJar : add usart
2026-04-20 09:31:26,978 [INFO] IPUIPlugin:80 - create IPUIPlugin
2026-04-20 09:31:26,978 [INFO] PluginManager:220 - loadIPPluginJar : add usbx
2026-04-20 09:31:27,108 [FATAL] Updater:351 - Updater called before beeing initialized
2026-04-20 09:31:27,171 [INFO] RulesReader:64 - Compatibility file has been processed (317 Rules)
2026-04-20 09:31:27,191 [INFO] RulesReader:64 - Compatibility file has been processed (317 Rules)
2026-04-20 09:31:27,210 [INFO] CADModel:165 - CPN selected for project level
2026-04-20 09:31:27,210 [INFO] CADModel:114 - Register for checkConnection events
2026-04-20 09:31:27,211 [FATAL] Updater:351 - Updater called before beeing initialized
2026-04-20 09:31:27,211 [ERROR] CADModel:125 - Updater not yet initialized, retry later 
2026-04-20 09:31:27,387 [FATAL] Updater:351 - Updater called before beeing initialized
2026-04-20 09:31:27,390 [INFO] CADModel:165 - CPN selected for project level
2026-04-20 09:31:27,390 [INFO] CADModel:114 - Register for checkConnection events
2026-04-20 09:31:27,390 [FATAL] Updater:351 - Updater called before beeing initialized
2026-04-20 09:31:27,391 [ERROR] CADModel:125 - Updater not yet initialized, retry later 
2026-04-20 09:31:27,395 [FATAL] Updater:351 - Updater called before beeing initialized
2026-04-20 09:31:27,544 [FATAL] Updater:351 - Updater called before beeing initialized
2026-04-20 09:31:27,548 [INFO] DbMcusAds:53 - JSON generation date=Fri Apr 10 14:49:02 IST 2026 (1775812742310)
2026-04-20 09:31:27,548 [FATAL] Updater:351 - Updater called before beeing initialized
2026-04-20 09:31:27,595 [WARN] DetailPanel:346 - Failed to get advertising image, set to default
2026-04-20 09:31:27,702 [FATAL] Updater:351 - Updater called before beeing initialized
2026-04-20 09:31:27,703 [FATAL] Updater:351 - Updater called before beeing initialized
2026-04-20 09:31:27,703 [FATAL] Updater:351 - Updater called before beeing initialized
2026-04-20 09:31:27,703 [WARN] DetailPanel:346 - Failed to get advertising image, set to default
2026-04-20 09:31:27,704 [FATAL] Updater:351 - Updater called before beeing initialized
2026-04-20 09:31:27,758 [ERROR] Updater:1198 - MainUpdater not yet initialized. External WinMGr cannot be set.
2026-04-20 09:31:27,760 [INFO] Updater:1134 - Updater Version found : 6.15.0
2026-04-20 09:31:27,779 [INFO] ApplicationProperties:184 - Using Application install path: C:\ST\STM32CubeIDE_1.19.0\STM32CubeIDE\plugins\com.st.stm32cube.common.mx_6.15.0.202507011659
2026-04-20 09:31:29,083 [INFO] ThirdPartyUpdaterWithRetryManager:70 - Updater plugin not ready yet. [2/15]
2026-04-20 09:31:29,364 [ERROR] LogOutputStream:75 - [STDERR_REDIRECT] Apr 20, 2026 9:31:29 AM java.util.prefs.WindowsPreferences <init>
2026-04-20 09:31:29,367 [ERROR] LogOutputStream:75 - [STDERR_REDIRECT] WARNING: Could not open/create prefs root node Software\JavaSoft\Prefs at root 0xffffffff80000002. Windows RegCreateKeyEx(...) returned error code 5.
2026-04-20 09:31:29,367 [ERROR] LogOutputStream:75 - [STDERR_REDIRECT] 
2026-04-20 09:31:29,784 [INFO] MainUpdater:2872 - connection check result : 10
2026-04-20 09:31:29,784 [INFO] MainUpdater:3604 - Updater definition file requires update
2026-04-20 09:31:29,786 [INFO] MainUpdater:289 - Updater Check For Update Now.
2026-04-20 09:31:29,786 [INFO] MicroXplorer:498 - Change Database Version : DB.6.0.150
2026-04-20 09:31:29,791 [INFO] McuFinderGlobals:63 - Set McuFinder mode to 2 (CubeIDE integrated)
2026-04-20 09:31:29,792 [INFO] UserAuth:487 - Internet connection configuration mode: 1
2026-04-20 09:31:29,796 [INFO] ServerAccessManage:452 - Complete download http(s) 200
2026-04-20 09:31:29,798 [INFO] ServerAccessManage:509 - Download File updaters.zip
2026-04-20 09:31:29,831 [INFO] JxBrowserEngine:152 - Initiate JxBrowser Engine with user profile folder
2026-04-20 09:31:29,867 [INFO] FileExtend:248 - Unzip File : updaters.zip
2026-04-20 09:31:29,867 [INFO] FileExtend:263 - Standard Zip Deflate
2026-04-20 09:31:30,583 [INFO] ServerAccessManage:452 - Complete download http(s) 200
2026-04-20 09:31:30,583 [INFO] ServerAccessManage:509 - Download File PacksControlFlags.xml
2026-04-20 09:31:30,651 [INFO] ServerAccessManage:452 - Complete download http(s) 200
2026-04-20 09:31:30,652 [INFO] ServerAccessManage:509 - Download File cubemx.pidx
2026-04-20 09:31:32,085 [WARN] MainUpdater:1193 - Updater busy. Cannot search thirdparties
2026-04-20 09:31:32,086 [INFO] ThirdPartyUpdaterWithRetryManager:96 - Updater plugin is busy. [1/15]
2026-04-20 09:31:32,156 [INFO] WebApp:169 - Instantiating new browser for Auth
2026-04-20 09:31:32,339 [INFO] ServerAccessManage:452 - Complete download http(s) 200
2026-04-20 09:31:32,339 [INFO] ServerAccessManage:509 - Download File STMicroelectronics.X-CUBE-ST67W61.pdsc
2026-04-20 09:31:34,202 [WARN] PopulateThirdPartyThread:106 - Error when creating pack: C:/Users/vamsh/.stm32cubemx/thirdparties/pdsc/STMicroelectronics.X-CUBE-ST67W61.pdsc
2026-04-20 09:31:34,202 [INFO] PopulateThirdPartyThread:66 - Ending populate Thread
2026-04-20 09:31:34,203 [INFO] LoadServerUpdatesThread:375 - End of LoadServerUpdate Thread
2026-04-20 09:31:34,770 [INFO] CheckServerUpdateThread:120 - End of CheckServer Thread
2026-04-20 09:31:34,932 [INFO] WebApp:463 - Apply proxy settings
2026-04-20 09:31:34,934 [INFO] WebApp:548 - Chromium requires no authentication
2026-04-20 09:31:34,957 [INFO] WebApp:491 - Direct internet connection detected
2026-04-20 09:31:35,028 [INFO] WebApp:900 - Register for checkConnection events
2026-04-20 09:31:35,029 [INFO] WebApp:463 - Apply proxy settings
2026-04-20 09:31:35,030 [INFO] WebApp:548 - Chromium requires no authentication
2026-04-20 09:31:35,032 [INFO] WebApp:491 - Direct internet connection detected
2026-04-20 09:31:35,429 [INFO] WebApp:191 - Connection restablished
2026-04-20 09:31:36,021 [INFO] WebApp:225 - Starting web application
2026-04-20 09:31:36,038 [INFO] WebApp:593 - Web application path used C:\ST\STM32CubeIDE_1.19.0\STM32CubeIDE\plugins\com.st.stm32cube.common.mx_6.15.0.202507011659\db\plugins\mcufinder\reactClient1\index.html
2026-04-20 09:31:36,771 [INFO] UserAuth:487 - Internet connection configuration mode: 1
2026-04-20 09:31:37,238 [WARN] PackLoader:240 - Cannot read IP mode file for STMicroelectronics.X-CUBE-AZRTOS-H7.3.5.0
2026-04-20 09:31:37,277 [WARN] PackLoader:240 - Cannot read IP mode file for STMicroelectronics.FP-ATR-ASTRA1.2.0.2
2026-04-20 09:31:37,321 [WARN] PackLoader:240 - Cannot read IP mode file for STMicroelectronics.X-CUBE-SMBUS.2.1.0
2026-04-20 09:31:37,373 [WARN] PackLoader:240 - Cannot read IP mode file for STMicroelectronics.X-CUBE-AZRTOS-F7.1.1.0
2026-04-20 09:31:37,409 [WARN] PackLoader:240 - Cannot read IP mode file for STMicroelectronics.FP-SNS-MOTENV1.5.1.0
2026-04-20 09:31:37,446 [WARN] PackLoader:240 - Cannot read IP mode file for WES.I-CUBE-Cesium.1.4.0
2026-04-20 09:31:37,470 [WARN] PackLoader:240 - Cannot read IP mode file for STMicroelectronics.X-CUBE-DISPLAY.3.0.0
2026-04-20 09:31:37,503 [WARN] PackLoader:240 - Cannot read IP mode file for STMicroelectronics.FP-SNS-MOTENVWB1.1.5.0
2026-04-20 09:31:37,535 [WARN] PackLoader:240 - Cannot read IP mode file for STMicroelectronics.X-CUBE-NFC10.1.0.0
2026-04-20 09:31:37,569 [WARN] PackLoader:240 - Cannot read IP mode file for STMicroelectronics.X-CUBE-ST60.1.1.0
2026-04-20 09:31:37,586 [WARN] PackLoader:240 - Cannot read IP mode file for emotas.I-CUBE-CANOPEN.1.3.0
2026-04-20 09:31:37,608 [WARN] PackLoader:240 - Cannot read IP mode file for STMicroelectronics.X-CUBE-GNSS1.7.1.0
2026-04-20 09:31:37,619 [WARN] PackLoader:240 - Cannot read IP mode file for STMicroelectronics.FP-SNS-STBOX1.2.1.0
2026-04-20 09:31:37,650 [WARN] PackLoader:240 - Cannot read IP mode file for STMicroelectronics.FP-SNS-SMARTAG2.1.2.0
2026-04-20 09:31:37,664 [WARN] PackLoader:240 - Cannot read IP mode file for STMicroelectronics.FP-SNS-FLIGHT1.5.1.0
2026-04-20 09:31:37,686 [INFO] LogOutputStream:77 - [STDOUT_REDIRECT] 1 : Invalid condition id : UX_CORESTACK_Condition cause : null
2026-04-20 09:31:37,689 [INFO] LogOutputStream:77 - [STDOUT_REDIRECT] 1 : Invalid condition id : UX_CORESTACK_Condition cause : null
2026-04-20 09:31:37,692 [INFO] LogOutputStream:77 - [STDOUT_REDIRECT] 1 : Invalid condition id : UX_CORESTACK_Condition cause : null
2026-04-20 09:31:37,696 [INFO] LogOutputStream:77 - [STDOUT_REDIRECT] 1 : Invalid condition id : UX_CORESTACK_Condition cause : null
2026-04-20 09:31:37,704 [INFO] LogOutputStream:77 - [STDOUT_REDIRECT] 1 : Invalid condition id : UX_CORESTACK_Condition cause : null
2026-04-20 09:31:37,709 [WARN] PackLoader:240 - Cannot read IP mode file for STMicroelectronics.X-CUBE-AZRTOS-WL.2.0.0
2026-04-20 09:31:37,781 [WARN] PackLoader:240 - Cannot read IP mode file for STMicroelectronics.X-CUBE-AZRTOS-H7RS.1.2.0
2026-04-20 09:31:37,807 [WARN] PackLoader:240 - Cannot read IP mode file for STMicroelectronics.X-CUBE-BLE2.3.3.0
2026-04-20 09:31:37,910 [WARN] PackLoader:240 - Cannot read IP mode file for Infineon.AIROC-Wi-Fi-Bluetooth-STM32.1.8.0
2026-04-20 09:31:37,939 [WARN] PackLoader:240 - Cannot read IP mode file for STMicroelectronics.X-CUBE-NFC9.1.0.0
2026-04-20 09:31:37,961 [WARN] PackLoader:240 - Cannot read IP mode file for STMicroelectronics.X-CUBE-BLE1.7.1.0
2026-04-20 09:31:37,980 [WARN] PackLoader:240 - Cannot read IP mode file for wolfSSL.I-CUBE-wolfMQTT.1.19.2
2026-04-20 09:31:37,999 [WARN] PackLoader:240 - Cannot read IP mode file for STMicroelectronics.X-CUBE-EEPRMA1.5.2.0
2026-04-20 09:31:38,023 [WARN] PackLoader:240 - Cannot read IP mode file for wolfSSL.I-CUBE-wolfSSL.5.8.4
2026-04-20 09:31:38,037 [WARN] PackLoader:240 - Cannot read IP mode file for Cesanta.I-CUBE-Mongoose.7.20.0
2026-04-20 09:31:38,155 [WARN] PackLoader:240 - Cannot read IP mode file for STMicroelectronics.X-CUBE-MEMS1.12.0.0
2026-04-20 09:31:38,520 [WARN] PackLoader:240 - Cannot read IP mode file for STMicroelectronics.X-CUBE-AZRTOS-G0.1.1.0
2026-04-20 09:31:38,562 [WARN] PackLoader:240 - Cannot read IP mode file for STMicroelectronics.X-CUBE-NFC4.3.0.0
2026-04-20 09:31:38,641 [WARN] PackLoader:240 - Cannot read IP mode file for EmbeddedOffice.I-CUBE-FS-RTOS.1.0.1
2026-04-20 09:31:38,672 [WARN] PackLoader:240 - Cannot read IP mode file for STMicroelectronics.X-CUBE-WB05N.2.0.0
2026-04-20 09:31:38,689 [WARN] PackLoader:240 - Cannot read IP mode file for wolfSSL.I-CUBE-wolfTPM.3.8.0
2026-04-20 09:31:38,711 [WARN] PackLoader:240 - Cannot read IP mode file for STMicroelectronics.X-CUBE-TCPP.4.2.0
2026-04-20 09:31:38,828 [WARN] PackLoader:240 - Cannot read IP mode file for RealThread.X-CUBE-RT-Thread_Nano.4.1.1
2026-04-20 09:31:38,861 [WARN] PackLoader:240 - Cannot read IP mode file for STMicroelectronics.FP-ATR-SIGFOX1.3.2.0
2026-04-20 09:31:38,904 [WARN] PackLoader:240 - Cannot read IP mode file for STMicroelectronics.X-CUBE-FREERTOS.1.5.0
2026-04-20 09:31:38,951 [WARN] PackLoader:240 - Cannot read IP mode file for ITTIA_DB.I-CUBE-ITTIADB.8.9.0
2026-04-20 09:31:38,993 [WARN] PackLoader:240 - Cannot read IP mode file for STMicroelectronics.X-CUBE-NFC6.3.2.0
2026-04-20 09:31:39,039 [WARN] PackLoader:240 - Cannot read IP mode file for STMicroelectronics.X-CUBE-AI.10.2.0
2026-04-20 09:31:39,158 [WARN] PackLoader:240 - Cannot read IP mode file for SEGGER.I-CUBE-embOS.1.3.1
2026-04-20 09:31:39,342 [WARN] PackLoader:240 - Cannot read IP mode file for STMicroelectronics.X-CUBE-ALGOBUILD.1.4.0
2026-04-20 09:31:39,362 [WARN] PackLoader:240 - Cannot read IP mode file for STMicroelectronics.X-CUBE-PM33A1.1.0.0
2026-04-20 09:31:39,415 [WARN] PackLoader:240 - Cannot read IP mode file for STMicroelectronics.X-CUBE-AZRTOS-F4.1.1.0
2026-04-20 09:31:39,449 [WARN] PackLoader:240 - Cannot read IP mode file for STMicroelectronics.X-CUBE-ISPU.2.1.0
2026-04-20 09:31:39,538 [WARN] PackLoader:240 - Cannot read IP mode file for STMicroelectronics.X-CUBE-IPS.3.2.0
2026-04-20 09:31:39,595 [WARN] PackLoader:240 - Cannot read IP mode file for STMicroelectronics.eDS-WB_DPC_TT-BIDIR.2.1.1
2026-04-20 09:31:39,626 [WARN] PackLoader:240 - Cannot read IP mode file for STMicroelectronics.X-CUBE-NFC12.1.0.0
2026-04-20 09:31:39,706 [WARN] PackLoader:240 - Cannot read IP mode file for STMicroelectronics.X-CUBE-AZRTOS-L5.2.0.0
2026-04-20 09:31:39,752 [WARN] PackLoader:240 - Cannot read IP mode file for STMicroelectronics.eDS-WB_DPC_VIENNA.1.2.0
2026-04-20 09:31:39,791 [WARN] PackLoader:240 - Cannot read IP mode file for STMicroelectronics.eDS-WB_DPC_3PH2L-BIDIR.1.1.1
2026-04-20 09:31:39,808 [ERROR] Engine:466 - C:\Users\vamsh\.stm32cubemx\thirdparties\pdsc\STMicroelectronics.X-CUBE-ST67W61.1.3.0.pdsc: PDSC version is not supported
2026-04-20 09:31:39,836 [WARN] PackLoader:240 - Cannot read IP mode file for STMicroelectronics.X-CUBE-TOUCHGFX.4.26.1
2026-04-20 09:31:39,858 [WARN] PackLoader:240 - Cannot read IP mode file for STMicroelectronics.FP-SNS-STAIOTCFT.1.0.0
2026-04-20 09:31:39,888 [WARN] PackLoader:240 - Cannot read IP mode file for STMicroelectronics.X-CUBE-DPower.1.3.0
2026-04-20 09:31:40,025 [WARN] ConditionMgr:438 - getConditionDescription Invalid condition id : LAN8742 Phy interface Condition cause : null
2026-04-20 09:31:40,030 [WARN] PackLoader:240 - Cannot read IP mode file for STMicroelectronics.X-CUBE-AZRTOS-L4.2.0.0
2026-04-20 09:31:40,038 [WARN] ConditionMgr:1044 - genDependencies : Invalid condition id : LAN8742 Phy interface Condition cause : null
2026-04-20 09:31:40,040 [WARN] ConditionMgr:1044 - genDependencies : Invalid condition id : LAN8742 Phy interface Condition cause : null
2026-04-20 09:31:40,040 [WARN] ConditionMgr:1044 - genDependencies : Invalid condition id : LAN8742 Phy interface Condition cause : null
2026-04-20 09:31:40,078 [WARN] PackLoader:240 - Cannot read IP mode file for STMicroelectronics.X-CUBE-SFXS2LP1.4.0.0
2026-04-20 09:31:40,113 [WARN] PackLoader:240 - Cannot read IP mode file for STMicroelectronics.X-CUBE-WB05N.2.1.0
2026-04-20 09:31:40,143 [WARN] PackLoader:240 - Cannot read IP mode file for STMicroelectronics.X-CUBE-ST67W61.1.2.0
2026-04-20 09:31:40,173 [WARN] PackLoader:240 - Cannot read IP mode file for STMicroelectronics.X-CUBE-BLEMGR.4.1.0
2026-04-20 09:31:40,218 [WARN] ConditionMgr:438 - getConditionDescription Invalid condition id : UX DEVICE CLASS RTOS Condition cause : null
2026-04-20 09:31:40,220 [WARN] ConditionMgr:438 - getConditionDescription Invalid condition id : UX DEVICE CLASS RTOS Condition cause : null
2026-04-20 09:31:40,225 [WARN] PackLoader:240 - Cannot read IP mode file for STMicroelectronics.X-CUBE-AZRTOS-WB.2.0.0
2026-04-20 09:31:40,225 [WARN] ConditionMgr:1044 - genDependencies : Invalid condition id : UX DEVICE CLASS RTOS Condition cause : null
2026-04-20 09:31:40,225 [WARN] ConditionMgr:1044 - genDependencies : Invalid condition id : UX DEVICE CLASS RTOS Condition cause : null
2026-04-20 09:31:40,228 [WARN] ConditionMgr:1044 - genDependencies : Invalid condition id : UX DEVICE CLASS RTOS Condition cause : null
2026-04-20 09:31:40,228 [WARN] ConditionMgr:1044 - genDependencies : Invalid condition id : UX DEVICE CLASS RTOS Condition cause : null
2026-04-20 09:31:40,228 [WARN] ConditionMgr:1044 - genDependencies : Invalid condition id : UX DEVICE CLASS RTOS Condition cause : null
2026-04-20 09:31:40,255 [WARN] ConditionMgr:438 - getConditionDescription Invalid condition id : Cortex-A Device cause : null
2026-04-20 09:31:40,295 [WARN] ConditionMgr:1044 - genDependencies : Invalid condition id : Cortex-A Device cause : null
2026-04-20 09:31:40,295 [WARN] ConditionMgr:1044 - genDependencies : Invalid condition id : Cortex-A Device cause : null
2026-04-20 09:31:40,295 [WARN] ConditionMgr:1044 - genDependencies : Invalid condition id : Cortex-A Device cause : null
2026-04-20 09:31:40,339 [WARN] PackLoader:240 - Cannot read IP mode file for STMicroelectronics.X-CUBE-STSE01.2.0.0
2026-04-20 09:31:40,375 [WARN] PackLoader:240 - Cannot read IP mode file for STMicroelectronics.X-CUBE-SUBG2.5.0.0
2026-04-20 09:31:40,421 [WARN] PackLoader:240 - Cannot read IP mode file for STMicroelectronics.X-CUBE-AZRTOS-G4.2.0.0
2026-04-20 09:31:40,439 [WARN] PackLoader:240 - Cannot read IP mode file for wolfSSL.I-CUBE-wolfSSH.1.4.20
2026-04-20 09:31:40,477 [WARN] PackLoader:240 - Cannot read IP mode file for STMicroelectronics.X-CUBE-NFC7.2.0.0
2026-04-20 09:31:40,520 [WARN] PackLoader:240 - Cannot read IP mode file for STMicroelectronics.X-CUBE-ALS.1.0.2
2026-04-20 09:31:40,578 [WARN] PackLoader:240 - Cannot read IP mode file for STMicroelectronics.X-CUBE-TOF1.3.4.3
2026-04-20 09:31:40,787 [INFO] ThirdParty:978 - Integrity check success = true
2026-04-20 09:31:40,791 [INFO] IntegrityCheckThread:100 - exiting critical section [integrity check]
2026-04-20 09:31:40,792 [INFO] IntegrityCheckThread:103 - End integrity checks thread
2026-04-20 09:31:49,441 [INFO] WebApp:194 - Connection lost
2026-04-20 09:31:49,777 [INFO] WebApp:191 - Connection restablished
2026-04-20 10:30:03,780 [INFO] WebApp:194 - Connection lost
2026-04-20 10:30:04,426 [INFO] WebApp:191 - Connection restablished
2026-04-20 11:30:05,353 [INFO] WebApp:194 - Connection lost
2026-04-20 11:30:05,866 [INFO] WebApp:191 - Connection restablished
2026-04-20 12:20:06,665 [INFO] WebApp:194 - Connection lost
2026-04-20 12:20:17,963 [INFO] WebApp:191 - Connection restablished
2026-04-20 14:03:25,583 [INFO] WebApp:194 - Connection lost
2026-04-20 14:03:25,805 [INFO] WebApp:191 - Connection restablished
2026-04-20 14:03:26,935 [INFO] WebApp:194 - Connection lost
2026-04-20 14:03:27,256 [INFO] WebApp:191 - Connection restablished
2026-04-20 15:03:28,193 [INFO] WebApp:194 - Connection lost
2026-04-20 15:03:28,738 [INFO] WebApp:191 - Connection restablished
2026-04-20 16:03:29,827 [INFO] WebApp:194 - Connection lost
2026-04-20 16:03:31,164 [INFO] WebApp:191 - Connection restablished
2026-04-20 17:03:31,309 [INFO] WebApp:194 - Connection lost
2026-04-20 17:03:32,853 [INFO] WebApp:191 - Connection restablished
2026-04-20 18:03:32,715 [INFO] WebApp:194 - Connection lost
2026-04-20 18:03:34,311 [INFO] WebApp:191 - Connection restablished
2026-04-20 19:03:37,455 [INFO] WebApp:194 - Connection lost
2026-04-20 19:03:38,792 [INFO] WebApp:191 - Connection restablished
2026-04-20 20:03:51,596 [INFO] WebApp:194 - Connection lost
2026-04-20 20:03:52,752 [INFO] WebApp:191 - Connection restablished
2026-04-20 21:02:59,090 [ERROR] LogOutputStream:75 - [STDERR_REDIRECT] 
2026-04-20 21:02:59,106 [ERROR] LogOutputStream:75 - [STDERR_REDIRECT] 
