2026-04-24 09:31:50,563 [INFO] Activator:176 - 


2026-04-24 09:31:50,571 [INFO] Activator:177 - !SESSION log4j initialized
2026-04-24 09:31:58,444 [INFO] LogOutputStream:77 - [STDOUT_REDIRECT] 
2026-04-24 09:31:59,527 [INFO] ApplicationProperties:184 - Using Application install path: C:\ST\STM32CubeIDE_1.19.0\STM32CubeIDE\plugins\com.st.stm32cube.common.mx_6.15.0.202507011659
2026-04-24 09:31:59,559 [INFO] DbMcusXml:78 - Set database path to: C:\ST\STM32CubeIDE_1.19.0\STM32CubeIDE\plugins\com.st.stm32cube.common.mx_6.15.0.202507011659\\db\/mcu/
2026-04-24 09:31:59,559 [INFO] ApiDb:274 - Set plugin database path to: C:\ST\STM32CubeIDE_1.19.0\STM32CubeIDE\plugins\com.st.stm32cube.common.mx_6.15.0.202507011659\\db\/plugins/boardmanager/
2026-04-24 09:31:59,560 [WARN] ApiDb:259 - Overriding images path with different value:  => C:\ST\STM32CubeIDE_1.19.0\STM32CubeIDE\plugins\com.st.stm32cube.common.mx_6.15.0.202507011659\\db\/plugins/mcufinder/images/
2026-04-24 09:31:59,578 [INFO] ApiDb:250 - Set database path to: C:\Users\vamsh\.stmcufinder\plugins\mcufinder//mcu/
2026-04-24 09:31:59,579 [INFO] DbMcusAds:125 - Set database path to: C:\Users\vamsh\.stmcufinder\plugins\mcufinder//mcu/
2026-04-24 09:31:59,583 [INFO] CrossReferenceDbSqlite:203 - Set database path to: C:\Users\vamsh\.stmcufinder\plugins\mcufinder//mcu/cs/
2026-04-24 09:31:59,764 [INFO] RulesReader:64 - Compatibility file has been processed (317 Rules)
2026-04-24 09:31:59,881 [INFO] DbMcusXml:78 - Set database path to: C:\ST\STM32CubeIDE_1.19.0\STM32CubeIDE\plugins\com.st.stm32cube.common.mx_6.15.0.202507011659\\db\/mcu/
2026-04-24 09:31:59,881 [INFO] ApiDb:274 - Set plugin database path to: C:\ST\STM32CubeIDE_1.19.0\STM32CubeIDE\plugins\com.st.stm32cube.common.mx_6.15.0.202507011659\\db\/plugins/boardmanager/
2026-04-24 09:31:59,881 [INFO] ApiDb:261 - Set plugin images path to: C:\ST\STM32CubeIDE_1.19.0\STM32CubeIDE\plugins\com.st.stm32cube.common.mx_6.15.0.202507011659\\db\/plugins/mcufinder/images/
2026-04-24 09:31:59,881 [WARN] DbFile:41 - Overriding database path with different value: C:\Users\vamsh\.stmcufinder\plugins\mcufinder/ => C:\Users\vamsh\.stmcufinder\plugins\mcufinder
2026-04-24 09:31:59,881 [INFO] ApiDb:250 - Set database path to: C:\Users\vamsh\.stmcufinder\plugins\mcufinder//mcu/
2026-04-24 09:31:59,881 [WARN] DbFile:41 - Overriding database path with different value: C:\Users\vamsh\.stmcufinder\plugins\mcufinder/ => C:\Users\vamsh\.stmcufinder\plugins\mcufinder
2026-04-24 09:31:59,882 [INFO] DbMcusAds:125 - Set database path to: C:\Users\vamsh\.stmcufinder\plugins\mcufinder//mcu/
2026-04-24 09:31:59,882 [WARN] DbFile:41 - Overriding database path with different value: C:\Users\vamsh\.stmcufinder\plugins\mcufinder/ => C:\Users\vamsh\.stmcufinder\plugins\mcufinder
2026-04-24 09:31:59,882 [WARN] DbFile:41 - Overriding database path with different value: C:\Users\vamsh\.stmcufinder\plugins\mcufinder/ => C:\Users\vamsh\.stmcufinder\plugins\mcufinder
2026-04-24 09:31:59,882 [INFO] CrossReferenceDbSqlite:203 - Set database path to: C:\Users\vamsh\.stmcufinder\plugins\mcufinder//mcu/cs/
2026-04-24 09:31:59,968 [INFO] MainPanel:274 - HeapMemory: 268435456
2026-04-24 09:32:00,100 [INFO] DbMcusXml:78 - Set database path to: C:\ST\STM32CubeIDE_1.19.0\STM32CubeIDE\plugins\com.st.stm32cube.common.mx_6.15.0.202507011659\\db\/mcu/
2026-04-24 09:32:00,100 [INFO] ApiDb:274 - Set plugin database path to: C:\ST\STM32CubeIDE_1.19.0\STM32CubeIDE\plugins\com.st.stm32cube.common.mx_6.15.0.202507011659\\db\/plugins/boardmanager/
2026-04-24 09:32:00,100 [INFO] ApiDb:261 - Set plugin images path to: C:\ST\STM32CubeIDE_1.19.0\STM32CubeIDE\plugins\com.st.stm32cube.common.mx_6.15.0.202507011659\\db\/plugins/mcufinder/images/
2026-04-24 09:32:00,101 [WARN] DbFile:41 - Overriding database path with different value: C:\Users\vamsh\.stmcufinder\plugins\mcufinder/ => C:\Users\vamsh\.stmcufinder\plugins\mcufinder
2026-04-24 09:32:00,101 [INFO] ApiDb:250 - Set database path to: C:\Users\vamsh\.stmcufinder\plugins\mcufinder//mcu/
2026-04-24 09:32:00,101 [WARN] DbFile:41 - Overriding database path with different value: C:\Users\vamsh\.stmcufinder\plugins\mcufinder/ => C:\Users\vamsh\.stmcufinder\plugins\mcufinder
2026-04-24 09:32:00,101 [INFO] DbMcusAds:125 - Set database path to: C:\Users\vamsh\.stmcufinder\plugins\mcufinder//mcu/
2026-04-24 09:32:00,101 [WARN] DbFile:41 - Overriding database path with different value: C:\Users\vamsh\.stmcufinder\plugins\mcufinder/ => C:\Users\vamsh\.stmcufinder\plugins\mcufinder
2026-04-24 09:32:00,101 [WARN] DbFile:41 - Overriding database path with different value: C:\Users\vamsh\.stmcufinder\plugins\mcufinder/ => C:\Users\vamsh\.stmcufinder\plugins\mcufinder
2026-04-24 09:32:00,101 [INFO] CrossReferenceDbSqlite:203 - Set database path to: C:\Users\vamsh\.stmcufinder\plugins\mcufinder//mcu/cs/
2026-04-24 09:32:00,125 [INFO] ApplicationProperties:184 - Using Application install path: C:\ST\STM32CubeIDE_1.19.0\STM32CubeIDE\plugins\com.st.stm32cube.common.mx_6.15.0.202507011659
2026-04-24 09:32:00,127 [INFO] PluginManage:196 - Search for loadable plugins [exclusion list=, ]
2026-04-24 09:32:00,129 [INFO] PluginManage:310 - Check plugin analytics
2026-04-24 09:32:00,384 [INFO] AnalyticsPlugin:253 - Accepted Software Licenses: 
2026-04-24 09:32:00,385 [INFO] AnalyticsPlugin:255 - Accepted CMSIS Pack Licenses: 
2026-04-24 09:32:00,385 [INFO] AnalyticsPlugin:257 - Accepted Firmware Licenses: FW.L4.1.18.0
2026-04-24 09:32:00,392 [INFO] PluginManage:359 - Loaded plugin analytics (category:tool,tabindex:-1)
2026-04-24 09:32:00,393 [INFO] PluginManage:310 - Check plugin cadmodel
2026-04-24 09:32:00,402 [INFO] CADModel:105 - Init CAD model plugin
2026-04-24 09:32:00,402 [INFO] PluginManage:359 - Loaded plugin cadmodel (category:power,tabindex:5)
2026-04-24 09:32:00,403 [INFO] PluginManage:310 - Check plugin clock
2026-04-24 09:32:00,416 [INFO] PluginManage:359 - Loaded plugin clock (category:base,tabindex:2)
2026-04-24 09:32:00,416 [INFO] PluginManage:310 - Check plugin ddr
2026-04-24 09:32:00,421 [INFO] PluginManage:359 - Loaded plugin ddr (category:tool,tabindex:6)
2026-04-24 09:32:00,421 [INFO] PluginManage:310 - Check plugin filemanager
2026-04-24 09:32:00,591 [INFO] PluginManage:359 - Loaded plugin filemanager (category:base,tabindex:10)
2026-04-24 09:32:00,591 [INFO] PluginManage:310 - Check plugin ipmanager
2026-04-24 09:32:00,598 [INFO] PluginManage:359 - Loaded plugin ipmanager (category:base,tabindex:5)
2026-04-24 09:32:00,598 [INFO] PluginManage:310 - Check plugin lpbam
2026-04-24 09:32:00,607 [INFO] PluginManage:359 - Loaded plugin lpbam (category:base,tabindex:0)
2026-04-24 09:32:00,607 [INFO] PluginManage:310 - Check plugin memorymap
2026-04-24 09:32:00,626 [INFO] PluginManage:359 - Loaded plugin memorymap (category:base,tabindex:4)
2026-04-24 09:32:00,626 [INFO] PluginManage:310 - Check plugin pinoutandconfiguration
2026-04-24 09:32:00,638 [INFO] PluginManage:359 - Loaded plugin pinoutandconfiguration (category:base,tabindex:1)
2026-04-24 09:32:00,638 [INFO] PluginManage:310 - Check plugin pinoutconfig
2026-04-24 09:32:00,718 [WARN] SupportedApi:132 - Cannot load RTOS API schema: s4s-elt-must-match.1: The content of 'definitions' must match (annotation?, (simpleType | complexType)?, (unique | key | keyref)*)). A problem was found starting at: attribute.
2026-04-24 09:32:00,862 [INFO] PluginManage:359 - Loaded plugin pinoutconfig (category:base,tabindex:0)
2026-04-24 09:32:00,862 [INFO] PluginManage:310 - Check plugin power
2026-04-24 09:32:00,875 [INFO] PluginManage:359 - Loaded plugin power (category:power,tabindex:4)
2026-04-24 09:32:00,875 [INFO] PluginManage:310 - Check plugin projectmanager
2026-04-24 09:32:00,892 [INFO] PluginManage:359 - Loaded plugin projectmanager (category:projectmanager,tabindex:4)
2026-04-24 09:32:00,893 [INFO] PluginManage:310 - Check plugin rif
2026-04-24 09:32:00,904 [INFO] PluginManage:359 - Loaded plugin rif (category:base,tabindex:3)
2026-04-24 09:32:00,905 [INFO] PluginManage:310 - Check plugin thirdparty
2026-04-24 09:32:01,099 [INFO] PluginManage:359 - Loaded plugin thirdparty (category:base,tabindex:-1)
2026-04-24 09:32:01,100 [INFO] PluginManage:310 - Check plugin tools
2026-04-24 09:32:01,100 [WARN] IntegrityCheckThread:84 - waiting for thirdparty lock release [integrity check]
2026-04-24 09:32:01,100 [INFO] IntegrityCheckThread:86 - entering critical section [integrity check]
2026-04-24 09:32:01,101 [INFO] ThirdPartyUpdaterWithRetryManager:70 - Updater plugin not ready yet. [1/15]
2026-04-24 09:32:01,104 [INFO] PluginManage:359 - Loaded plugin tools (category:base,tabindex:7)
2026-04-24 09:32:01,104 [INFO] PluginManage:310 - Check plugin tutovideos
2026-04-24 09:32:01,376 [INFO] PluginManage:359 - Loaded plugin tutovideos (category:base,tabindex:-1)
2026-04-24 09:32:01,376 [INFO] PluginManage:310 - Check plugin updater
2026-04-24 09:32:01,408 [INFO] PluginManage:359 - Loaded plugin updater (category:base,tabindex:12)
2026-04-24 09:32:01,408 [INFO] PluginManage:310 - Check plugin userauth
2026-04-24 09:32:01,416 [INFO] UserAuth:118 - Init User Auth plugin
2026-04-24 09:32:01,418 [INFO] PluginManage:359 - Loaded plugin userauth (category:base,tabindex:14)
2026-04-24 09:32:01,419 [INFO] PluginManage:283 - PluginManage : Loaded plugins [18]
2026-04-24 09:32:01,793 [INFO] PinOutPanel:1589 - setPackage(No Configuration,No Configuration)
2026-04-24 09:32:01,908 [INFO] CADModel:165 - CPN selected for project level
2026-04-24 09:32:01,909 [INFO] CADModel:114 - Register for checkConnection events
2026-04-24 09:32:01,937 [INFO] IPUIPlugin:80 - create IPUIPlugin
2026-04-24 09:32:01,937 [INFO] PluginManager:220 - loadIPPluginJar : add adc
2026-04-24 09:32:01,942 [INFO] IPUIPlugin:80 - create IPUIPlugin
2026-04-24 09:32:01,943 [INFO] PluginManager:220 - loadIPPluginJar : add aes
2026-04-24 09:32:01,948 [INFO] IPUIPlugin:80 - create IPUIPlugin
2026-04-24 09:32:01,948 [INFO] PluginManager:220 - loadIPPluginJar : add can
2026-04-24 09:32:01,950 [INFO] IPUIPlugin:80 - create IPUIPlugin
2026-04-24 09:32:01,951 [INFO] PluginManager:220 - loadIPPluginJar : add comp
2026-04-24 09:32:01,955 [INFO] IPUIPlugin:80 - create IPUIPlugin
2026-04-24 09:32:01,955 [INFO] PluginManager:220 - loadIPPluginJar : add cryp
2026-04-24 09:32:01,962 [INFO] IPUIPlugin:80 - create IPUIPlugin
2026-04-24 09:32:01,962 [INFO] PluginManager:220 - loadIPPluginJar : add ddr_ctrl_phy
2026-04-24 09:32:01,966 [INFO] IPUIPlugin:80 - create IPUIPlugin
2026-04-24 09:32:01,966 [INFO] PluginManager:220 - loadIPPluginJar : add dfsdm
2026-04-24 09:32:01,973 [INFO] IPUIPlugin:80 - create IPUIPlugin
2026-04-24 09:32:01,974 [INFO] PluginManager:220 - loadIPPluginJar : add dma
2026-04-24 09:32:01,978 [INFO] IPUIPlugin:80 - create IPUIPlugin
2026-04-24 09:32:01,979 [INFO] PluginManager:220 - loadIPPluginJar : add dma3
2026-04-24 09:32:01,982 [INFO] IPUIPlugin:80 - create IPUIPlugin
2026-04-24 09:32:01,982 [INFO] PluginManager:220 - loadIPPluginJar : add extmemmanager
2026-04-24 09:32:01,985 [INFO] IPUIPlugin:80 - create IPUIPlugin
2026-04-24 09:32:01,985 [INFO] PluginManager:220 - loadIPPluginJar : add fatfs
2026-04-24 09:32:01,991 [INFO] IPUIPlugin:80 - create IPUIPlugin
2026-04-24 09:32:01,991 [INFO] PluginManager:220 - loadIPPluginJar : add fmc
2026-04-24 09:32:02,001 [INFO] IPUIPlugin:80 - create IPUIPlugin
2026-04-24 09:32:02,001 [INFO] PluginManager:220 - loadIPPluginJar : add freertos
2026-04-24 09:32:02,003 [INFO] IPUIPlugin:80 - create IPUIPlugin
2026-04-24 09:32:02,003 [INFO] PluginManager:220 - loadIPPluginJar : add genericplugin
2026-04-24 09:32:02,008 [INFO] IPUIPlugin:80 - create IPUIPlugin
2026-04-24 09:32:02,008 [INFO] PluginManager:220 - loadIPPluginJar : add gfxmmu
2026-04-24 09:32:02,014 [INFO] IPUIPlugin:80 - create IPUIPlugin
2026-04-24 09:32:02,014 [INFO] PluginManager:220 - loadIPPluginJar : add gic
2026-04-24 09:32:02,021 [INFO] IPUIPlugin:80 - create IPUIPlugin
2026-04-24 09:32:02,022 [INFO] PluginManager:220 - loadIPPluginJar : add gpio
2026-04-24 09:32:02,026 [INFO] IPUIPlugin:80 - create IPUIPlugin
2026-04-24 09:32:02,026 [INFO] PluginManager:220 - loadIPPluginJar : add gtzc
2026-04-24 09:32:02,031 [INFO] IPUIPlugin:80 - create IPUIPlugin
2026-04-24 09:32:02,031 [INFO] PluginManager:220 - loadIPPluginJar : add hash
2026-04-24 09:32:02,035 [INFO] IPUIPlugin:80 - create IPUIPlugin
2026-04-24 09:32:02,036 [INFO] PluginManager:220 - loadIPPluginJar : add i2c
2026-04-24 09:32:02,041 [INFO] IPUIPlugin:80 - create IPUIPlugin
2026-04-24 09:32:02,041 [INFO] PluginManager:220 - loadIPPluginJar : add i2s
2026-04-24 09:32:02,046 [INFO] IPUIPlugin:80 - create IPUIPlugin
2026-04-24 09:32:02,046 [INFO] PluginManager:220 - loadIPPluginJar : add i3c
2026-04-24 09:32:02,050 [INFO] IPUIPlugin:80 - create IPUIPlugin
2026-04-24 09:32:02,050 [INFO] PluginManager:220 - loadIPPluginJar : add ipddr
2026-04-24 09:32:02,059 [INFO] IPUIPlugin:80 - create IPUIPlugin
2026-04-24 09:32:02,060 [INFO] PluginManager:220 - loadIPPluginJar : add linkedlist
2026-04-24 09:32:02,065 [INFO] IPUIPlugin:80 - create IPUIPlugin
2026-04-24 09:32:02,065 [INFO] PluginManager:220 - loadIPPluginJar : add lorawan
2026-04-24 09:32:02,069 [INFO] IPUIPlugin:80 - create IPUIPlugin
2026-04-24 09:32:02,069 [INFO] PluginManager:220 - loadIPPluginJar : add ltdc
2026-04-24 09:32:02,078 [INFO] IPUIPlugin:80 - create IPUIPlugin
2026-04-24 09:32:02,078 [INFO] PluginManager:220 - loadIPPluginJar : add mdma
2026-04-24 09:32:02,084 [INFO] IPUIPlugin:80 - create IPUIPlugin
2026-04-24 09:32:02,084 [INFO] PluginManager:220 - loadIPPluginJar : add nvic
2026-04-24 09:32:02,090 [INFO] IPUIPlugin:80 - create IPUIPlugin
2026-04-24 09:32:02,090 [INFO] PluginManager:220 - loadIPPluginJar : add opamp
2026-04-24 09:32:02,097 [INFO] IPUIPlugin:80 - create IPUIPlugin
2026-04-24 09:32:02,097 [INFO] PluginManager:220 - loadIPPluginJar : add openamp
2026-04-24 09:32:02,103 [INFO] IPUIPlugin:80 - create IPUIPlugin
2026-04-24 09:32:02,103 [INFO] PluginManager:220 - loadIPPluginJar : add pdm2pcm
2026-04-24 09:32:02,111 [INFO] IPUIPlugin:80 - create IPUIPlugin
2026-04-24 09:32:02,115 [INFO] PluginManager:220 - loadIPPluginJar : add plateformsettings
2026-04-24 09:32:02,119 [INFO] IPUIPlugin:80 - create IPUIPlugin
2026-04-24 09:32:02,120 [INFO] PluginManager:220 - loadIPPluginJar : add quadspi
2026-04-24 09:32:02,124 [INFO] IPUIPlugin:80 - create IPUIPlugin
2026-04-24 09:32:02,124 [INFO] PluginManager:220 - loadIPPluginJar : add radio
2026-04-24 09:32:02,130 [INFO] IPUIPlugin:80 - create IPUIPlugin
2026-04-24 09:32:02,130 [INFO] PluginManager:220 - loadIPPluginJar : add resmgrutility
2026-04-24 09:32:02,134 [INFO] IPUIPlugin:80 - create IPUIPlugin
2026-04-24 09:32:02,134 [INFO] PluginManager:220 - loadIPPluginJar : add sai
2026-04-24 09:32:02,137 [INFO] IPUIPlugin:80 - create IPUIPlugin
2026-04-24 09:32:02,137 [INFO] PluginManager:220 - loadIPPluginJar : add spi
2026-04-24 09:32:02,145 [INFO] IPUIPlugin:80 - create IPUIPlugin
2026-04-24 09:32:02,145 [INFO] PluginManager:220 - loadIPPluginJar : add stm32_wpan
2026-04-24 09:32:02,147 [INFO] IPUIPlugin:80 - create IPUIPlugin
2026-04-24 09:32:02,147 [INFO] PluginManager:220 - loadIPPluginJar : add tim
2026-04-24 09:32:02,152 [INFO] IPUIPlugin:80 - create IPUIPlugin
2026-04-24 09:32:02,152 [INFO] PluginManager:220 - loadIPPluginJar : add touchsensing
2026-04-24 09:32:02,155 [INFO] IPUIPlugin:80 - create IPUIPlugin
2026-04-24 09:32:02,155 [INFO] PluginManager:220 - loadIPPluginJar : add tracer_emb
2026-04-24 09:32:02,158 [INFO] IPUIPlugin:80 - create IPUIPlugin
2026-04-24 09:32:02,158 [INFO] PluginManager:220 - loadIPPluginJar : add ts
2026-04-24 09:32:02,161 [INFO] IPUIPlugin:80 - create IPUIPlugin
2026-04-24 09:32:02,161 [INFO] PluginManager:220 - loadIPPluginJar : add tsc
2026-04-24 09:32:02,163 [INFO] IPUIPlugin:80 - create IPUIPlugin
2026-04-24 09:32:02,164 [INFO] PluginManager:220 - loadIPPluginJar : add ucpd
2026-04-24 09:32:02,167 [INFO] IPUIPlugin:80 - create IPUIPlugin
2026-04-24 09:32:02,167 [INFO] PluginManager:220 - loadIPPluginJar : add usart
2026-04-24 09:32:02,171 [INFO] IPUIPlugin:80 - create IPUIPlugin
2026-04-24 09:32:02,171 [INFO] PluginManager:220 - loadIPPluginJar : add usbx
2026-04-24 09:32:02,309 [FATAL] Updater:351 - Updater called before beeing initialized
2026-04-24 09:32:02,341 [INFO] RulesReader:64 - Compatibility file has been processed (317 Rules)
2026-04-24 09:32:02,354 [INFO] RulesReader:64 - Compatibility file has been processed (317 Rules)
2026-04-24 09:32:02,365 [INFO] CADModel:165 - CPN selected for project level
2026-04-24 09:32:02,365 [INFO] CADModel:114 - Register for checkConnection events
2026-04-24 09:32:02,365 [FATAL] Updater:351 - Updater called before beeing initialized
2026-04-24 09:32:02,365 [ERROR] CADModel:125 - Updater not yet initialized, retry later 
2026-04-24 09:32:02,556 [FATAL] Updater:351 - Updater called before beeing initialized
2026-04-24 09:32:02,559 [INFO] CADModel:165 - CPN selected for project level
2026-04-24 09:32:02,559 [INFO] CADModel:114 - Register for checkConnection events
2026-04-24 09:32:02,560 [FATAL] Updater:351 - Updater called before beeing initialized
2026-04-24 09:32:02,560 [ERROR] CADModel:125 - Updater not yet initialized, retry later 
2026-04-24 09:32:02,564 [FATAL] Updater:351 - Updater called before beeing initialized
2026-04-24 09:32:02,700 [FATAL] Updater:351 - Updater called before beeing initialized
2026-04-24 09:32:02,705 [INFO] DbMcusAds:53 - JSON generation date=Fri Apr 10 14:49:02 IST 2026 (1775812742310)
2026-04-24 09:32:02,705 [FATAL] Updater:351 - Updater called before beeing initialized
2026-04-24 09:32:02,769 [WARN] DetailPanel:346 - Failed to get advertising image, set to default
2026-04-24 09:32:02,982 [FATAL] Updater:351 - Updater called before beeing initialized
2026-04-24 09:32:02,986 [FATAL] Updater:351 - Updater called before beeing initialized
2026-04-24 09:32:02,986 [FATAL] Updater:351 - Updater called before beeing initialized
2026-04-24 09:32:02,987 [WARN] DetailPanel:346 - Failed to get advertising image, set to default
2026-04-24 09:32:02,989 [FATAL] Updater:351 - Updater called before beeing initialized
2026-04-24 09:32:03,098 [ERROR] Updater:1198 - MainUpdater not yet initialized. External WinMGr cannot be set.
2026-04-24 09:32:03,101 [INFO] Updater:1134 - Updater Version found : 6.15.0
2026-04-24 09:32:03,127 [INFO] ApplicationProperties:184 - Using Application install path: C:\ST\STM32CubeIDE_1.19.0\STM32CubeIDE\plugins\com.st.stm32cube.common.mx_6.15.0.202507011659
2026-04-24 09:32:04,102 [INFO] ThirdPartyUpdaterWithRetryManager:70 - Updater plugin not ready yet. [2/15]
2026-04-24 09:32:04,706 [ERROR] LogOutputStream:75 - [STDERR_REDIRECT] Apr 24, 2026 9:32:04 AM java.util.prefs.WindowsPreferences <init>
2026-04-24 09:32:04,708 [ERROR] LogOutputStream:75 - [STDERR_REDIRECT] WARNING: Could not open/create prefs root node Software\JavaSoft\Prefs at root 0xffffffff80000002. Windows RegCreateKeyEx(...) returned error code 5.
2026-04-24 09:32:04,708 [ERROR] LogOutputStream:75 - [STDERR_REDIRECT] 
2026-04-24 09:32:05,292 [INFO] MainUpdater:2872 - connection check result : 10
2026-04-24 09:32:05,293 [INFO] MainUpdater:289 - Updater Check For Update Now.
2026-04-24 09:32:05,293 [INFO] MicroXplorer:498 - Change Database Version : DB.6.0.150
2026-04-24 09:32:05,300 [INFO] McuFinderGlobals:63 - Set McuFinder mode to 2 (CubeIDE integrated)
2026-04-24 09:32:05,302 [INFO] UserAuth:487 - Internet connection configuration mode: 1
2026-04-24 09:32:05,361 [INFO] JxBrowserEngine:152 - Initiate JxBrowser Engine with user profile folder
2026-04-24 09:32:05,525 [INFO] CheckServerUpdateThread:120 - End of CheckServer Thread
2026-04-24 09:32:07,000 [INFO] WebApp:169 - Instantiating new browser for Auth
2026-04-24 09:32:07,805 [WARN] PackLoader:240 - Cannot read IP mode file for STMicroelectronics.X-CUBE-AZRTOS-H7.3.5.0
2026-04-24 09:32:07,821 [WARN] PackLoader:240 - Cannot read IP mode file for STMicroelectronics.FP-ATR-ASTRA1.2.0.2
2026-04-24 09:32:07,843 [WARN] PackLoader:240 - Cannot read IP mode file for STMicroelectronics.X-CUBE-SMBUS.2.1.0
2026-04-24 09:32:07,878 [WARN] PackLoader:240 - Cannot read IP mode file for STMicroelectronics.X-CUBE-AZRTOS-F7.1.1.0
2026-04-24 09:32:07,891 [WARN] PackLoader:240 - Cannot read IP mode file for STMicroelectronics.FP-SNS-MOTENV1.5.1.0
2026-04-24 09:32:07,916 [WARN] PackLoader:240 - Cannot read IP mode file for WES.I-CUBE-Cesium.1.4.0
2026-04-24 09:32:07,937 [WARN] PackLoader:240 - Cannot read IP mode file for STMicroelectronics.X-CUBE-DISPLAY.3.0.0
2026-04-24 09:32:07,954 [WARN] PackLoader:240 - Cannot read IP mode file for STMicroelectronics.FP-SNS-MOTENVWB1.1.5.0
2026-04-24 09:32:07,977 [WARN] PackLoader:240 - Cannot read IP mode file for STMicroelectronics.X-CUBE-NFC10.1.0.0
2026-04-24 09:32:07,991 [WARN] PackLoader:240 - Cannot read IP mode file for STMicroelectronics.X-CUBE-ST60.1.1.0
2026-04-24 09:32:08,004 [WARN] PackLoader:240 - Cannot read IP mode file for emotas.I-CUBE-CANOPEN.1.3.0
2026-04-24 09:32:08,013 [WARN] PackLoader:240 - Cannot read IP mode file for STMicroelectronics.X-CUBE-GNSS1.7.1.0
2026-04-24 09:32:08,028 [WARN] PackLoader:240 - Cannot read IP mode file for STMicroelectronics.FP-SNS-STBOX1.2.1.0
2026-04-24 09:32:08,039 [WARN] PackLoader:240 - Cannot read IP mode file for STMicroelectronics.FP-SNS-SMARTAG2.1.2.0
2026-04-24 09:32:08,049 [WARN] PackLoader:240 - Cannot read IP mode file for STMicroelectronics.FP-SNS-FLIGHT1.5.1.0
2026-04-24 09:32:08,074 [INFO] LogOutputStream:77 - [STDOUT_REDIRECT] 1 : Invalid condition id : UX_CORESTACK_Condition cause : null
2026-04-24 09:32:08,076 [INFO] LogOutputStream:77 - [STDOUT_REDIRECT] 1 : Invalid condition id : UX_CORESTACK_Condition cause : null
2026-04-24 09:32:08,079 [INFO] LogOutputStream:77 - [STDOUT_REDIRECT] 1 : Invalid condition id : UX_CORESTACK_Condition cause : null
2026-04-24 09:32:08,081 [INFO] LogOutputStream:77 - [STDOUT_REDIRECT] 1 : Invalid condition id : UX_CORESTACK_Condition cause : null
2026-04-24 09:32:08,084 [INFO] LogOutputStream:77 - [STDOUT_REDIRECT] 1 : Invalid condition id : UX_CORESTACK_Condition cause : null
2026-04-24 09:32:08,089 [WARN] PackLoader:240 - Cannot read IP mode file for STMicroelectronics.X-CUBE-AZRTOS-WL.2.0.0
2026-04-24 09:32:08,139 [WARN] PackLoader:240 - Cannot read IP mode file for STMicroelectronics.X-CUBE-AZRTOS-H7RS.1.2.0
2026-04-24 09:32:08,163 [WARN] PackLoader:240 - Cannot read IP mode file for STMicroelectronics.X-CUBE-BLE2.3.3.0
2026-04-24 09:32:08,232 [WARN] PackLoader:240 - Cannot read IP mode file for Infineon.AIROC-Wi-Fi-Bluetooth-STM32.1.8.0
2026-04-24 09:32:08,252 [WARN] PackLoader:240 - Cannot read IP mode file for STMicroelectronics.X-CUBE-NFC9.1.0.0
2026-04-24 09:32:08,263 [WARN] PackLoader:240 - Cannot read IP mode file for STMicroelectronics.X-CUBE-BLE1.7.1.0
2026-04-24 09:32:08,272 [WARN] PackLoader:240 - Cannot read IP mode file for wolfSSL.I-CUBE-wolfMQTT.1.19.2
2026-04-24 09:32:08,283 [WARN] PackLoader:240 - Cannot read IP mode file for STMicroelectronics.X-CUBE-EEPRMA1.5.2.0
2026-04-24 09:32:08,290 [WARN] PackLoader:240 - Cannot read IP mode file for wolfSSL.I-CUBE-wolfSSL.5.8.4
2026-04-24 09:32:08,297 [WARN] PackLoader:240 - Cannot read IP mode file for Cesanta.I-CUBE-Mongoose.7.20.0
2026-04-24 09:32:08,346 [WARN] PackLoader:240 - Cannot read IP mode file for STMicroelectronics.X-CUBE-MEMS1.12.0.0
2026-04-24 09:32:08,598 [WARN] PackLoader:240 - Cannot read IP mode file for STMicroelectronics.X-CUBE-AZRTOS-G0.1.1.0
2026-04-24 09:32:08,628 [WARN] PackLoader:240 - Cannot read IP mode file for STMicroelectronics.X-CUBE-NFC4.3.0.0
2026-04-24 09:32:08,665 [WARN] PackLoader:240 - Cannot read IP mode file for EmbeddedOffice.I-CUBE-FS-RTOS.1.0.1
2026-04-24 09:32:08,686 [WARN] PackLoader:240 - Cannot read IP mode file for STMicroelectronics.X-CUBE-WB05N.2.0.0
2026-04-24 09:32:08,699 [WARN] PackLoader:240 - Cannot read IP mode file for wolfSSL.I-CUBE-wolfTPM.3.8.0
2026-04-24 09:32:08,714 [WARN] PackLoader:240 - Cannot read IP mode file for STMicroelectronics.X-CUBE-TCPP.4.2.0
2026-04-24 09:32:08,731 [WARN] PackLoader:240 - Cannot read IP mode file for RealThread.X-CUBE-RT-Thread_Nano.4.1.1
2026-04-24 09:32:08,746 [WARN] PackLoader:240 - Cannot read IP mode file for STMicroelectronics.FP-ATR-SIGFOX1.3.2.0
2026-04-24 09:32:08,763 [WARN] PackLoader:240 - Cannot read IP mode file for STMicroelectronics.X-CUBE-FREERTOS.1.5.0
2026-04-24 09:32:08,786 [WARN] PackLoader:240 - Cannot read IP mode file for ITTIA_DB.I-CUBE-ITTIADB.8.9.0
2026-04-24 09:32:08,805 [WARN] PackLoader:240 - Cannot read IP mode file for STMicroelectronics.X-CUBE-NFC6.3.2.0
2026-04-24 09:32:08,823 [WARN] PackLoader:240 - Cannot read IP mode file for STMicroelectronics.X-CUBE-AI.10.2.0
2026-04-24 09:32:08,886 [WARN] PackLoader:240 - Cannot read IP mode file for SEGGER.I-CUBE-embOS.1.3.1
2026-04-24 09:32:08,960 [INFO] WebApp:463 - Apply proxy settings
2026-04-24 09:32:08,961 [INFO] WebApp:548 - Chromium requires no authentication
2026-04-24 09:32:08,979 [WARN] PackLoader:240 - Cannot read IP mode file for STMicroelectronics.X-CUBE-ALGOBUILD.1.4.0
2026-04-24 09:32:08,994 [WARN] PackLoader:240 - Cannot read IP mode file for STMicroelectronics.X-CUBE-PM33A1.1.0.0
2026-04-24 09:32:08,998 [INFO] WebApp:491 - Direct internet connection detected
2026-04-24 09:32:09,094 [WARN] PackLoader:240 - Cannot read IP mode file for STMicroelectronics.X-CUBE-AZRTOS-F4.1.1.0
2026-04-24 09:32:09,116 [WARN] PackLoader:240 - Cannot read IP mode file for STMicroelectronics.X-CUBE-ISPU.2.1.0
2026-04-24 09:32:09,145 [WARN] PackLoader:240 - Cannot read IP mode file for STMicroelectronics.X-CUBE-IPS.3.2.0
2026-04-24 09:32:09,167 [WARN] PackLoader:240 - Cannot read IP mode file for STMicroelectronics.eDS-WB_DPC_TT-BIDIR.2.1.1
2026-04-24 09:32:09,176 [INFO] WebApp:900 - Register for checkConnection events
2026-04-24 09:32:09,176 [INFO] WebApp:463 - Apply proxy settings
2026-04-24 09:32:09,178 [INFO] WebApp:548 - Chromium requires no authentication
2026-04-24 09:32:09,179 [INFO] WebApp:491 - Direct internet connection detected
2026-04-24 09:32:09,182 [WARN] PackLoader:240 - Cannot read IP mode file for STMicroelectronics.X-CUBE-NFC12.1.0.0
2026-04-24 09:32:09,204 [WARN] PackLoader:240 - Cannot read IP mode file for STMicroelectronics.X-CUBE-AZRTOS-L5.2.0.0
2026-04-24 09:32:09,214 [WARN] PackLoader:240 - Cannot read IP mode file for STMicroelectronics.eDS-WB_DPC_VIENNA.1.2.0
2026-04-24 09:32:09,221 [WARN] PackLoader:240 - Cannot read IP mode file for STMicroelectronics.eDS-WB_DPC_3PH2L-BIDIR.1.1.1
2026-04-24 09:32:09,229 [ERROR] Engine:466 - C:\Users\vamsh\.stm32cubemx\thirdparties\pdsc\STMicroelectronics.X-CUBE-ST67W61.1.3.0.pdsc: PDSC version is not supported
2026-04-24 09:32:09,240 [WARN] PackLoader:240 - Cannot read IP mode file for STMicroelectronics.X-CUBE-TOUCHGFX.4.26.1
2026-04-24 09:32:09,250 [WARN] PackLoader:240 - Cannot read IP mode file for STMicroelectronics.FP-SNS-STAIOTCFT.1.0.0
2026-04-24 09:32:09,264 [WARN] PackLoader:240 - Cannot read IP mode file for STMicroelectronics.X-CUBE-DPower.1.3.0
2026-04-24 09:32:09,296 [WARN] ConditionMgr:438 - getConditionDescription Invalid condition id : LAN8742 Phy interface Condition cause : null
2026-04-24 09:32:09,298 [WARN] PackLoader:240 - Cannot read IP mode file for STMicroelectronics.X-CUBE-AZRTOS-L4.2.0.0
2026-04-24 09:32:09,299 [WARN] ConditionMgr:1044 - genDependencies : Invalid condition id : LAN8742 Phy interface Condition cause : null
2026-04-24 09:32:09,300 [WARN] ConditionMgr:1044 - genDependencies : Invalid condition id : LAN8742 Phy interface Condition cause : null
2026-04-24 09:32:09,301 [WARN] ConditionMgr:1044 - genDependencies : Invalid condition id : LAN8742 Phy interface Condition cause : null
2026-04-24 09:32:09,320 [WARN] PackLoader:240 - Cannot read IP mode file for STMicroelectronics.X-CUBE-SFXS2LP1.4.0.0
2026-04-24 09:32:09,332 [WARN] PackLoader:240 - Cannot read IP mode file for STMicroelectronics.X-CUBE-WB05N.2.1.0
2026-04-24 09:32:09,348 [WARN] PackLoader:240 - Cannot read IP mode file for STMicroelectronics.X-CUBE-ST67W61.1.2.0
2026-04-24 09:32:09,368 [WARN] PackLoader:240 - Cannot read IP mode file for STMicroelectronics.X-CUBE-BLEMGR.4.1.0
2026-04-24 09:32:09,397 [WARN] ConditionMgr:438 - getConditionDescription Invalid condition id : UX DEVICE CLASS RTOS Condition cause : null
2026-04-24 09:32:09,397 [WARN] ConditionMgr:438 - getConditionDescription Invalid condition id : UX DEVICE CLASS RTOS Condition cause : null
2026-04-24 09:32:09,401 [WARN] PackLoader:240 - Cannot read IP mode file for STMicroelectronics.X-CUBE-AZRTOS-WB.2.0.0
2026-04-24 09:32:09,401 [INFO] WebApp:191 - Connection restablished
2026-04-24 09:32:09,402 [WARN] ConditionMgr:1044 - genDependencies : Invalid condition id : UX DEVICE CLASS RTOS Condition cause : null
2026-04-24 09:32:09,402 [WARN] ConditionMgr:1044 - genDependencies : Invalid condition id : UX DEVICE CLASS RTOS Condition cause : null
2026-04-24 09:32:09,403 [WARN] ConditionMgr:1044 - genDependencies : Invalid condition id : UX DEVICE CLASS RTOS Condition cause : null
2026-04-24 09:32:09,404 [WARN] ConditionMgr:1044 - genDependencies : Invalid condition id : UX DEVICE CLASS RTOS Condition cause : null
2026-04-24 09:32:09,404 [WARN] ConditionMgr:1044 - genDependencies : Invalid condition id : UX DEVICE CLASS RTOS Condition cause : null
2026-04-24 09:32:09,418 [WARN] ConditionMgr:438 - getConditionDescription Invalid condition id : Cortex-A Device cause : null
2026-04-24 09:32:09,438 [WARN] ConditionMgr:1044 - genDependencies : Invalid condition id : Cortex-A Device cause : null
2026-04-24 09:32:09,438 [WARN] ConditionMgr:1044 - genDependencies : Invalid condition id : Cortex-A Device cause : null
2026-04-24 09:32:09,438 [WARN] ConditionMgr:1044 - genDependencies : Invalid condition id : Cortex-A Device cause : null
2026-04-24 09:32:09,469 [WARN] PackLoader:240 - Cannot read IP mode file for STMicroelectronics.X-CUBE-STSE01.2.0.0
2026-04-24 09:32:09,494 [WARN] PackLoader:240 - Cannot read IP mode file for STMicroelectronics.X-CUBE-SUBG2.5.0.0
2026-04-24 09:32:09,533 [WARN] PackLoader:240 - Cannot read IP mode file for STMicroelectronics.X-CUBE-AZRTOS-G4.2.0.0
2026-04-24 09:32:09,549 [WARN] PackLoader:240 - Cannot read IP mode file for wolfSSL.I-CUBE-wolfSSH.1.4.20
2026-04-24 09:32:09,562 [WARN] PackLoader:240 - Cannot read IP mode file for STMicroelectronics.X-CUBE-NFC7.2.0.0
2026-04-24 09:32:09,574 [WARN] PackLoader:240 - Cannot read IP mode file for STMicroelectronics.X-CUBE-ALS.1.0.2
2026-04-24 09:32:09,599 [WARN] PackLoader:240 - Cannot read IP mode file for STMicroelectronics.X-CUBE-TOF1.3.4.3
2026-04-24 09:32:09,614 [INFO] ThirdParty:978 - Integrity check success = true
2026-04-24 09:32:09,615 [INFO] IntegrityCheckThread:100 - exiting critical section [integrity check]
2026-04-24 09:32:09,615 [INFO] IntegrityCheckThread:103 - End integrity checks thread
2026-04-24 09:32:10,049 [INFO] WebApp:225 - Starting web application
2026-04-24 09:32:10,049 [INFO] WebApp:593 - Web application path used C:\ST\STM32CubeIDE_1.19.0\STM32CubeIDE\plugins\com.st.stm32cube.common.mx_6.15.0.202507011659\db\plugins\mcufinder\reactClient1\index.html
2026-04-24 09:32:10,474 [INFO] UserAuth:487 - Internet connection configuration mode: 1
2026-04-24 09:32:40,702 [INFO] WebApp:194 - Connection lost
2026-04-24 09:32:40,938 [INFO] WebApp:191 - Connection restablished
2026-04-24 10:31:02,932 [INFO] WebApp:194 - Connection lost
2026-04-24 10:31:03,254 [INFO] WebApp:191 - Connection restablished
2026-04-24 11:31:03,765 [INFO] WebApp:194 - Connection lost
2026-04-24 11:31:05,652 [INFO] WebApp:191 - Connection restablished
2026-04-24 12:31:05,229 [INFO] WebApp:194 - Connection lost
2026-04-24 12:31:05,884 [INFO] WebApp:191 - Connection restablished
2026-04-24 14:04:22,975 [INFO] WebApp:194 - Connection lost
2026-04-24 14:04:24,174 [INFO] WebApp:191 - Connection restablished
2026-04-24 14:21:36,582 [INFO] WebApp:194 - Connection lost
2026-04-24 14:21:37,889 [INFO] WebApp:191 - Connection restablished
2026-04-24 15:21:38,463 [INFO] WebApp:194 - Connection lost
2026-04-24 15:21:40,172 [INFO] WebApp:191 - Connection restablished
2026-04-24 16:22:42,298 [INFO] WebApp:194 - Connection lost
2026-04-24 16:22:43,294 [INFO] WebApp:191 - Connection restablished
2026-04-24 18:47:53,985 [INFO] WebApp:194 - Connection lost
2026-04-24 18:47:58,263 [INFO] WebApp:191 - Connection restablished
2026-04-24 18:48:07,126 [ERROR] LogOutputStream:75 - [STDERR_REDIRECT] 
