2026-04-22 09:31:06,888 [INFO] Activator:176 - 


2026-04-22 09:31:06,902 [INFO] Activator:177 - !SESSION log4j initialized
2026-04-22 09:31:13,730 [INFO] LogOutputStream:77 - [STDOUT_REDIRECT] 
2026-04-22 09:31:14,554 [INFO] ApplicationProperties:184 - Using Application install path: C:\ST\STM32CubeIDE_1.19.0\STM32CubeIDE\plugins\com.st.stm32cube.common.mx_6.15.0.202507011659
2026-04-22 09:31:14,576 [INFO] DbMcusXml:78 - Set database path to: C:\ST\STM32CubeIDE_1.19.0\STM32CubeIDE\plugins\com.st.stm32cube.common.mx_6.15.0.202507011659\\db\/mcu/
2026-04-22 09:31:14,577 [INFO] ApiDb:274 - Set plugin database path to: C:\ST\STM32CubeIDE_1.19.0\STM32CubeIDE\plugins\com.st.stm32cube.common.mx_6.15.0.202507011659\\db\/plugins/boardmanager/
2026-04-22 09:31:14,578 [WARN] ApiDb:259 - Overriding images path with different value:  => C:\ST\STM32CubeIDE_1.19.0\STM32CubeIDE\plugins\com.st.stm32cube.common.mx_6.15.0.202507011659\\db\/plugins/mcufinder/images/
2026-04-22 09:31:14,604 [INFO] ApiDb:250 - Set database path to: C:\Users\vamsh\.stmcufinder\plugins\mcufinder//mcu/
2026-04-22 09:31:14,605 [INFO] DbMcusAds:125 - Set database path to: C:\Users\vamsh\.stmcufinder\plugins\mcufinder//mcu/
2026-04-22 09:31:14,608 [INFO] CrossReferenceDbSqlite:203 - Set database path to: C:\Users\vamsh\.stmcufinder\plugins\mcufinder//mcu/cs/
2026-04-22 09:31:14,714 [INFO] RulesReader:64 - Compatibility file has been processed (317 Rules)
2026-04-22 09:31:14,809 [INFO] DbMcusXml:78 - Set database path to: C:\ST\STM32CubeIDE_1.19.0\STM32CubeIDE\plugins\com.st.stm32cube.common.mx_6.15.0.202507011659\\db\/mcu/
2026-04-22 09:31:14,810 [INFO] ApiDb:274 - Set plugin database path to: C:\ST\STM32CubeIDE_1.19.0\STM32CubeIDE\plugins\com.st.stm32cube.common.mx_6.15.0.202507011659\\db\/plugins/boardmanager/
2026-04-22 09:31:14,810 [INFO] ApiDb:261 - Set plugin images path to: C:\ST\STM32CubeIDE_1.19.0\STM32CubeIDE\plugins\com.st.stm32cube.common.mx_6.15.0.202507011659\\db\/plugins/mcufinder/images/
2026-04-22 09:31:14,810 [WARN] DbFile:41 - Overriding database path with different value: C:\Users\vamsh\.stmcufinder\plugins\mcufinder/ => C:\Users\vamsh\.stmcufinder\plugins\mcufinder
2026-04-22 09:31:14,810 [INFO] ApiDb:250 - Set database path to: C:\Users\vamsh\.stmcufinder\plugins\mcufinder//mcu/
2026-04-22 09:31:14,810 [WARN] DbFile:41 - Overriding database path with different value: C:\Users\vamsh\.stmcufinder\plugins\mcufinder/ => C:\Users\vamsh\.stmcufinder\plugins\mcufinder
2026-04-22 09:31:14,810 [INFO] DbMcusAds:125 - Set database path to: C:\Users\vamsh\.stmcufinder\plugins\mcufinder//mcu/
2026-04-22 09:31:14,810 [WARN] DbFile:41 - Overriding database path with different value: C:\Users\vamsh\.stmcufinder\plugins\mcufinder/ => C:\Users\vamsh\.stmcufinder\plugins\mcufinder
2026-04-22 09:31:14,810 [WARN] DbFile:41 - Overriding database path with different value: C:\Users\vamsh\.stmcufinder\plugins\mcufinder/ => C:\Users\vamsh\.stmcufinder\plugins\mcufinder
2026-04-22 09:31:14,810 [INFO] CrossReferenceDbSqlite:203 - Set database path to: C:\Users\vamsh\.stmcufinder\plugins\mcufinder//mcu/cs/
2026-04-22 09:31:14,916 [INFO] MainPanel:274 - HeapMemory: 268435456
2026-04-22 09:31:15,040 [INFO] DbMcusXml:78 - Set database path to: C:\ST\STM32CubeIDE_1.19.0\STM32CubeIDE\plugins\com.st.stm32cube.common.mx_6.15.0.202507011659\\db\/mcu/
2026-04-22 09:31:15,040 [INFO] ApiDb:274 - Set plugin database path to: C:\ST\STM32CubeIDE_1.19.0\STM32CubeIDE\plugins\com.st.stm32cube.common.mx_6.15.0.202507011659\\db\/plugins/boardmanager/
2026-04-22 09:31:15,040 [INFO] ApiDb:261 - Set plugin images path to: C:\ST\STM32CubeIDE_1.19.0\STM32CubeIDE\plugins\com.st.stm32cube.common.mx_6.15.0.202507011659\\db\/plugins/mcufinder/images/
2026-04-22 09:31:15,041 [WARN] DbFile:41 - Overriding database path with different value: C:\Users\vamsh\.stmcufinder\plugins\mcufinder/ => C:\Users\vamsh\.stmcufinder\plugins\mcufinder
2026-04-22 09:31:15,041 [INFO] ApiDb:250 - Set database path to: C:\Users\vamsh\.stmcufinder\plugins\mcufinder//mcu/
2026-04-22 09:31:15,041 [WARN] DbFile:41 - Overriding database path with different value: C:\Users\vamsh\.stmcufinder\plugins\mcufinder/ => C:\Users\vamsh\.stmcufinder\plugins\mcufinder
2026-04-22 09:31:15,041 [INFO] DbMcusAds:125 - Set database path to: C:\Users\vamsh\.stmcufinder\plugins\mcufinder//mcu/
2026-04-22 09:31:15,041 [WARN] DbFile:41 - Overriding database path with different value: C:\Users\vamsh\.stmcufinder\plugins\mcufinder/ => C:\Users\vamsh\.stmcufinder\plugins\mcufinder
2026-04-22 09:31:15,041 [WARN] DbFile:41 - Overriding database path with different value: C:\Users\vamsh\.stmcufinder\plugins\mcufinder/ => C:\Users\vamsh\.stmcufinder\plugins\mcufinder
2026-04-22 09:31:15,041 [INFO] CrossReferenceDbSqlite:203 - Set database path to: C:\Users\vamsh\.stmcufinder\plugins\mcufinder//mcu/cs/
2026-04-22 09:31:15,059 [INFO] ApplicationProperties:184 - Using Application install path: C:\ST\STM32CubeIDE_1.19.0\STM32CubeIDE\plugins\com.st.stm32cube.common.mx_6.15.0.202507011659
2026-04-22 09:31:15,061 [INFO] PluginManage:196 - Search for loadable plugins [exclusion list=, ]
2026-04-22 09:31:15,062 [INFO] PluginManage:310 - Check plugin analytics
2026-04-22 09:31:15,340 [INFO] AnalyticsPlugin:253 - Accepted Software Licenses: 
2026-04-22 09:31:15,340 [INFO] AnalyticsPlugin:255 - Accepted CMSIS Pack Licenses: 
2026-04-22 09:31:15,342 [INFO] AnalyticsPlugin:257 - Accepted Firmware Licenses: FW.L4.1.18.0
2026-04-22 09:31:15,346 [INFO] PluginManage:359 - Loaded plugin analytics (category:tool,tabindex:-1)
2026-04-22 09:31:15,347 [INFO] PluginManage:310 - Check plugin cadmodel
2026-04-22 09:31:15,356 [INFO] CADModel:105 - Init CAD model plugin
2026-04-22 09:31:15,356 [INFO] PluginManage:359 - Loaded plugin cadmodel (category:power,tabindex:5)
2026-04-22 09:31:15,356 [INFO] PluginManage:310 - Check plugin clock
2026-04-22 09:31:15,373 [INFO] PluginManage:359 - Loaded plugin clock (category:base,tabindex:2)
2026-04-22 09:31:15,374 [INFO] PluginManage:310 - Check plugin ddr
2026-04-22 09:31:15,378 [INFO] PluginManage:359 - Loaded plugin ddr (category:tool,tabindex:6)
2026-04-22 09:31:15,379 [INFO] PluginManage:310 - Check plugin filemanager
2026-04-22 09:31:15,561 [INFO] PluginManage:359 - Loaded plugin filemanager (category:base,tabindex:10)
2026-04-22 09:31:15,561 [INFO] PluginManage:310 - Check plugin ipmanager
2026-04-22 09:31:15,571 [INFO] PluginManage:359 - Loaded plugin ipmanager (category:base,tabindex:5)
2026-04-22 09:31:15,571 [INFO] PluginManage:310 - Check plugin lpbam
2026-04-22 09:31:15,583 [INFO] PluginManage:359 - Loaded plugin lpbam (category:base,tabindex:0)
2026-04-22 09:31:15,583 [INFO] PluginManage:310 - Check plugin memorymap
2026-04-22 09:31:15,606 [INFO] PluginManage:359 - Loaded plugin memorymap (category:base,tabindex:4)
2026-04-22 09:31:15,607 [INFO] PluginManage:310 - Check plugin pinoutandconfiguration
2026-04-22 09:31:15,622 [INFO] PluginManage:359 - Loaded plugin pinoutandconfiguration (category:base,tabindex:1)
2026-04-22 09:31:15,622 [INFO] PluginManage:310 - Check plugin pinoutconfig
2026-04-22 09:31:15,732 [WARN] SupportedApi:132 - Cannot load RTOS API schema: s4s-elt-must-match.1: The content of 'definitions' must match (annotation?, (simpleType | complexType)?, (unique | key | keyref)*)). A problem was found starting at: attribute.
2026-04-22 09:31:15,930 [INFO] PluginManage:359 - Loaded plugin pinoutconfig (category:base,tabindex:0)
2026-04-22 09:31:15,930 [INFO] PluginManage:310 - Check plugin power
2026-04-22 09:31:15,946 [INFO] PluginManage:359 - Loaded plugin power (category:power,tabindex:4)
2026-04-22 09:31:15,946 [INFO] PluginManage:310 - Check plugin projectmanager
2026-04-22 09:31:15,967 [INFO] PluginManage:359 - Loaded plugin projectmanager (category:projectmanager,tabindex:4)
2026-04-22 09:31:15,967 [INFO] PluginManage:310 - Check plugin rif
2026-04-22 09:31:15,981 [INFO] PluginManage:359 - Loaded plugin rif (category:base,tabindex:3)
2026-04-22 09:31:15,981 [INFO] PluginManage:310 - Check plugin thirdparty
2026-04-22 09:31:16,200 [WARN] IntegrityCheckThread:84 - waiting for thirdparty lock release [integrity check]
2026-04-22 09:31:16,200 [INFO] PluginManage:359 - Loaded plugin thirdparty (category:base,tabindex:-1)
2026-04-22 09:31:16,200 [INFO] IntegrityCheckThread:86 - entering critical section [integrity check]
2026-04-22 09:31:16,201 [INFO] PluginManage:310 - Check plugin tools
2026-04-22 09:31:16,201 [INFO] ThirdPartyUpdaterWithRetryManager:70 - Updater plugin not ready yet. [1/15]
2026-04-22 09:31:16,206 [INFO] PluginManage:359 - Loaded plugin tools (category:base,tabindex:7)
2026-04-22 09:31:16,206 [INFO] PluginManage:310 - Check plugin tutovideos
2026-04-22 09:31:16,480 [INFO] PluginManage:359 - Loaded plugin tutovideos (category:base,tabindex:-1)
2026-04-22 09:31:16,482 [INFO] PluginManage:310 - Check plugin updater
2026-04-22 09:31:16,508 [INFO] PluginManage:359 - Loaded plugin updater (category:base,tabindex:12)
2026-04-22 09:31:16,509 [INFO] PluginManage:310 - Check plugin userauth
2026-04-22 09:31:16,513 [INFO] UserAuth:118 - Init User Auth plugin
2026-04-22 09:31:16,514 [INFO] PluginManage:359 - Loaded plugin userauth (category:base,tabindex:14)
2026-04-22 09:31:16,516 [INFO] PluginManage:283 - PluginManage : Loaded plugins [18]
2026-04-22 09:31:16,774 [INFO] PinOutPanel:1589 - setPackage(No Configuration,No Configuration)
2026-04-22 09:31:16,861 [INFO] CADModel:165 - CPN selected for project level
2026-04-22 09:31:16,861 [INFO] CADModel:114 - Register for checkConnection events
2026-04-22 09:31:16,881 [INFO] IPUIPlugin:80 - create IPUIPlugin
2026-04-22 09:31:16,881 [INFO] PluginManager:220 - loadIPPluginJar : add adc
2026-04-22 09:31:16,884 [INFO] IPUIPlugin:80 - create IPUIPlugin
2026-04-22 09:31:16,884 [INFO] PluginManager:220 - loadIPPluginJar : add aes
2026-04-22 09:31:16,886 [INFO] IPUIPlugin:80 - create IPUIPlugin
2026-04-22 09:31:16,886 [INFO] PluginManager:220 - loadIPPluginJar : add can
2026-04-22 09:31:16,888 [INFO] IPUIPlugin:80 - create IPUIPlugin
2026-04-22 09:31:16,889 [INFO] PluginManager:220 - loadIPPluginJar : add comp
2026-04-22 09:31:16,892 [INFO] IPUIPlugin:80 - create IPUIPlugin
2026-04-22 09:31:16,892 [INFO] PluginManager:220 - loadIPPluginJar : add cryp
2026-04-22 09:31:16,896 [INFO] IPUIPlugin:80 - create IPUIPlugin
2026-04-22 09:31:16,896 [INFO] PluginManager:220 - loadIPPluginJar : add ddr_ctrl_phy
2026-04-22 09:31:16,899 [INFO] IPUIPlugin:80 - create IPUIPlugin
2026-04-22 09:31:16,899 [INFO] PluginManager:220 - loadIPPluginJar : add dfsdm
2026-04-22 09:31:16,904 [INFO] IPUIPlugin:80 - create IPUIPlugin
2026-04-22 09:31:16,904 [INFO] PluginManager:220 - loadIPPluginJar : add dma
2026-04-22 09:31:16,907 [INFO] IPUIPlugin:80 - create IPUIPlugin
2026-04-22 09:31:16,908 [INFO] PluginManager:220 - loadIPPluginJar : add dma3
2026-04-22 09:31:16,910 [INFO] IPUIPlugin:80 - create IPUIPlugin
2026-04-22 09:31:16,910 [INFO] PluginManager:220 - loadIPPluginJar : add extmemmanager
2026-04-22 09:31:16,912 [INFO] IPUIPlugin:80 - create IPUIPlugin
2026-04-22 09:31:16,912 [INFO] PluginManager:220 - loadIPPluginJar : add fatfs
2026-04-22 09:31:16,916 [INFO] IPUIPlugin:80 - create IPUIPlugin
2026-04-22 09:31:16,916 [INFO] PluginManager:220 - loadIPPluginJar : add fmc
2026-04-22 09:31:16,921 [INFO] IPUIPlugin:80 - create IPUIPlugin
2026-04-22 09:31:16,922 [INFO] PluginManager:220 - loadIPPluginJar : add freertos
2026-04-22 09:31:16,923 [INFO] IPUIPlugin:80 - create IPUIPlugin
2026-04-22 09:31:16,923 [INFO] PluginManager:220 - loadIPPluginJar : add genericplugin
2026-04-22 09:31:16,925 [INFO] IPUIPlugin:80 - create IPUIPlugin
2026-04-22 09:31:16,925 [INFO] PluginManager:220 - loadIPPluginJar : add gfxmmu
2026-04-22 09:31:16,929 [INFO] IPUIPlugin:80 - create IPUIPlugin
2026-04-22 09:31:16,929 [INFO] PluginManager:220 - loadIPPluginJar : add gic
2026-04-22 09:31:16,934 [INFO] IPUIPlugin:80 - create IPUIPlugin
2026-04-22 09:31:16,934 [INFO] PluginManager:220 - loadIPPluginJar : add gpio
2026-04-22 09:31:16,937 [INFO] IPUIPlugin:80 - create IPUIPlugin
2026-04-22 09:31:16,937 [INFO] PluginManager:220 - loadIPPluginJar : add gtzc
2026-04-22 09:31:16,940 [INFO] IPUIPlugin:80 - create IPUIPlugin
2026-04-22 09:31:16,940 [INFO] PluginManager:220 - loadIPPluginJar : add hash
2026-04-22 09:31:16,943 [INFO] IPUIPlugin:80 - create IPUIPlugin
2026-04-22 09:31:16,943 [INFO] PluginManager:220 - loadIPPluginJar : add i2c
2026-04-22 09:31:16,946 [INFO] IPUIPlugin:80 - create IPUIPlugin
2026-04-22 09:31:16,946 [INFO] PluginManager:220 - loadIPPluginJar : add i2s
2026-04-22 09:31:16,948 [INFO] IPUIPlugin:80 - create IPUIPlugin
2026-04-22 09:31:16,949 [INFO] PluginManager:220 - loadIPPluginJar : add i3c
2026-04-22 09:31:16,955 [INFO] IPUIPlugin:80 - create IPUIPlugin
2026-04-22 09:31:16,955 [INFO] PluginManager:220 - loadIPPluginJar : add ipddr
2026-04-22 09:31:16,962 [INFO] IPUIPlugin:80 - create IPUIPlugin
2026-04-22 09:31:16,962 [INFO] PluginManager:220 - loadIPPluginJar : add linkedlist
2026-04-22 09:31:16,965 [INFO] IPUIPlugin:80 - create IPUIPlugin
2026-04-22 09:31:16,965 [INFO] PluginManager:220 - loadIPPluginJar : add lorawan
2026-04-22 09:31:16,968 [INFO] IPUIPlugin:80 - create IPUIPlugin
2026-04-22 09:31:16,968 [INFO] PluginManager:220 - loadIPPluginJar : add ltdc
2026-04-22 09:31:16,973 [INFO] IPUIPlugin:80 - create IPUIPlugin
2026-04-22 09:31:16,974 [INFO] PluginManager:220 - loadIPPluginJar : add mdma
2026-04-22 09:31:16,978 [INFO] IPUIPlugin:80 - create IPUIPlugin
2026-04-22 09:31:16,978 [INFO] PluginManager:220 - loadIPPluginJar : add nvic
2026-04-22 09:31:16,982 [INFO] IPUIPlugin:80 - create IPUIPlugin
2026-04-22 09:31:16,982 [INFO] PluginManager:220 - loadIPPluginJar : add opamp
2026-04-22 09:31:16,985 [INFO] IPUIPlugin:80 - create IPUIPlugin
2026-04-22 09:31:16,985 [INFO] PluginManager:220 - loadIPPluginJar : add openamp
2026-04-22 09:31:16,988 [INFO] IPUIPlugin:80 - create IPUIPlugin
2026-04-22 09:31:16,988 [INFO] PluginManager:220 - loadIPPluginJar : add pdm2pcm
2026-04-22 09:31:16,993 [INFO] IPUIPlugin:80 - create IPUIPlugin
2026-04-22 09:31:16,994 [INFO] PluginManager:220 - loadIPPluginJar : add plateformsettings
2026-04-22 09:31:16,995 [INFO] IPUIPlugin:80 - create IPUIPlugin
2026-04-22 09:31:16,995 [INFO] PluginManager:220 - loadIPPluginJar : add quadspi
2026-04-22 09:31:16,998 [INFO] IPUIPlugin:80 - create IPUIPlugin
2026-04-22 09:31:16,999 [INFO] PluginManager:220 - loadIPPluginJar : add radio
2026-04-22 09:31:17,002 [INFO] IPUIPlugin:80 - create IPUIPlugin
2026-04-22 09:31:17,002 [INFO] PluginManager:220 - loadIPPluginJar : add resmgrutility
2026-04-22 09:31:17,005 [INFO] IPUIPlugin:80 - create IPUIPlugin
2026-04-22 09:31:17,005 [INFO] PluginManager:220 - loadIPPluginJar : add sai
2026-04-22 09:31:17,007 [INFO] IPUIPlugin:80 - create IPUIPlugin
2026-04-22 09:31:17,007 [INFO] PluginManager:220 - loadIPPluginJar : add spi
2026-04-22 09:31:17,012 [INFO] IPUIPlugin:80 - create IPUIPlugin
2026-04-22 09:31:17,012 [INFO] PluginManager:220 - loadIPPluginJar : add stm32_wpan
2026-04-22 09:31:17,013 [INFO] IPUIPlugin:80 - create IPUIPlugin
2026-04-22 09:31:17,013 [INFO] PluginManager:220 - loadIPPluginJar : add tim
2026-04-22 09:31:17,017 [INFO] IPUIPlugin:80 - create IPUIPlugin
2026-04-22 09:31:17,017 [INFO] PluginManager:220 - loadIPPluginJar : add touchsensing
2026-04-22 09:31:17,019 [INFO] IPUIPlugin:80 - create IPUIPlugin
2026-04-22 09:31:17,019 [INFO] PluginManager:220 - loadIPPluginJar : add tracer_emb
2026-04-22 09:31:17,022 [INFO] IPUIPlugin:80 - create IPUIPlugin
2026-04-22 09:31:17,022 [INFO] PluginManager:220 - loadIPPluginJar : add ts
2026-04-22 09:31:17,024 [INFO] IPUIPlugin:80 - create IPUIPlugin
2026-04-22 09:31:17,024 [INFO] PluginManager:220 - loadIPPluginJar : add tsc
2026-04-22 09:31:17,026 [INFO] IPUIPlugin:80 - create IPUIPlugin
2026-04-22 09:31:17,026 [INFO] PluginManager:220 - loadIPPluginJar : add ucpd
2026-04-22 09:31:17,030 [INFO] IPUIPlugin:80 - create IPUIPlugin
2026-04-22 09:31:17,030 [INFO] PluginManager:220 - loadIPPluginJar : add usart
2026-04-22 09:31:17,034 [INFO] IPUIPlugin:80 - create IPUIPlugin
2026-04-22 09:31:17,034 [INFO] PluginManager:220 - loadIPPluginJar : add usbx
2026-04-22 09:31:17,154 [FATAL] Updater:351 - Updater called before beeing initialized
2026-04-22 09:31:17,178 [INFO] RulesReader:64 - Compatibility file has been processed (317 Rules)
2026-04-22 09:31:17,185 [INFO] RulesReader:64 - Compatibility file has been processed (317 Rules)
2026-04-22 09:31:17,196 [INFO] CADModel:165 - CPN selected for project level
2026-04-22 09:31:17,196 [INFO] CADModel:114 - Register for checkConnection events
2026-04-22 09:31:17,196 [FATAL] Updater:351 - Updater called before beeing initialized
2026-04-22 09:31:17,197 [ERROR] CADModel:125 - Updater not yet initialized, retry later 
2026-04-22 09:31:17,328 [FATAL] Updater:351 - Updater called before beeing initialized
2026-04-22 09:31:17,329 [INFO] CADModel:165 - CPN selected for project level
2026-04-22 09:31:17,329 [INFO] CADModel:114 - Register for checkConnection events
2026-04-22 09:31:17,329 [FATAL] Updater:351 - Updater called before beeing initialized
2026-04-22 09:31:17,329 [ERROR] CADModel:125 - Updater not yet initialized, retry later 
2026-04-22 09:31:17,332 [FATAL] Updater:351 - Updater called before beeing initialized
2026-04-22 09:31:17,426 [FATAL] Updater:351 - Updater called before beeing initialized
2026-04-22 09:31:17,430 [INFO] DbMcusAds:53 - JSON generation date=Fri Apr 10 14:49:02 IST 2026 (1775812742310)
2026-04-22 09:31:17,430 [FATAL] Updater:351 - Updater called before beeing initialized
2026-04-22 09:31:17,470 [WARN] DetailPanel:346 - Failed to get advertising image, set to default
2026-04-22 09:31:17,550 [FATAL] Updater:351 - Updater called before beeing initialized
2026-04-22 09:31:17,551 [FATAL] Updater:351 - Updater called before beeing initialized
2026-04-22 09:31:17,551 [FATAL] Updater:351 - Updater called before beeing initialized
2026-04-22 09:31:17,551 [WARN] DetailPanel:346 - Failed to get advertising image, set to default
2026-04-22 09:31:17,552 [FATAL] Updater:351 - Updater called before beeing initialized
2026-04-22 09:31:17,595 [ERROR] Updater:1198 - MainUpdater not yet initialized. External WinMGr cannot be set.
2026-04-22 09:31:17,597 [INFO] Updater:1134 - Updater Version found : 6.15.0
2026-04-22 09:31:17,614 [INFO] ApplicationProperties:184 - Using Application install path: C:\ST\STM32CubeIDE_1.19.0\STM32CubeIDE\plugins\com.st.stm32cube.common.mx_6.15.0.202507011659
2026-04-22 09:31:19,191 [ERROR] LogOutputStream:75 - [STDERR_REDIRECT] Apr 22, 2026 9:31:19 AM java.util.prefs.WindowsPreferences <init>
2026-04-22 09:31:19,193 [ERROR] LogOutputStream:75 - [STDERR_REDIRECT] WARNING: Could not open/create prefs root node Software\JavaSoft\Prefs at root 0xffffffff80000002. Windows RegCreateKeyEx(...) returned error code 5.
2026-04-22 09:31:19,193 [ERROR] LogOutputStream:75 - [STDERR_REDIRECT] 
2026-04-22 09:31:19,202 [INFO] ThirdPartyUpdaterWithRetryManager:70 - Updater plugin not ready yet. [2/15]
2026-04-22 09:31:19,435 [INFO] MainUpdater:2872 - connection check result : 10
2026-04-22 09:31:19,435 [INFO] MainUpdater:289 - Updater Check For Update Now.
2026-04-22 09:31:19,435 [INFO] MicroXplorer:498 - Change Database Version : DB.6.0.150
2026-04-22 09:31:19,451 [INFO] McuFinderGlobals:63 - Set McuFinder mode to 2 (CubeIDE integrated)
2026-04-22 09:31:19,452 [INFO] UserAuth:487 - Internet connection configuration mode: 1
2026-04-22 09:31:19,486 [INFO] JxBrowserEngine:152 - Initiate JxBrowser Engine with user profile folder
2026-04-22 09:31:19,613 [INFO] CheckServerUpdateThread:120 - End of CheckServer Thread
2026-04-22 09:31:20,936 [INFO] WebApp:169 - Instantiating new browser for Auth
2026-04-22 09:31:21,853 [INFO] WebApp:463 - Apply proxy settings
2026-04-22 09:31:21,853 [INFO] WebApp:548 - Chromium requires no authentication
2026-04-22 09:31:21,883 [INFO] WebApp:491 - Direct internet connection detected
2026-04-22 09:31:21,919 [INFO] WebApp:900 - Register for checkConnection events
2026-04-22 09:31:21,919 [INFO] WebApp:463 - Apply proxy settings
2026-04-22 09:31:21,919 [INFO] WebApp:548 - Chromium requires no authentication
2026-04-22 09:31:21,920 [INFO] WebApp:491 - Direct internet connection detected
2026-04-22 09:31:22,106 [INFO] WebApp:191 - Connection restablished
2026-04-22 09:31:22,159 [INFO] WebApp:225 - Starting web application
2026-04-22 09:31:22,159 [INFO] WebApp:593 - Web application path used C:\ST\STM32CubeIDE_1.19.0\STM32CubeIDE\plugins\com.st.stm32cube.common.mx_6.15.0.202507011659\db\plugins\mcufinder\reactClient1\index.html
2026-04-22 09:31:22,442 [INFO] UserAuth:487 - Internet connection configuration mode: 1
2026-04-22 09:31:22,895 [WARN] PackLoader:240 - Cannot read IP mode file for STMicroelectronics.X-CUBE-AZRTOS-H7.3.5.0
2026-04-22 09:31:22,910 [WARN] PackLoader:240 - Cannot read IP mode file for STMicroelectronics.FP-ATR-ASTRA1.2.0.2
2026-04-22 09:31:22,923 [WARN] PackLoader:240 - Cannot read IP mode file for STMicroelectronics.X-CUBE-SMBUS.2.1.0
2026-04-22 09:31:22,952 [WARN] PackLoader:240 - Cannot read IP mode file for STMicroelectronics.X-CUBE-AZRTOS-F7.1.1.0
2026-04-22 09:31:22,967 [WARN] PackLoader:240 - Cannot read IP mode file for STMicroelectronics.FP-SNS-MOTENV1.5.1.0
2026-04-22 09:31:22,988 [WARN] PackLoader:240 - Cannot read IP mode file for WES.I-CUBE-Cesium.1.4.0
2026-04-22 09:31:23,005 [WARN] PackLoader:240 - Cannot read IP mode file for STMicroelectronics.X-CUBE-DISPLAY.3.0.0
2026-04-22 09:31:23,017 [WARN] PackLoader:240 - Cannot read IP mode file for STMicroelectronics.FP-SNS-MOTENVWB1.1.5.0
2026-04-22 09:31:23,030 [WARN] PackLoader:240 - Cannot read IP mode file for STMicroelectronics.X-CUBE-NFC10.1.0.0
2026-04-22 09:31:23,041 [WARN] PackLoader:240 - Cannot read IP mode file for STMicroelectronics.X-CUBE-ST60.1.1.0
2026-04-22 09:31:23,054 [WARN] PackLoader:240 - Cannot read IP mode file for emotas.I-CUBE-CANOPEN.1.3.0
2026-04-22 09:31:23,066 [WARN] PackLoader:240 - Cannot read IP mode file for STMicroelectronics.X-CUBE-GNSS1.7.1.0
2026-04-22 09:31:23,081 [WARN] PackLoader:240 - Cannot read IP mode file for STMicroelectronics.FP-SNS-STBOX1.2.1.0
2026-04-22 09:31:23,093 [WARN] PackLoader:240 - Cannot read IP mode file for STMicroelectronics.FP-SNS-SMARTAG2.1.2.0
2026-04-22 09:31:23,102 [WARN] PackLoader:240 - Cannot read IP mode file for STMicroelectronics.FP-SNS-FLIGHT1.5.1.0
2026-04-22 09:31:23,118 [INFO] LogOutputStream:77 - [STDOUT_REDIRECT] 1 : Invalid condition id : UX_CORESTACK_Condition cause : null
2026-04-22 09:31:23,118 [INFO] LogOutputStream:77 - [STDOUT_REDIRECT] 1 : Invalid condition id : UX_CORESTACK_Condition cause : null
2026-04-22 09:31:23,120 [INFO] LogOutputStream:77 - [STDOUT_REDIRECT] 1 : Invalid condition id : UX_CORESTACK_Condition cause : null
2026-04-22 09:31:23,122 [INFO] LogOutputStream:77 - [STDOUT_REDIRECT] 1 : Invalid condition id : UX_CORESTACK_Condition cause : null
2026-04-22 09:31:23,124 [INFO] LogOutputStream:77 - [STDOUT_REDIRECT] 1 : Invalid condition id : UX_CORESTACK_Condition cause : null
2026-04-22 09:31:23,126 [WARN] PackLoader:240 - Cannot read IP mode file for STMicroelectronics.X-CUBE-AZRTOS-WL.2.0.0
2026-04-22 09:31:23,161 [WARN] PackLoader:240 - Cannot read IP mode file for STMicroelectronics.X-CUBE-AZRTOS-H7RS.1.2.0
2026-04-22 09:31:23,172 [WARN] PackLoader:240 - Cannot read IP mode file for STMicroelectronics.X-CUBE-BLE2.3.3.0
2026-04-22 09:31:23,225 [WARN] PackLoader:240 - Cannot read IP mode file for Infineon.AIROC-Wi-Fi-Bluetooth-STM32.1.8.0
2026-04-22 09:31:23,239 [WARN] PackLoader:240 - Cannot read IP mode file for STMicroelectronics.X-CUBE-NFC9.1.0.0
2026-04-22 09:31:23,250 [WARN] PackLoader:240 - Cannot read IP mode file for STMicroelectronics.X-CUBE-BLE1.7.1.0
2026-04-22 09:31:23,272 [WARN] PackLoader:240 - Cannot read IP mode file for wolfSSL.I-CUBE-wolfMQTT.1.19.2
2026-04-22 09:31:23,285 [WARN] PackLoader:240 - Cannot read IP mode file for STMicroelectronics.X-CUBE-EEPRMA1.5.2.0
2026-04-22 09:31:23,298 [WARN] PackLoader:240 - Cannot read IP mode file for wolfSSL.I-CUBE-wolfSSL.5.8.4
2026-04-22 09:31:23,311 [WARN] PackLoader:240 - Cannot read IP mode file for Cesanta.I-CUBE-Mongoose.7.20.0
2026-04-22 09:31:23,413 [WARN] PackLoader:240 - Cannot read IP mode file for STMicroelectronics.X-CUBE-MEMS1.12.0.0
2026-04-22 09:31:23,528 [WARN] PackLoader:240 - Cannot read IP mode file for STMicroelectronics.X-CUBE-AZRTOS-G0.1.1.0
2026-04-22 09:31:23,540 [WARN] PackLoader:240 - Cannot read IP mode file for STMicroelectronics.X-CUBE-NFC4.3.0.0
2026-04-22 09:31:23,551 [WARN] PackLoader:240 - Cannot read IP mode file for EmbeddedOffice.I-CUBE-FS-RTOS.1.0.1
2026-04-22 09:31:23,560 [WARN] PackLoader:240 - Cannot read IP mode file for STMicroelectronics.X-CUBE-WB05N.2.0.0
2026-04-22 09:31:23,567 [WARN] PackLoader:240 - Cannot read IP mode file for wolfSSL.I-CUBE-wolfTPM.3.8.0
2026-04-22 09:31:23,576 [WARN] PackLoader:240 - Cannot read IP mode file for STMicroelectronics.X-CUBE-TCPP.4.2.0
2026-04-22 09:31:23,582 [WARN] PackLoader:240 - Cannot read IP mode file for RealThread.X-CUBE-RT-Thread_Nano.4.1.1
2026-04-22 09:31:23,589 [WARN] PackLoader:240 - Cannot read IP mode file for STMicroelectronics.FP-ATR-SIGFOX1.3.2.0
2026-04-22 09:31:23,597 [WARN] PackLoader:240 - Cannot read IP mode file for STMicroelectronics.X-CUBE-FREERTOS.1.5.0
2026-04-22 09:31:23,605 [WARN] PackLoader:240 - Cannot read IP mode file for ITTIA_DB.I-CUBE-ITTIADB.8.9.0
2026-04-22 09:31:23,613 [WARN] PackLoader:240 - Cannot read IP mode file for STMicroelectronics.X-CUBE-NFC6.3.2.0
2026-04-22 09:31:23,621 [WARN] PackLoader:240 - Cannot read IP mode file for STMicroelectronics.X-CUBE-AI.10.2.0
2026-04-22 09:31:23,649 [WARN] PackLoader:240 - Cannot read IP mode file for SEGGER.I-CUBE-embOS.1.3.1
2026-04-22 09:31:23,682 [WARN] PackLoader:240 - Cannot read IP mode file for STMicroelectronics.X-CUBE-ALGOBUILD.1.4.0
2026-04-22 09:31:23,690 [WARN] PackLoader:240 - Cannot read IP mode file for STMicroelectronics.X-CUBE-PM33A1.1.0.0
2026-04-22 09:31:23,706 [WARN] PackLoader:240 - Cannot read IP mode file for STMicroelectronics.X-CUBE-AZRTOS-F4.1.1.0
2026-04-22 09:31:23,716 [WARN] PackLoader:240 - Cannot read IP mode file for STMicroelectronics.X-CUBE-ISPU.2.1.0
2026-04-22 09:31:23,728 [WARN] PackLoader:240 - Cannot read IP mode file for STMicroelectronics.X-CUBE-IPS.3.2.0
2026-04-22 09:31:23,736 [WARN] PackLoader:240 - Cannot read IP mode file for STMicroelectronics.eDS-WB_DPC_TT-BIDIR.2.1.1
2026-04-22 09:31:23,743 [WARN] PackLoader:240 - Cannot read IP mode file for STMicroelectronics.X-CUBE-NFC12.1.0.0
2026-04-22 09:31:23,758 [WARN] PackLoader:240 - Cannot read IP mode file for STMicroelectronics.X-CUBE-AZRTOS-L5.2.0.0
2026-04-22 09:31:23,766 [WARN] PackLoader:240 - Cannot read IP mode file for STMicroelectronics.eDS-WB_DPC_VIENNA.1.2.0
2026-04-22 09:31:23,773 [WARN] PackLoader:240 - Cannot read IP mode file for STMicroelectronics.eDS-WB_DPC_3PH2L-BIDIR.1.1.1
2026-04-22 09:31:23,778 [ERROR] Engine:466 - C:\Users\vamsh\.stm32cubemx\thirdparties\pdsc\STMicroelectronics.X-CUBE-ST67W61.1.3.0.pdsc: PDSC version is not supported
2026-04-22 09:31:23,786 [WARN] PackLoader:240 - Cannot read IP mode file for STMicroelectronics.X-CUBE-TOUCHGFX.4.26.1
2026-04-22 09:31:23,794 [WARN] PackLoader:240 - Cannot read IP mode file for STMicroelectronics.FP-SNS-STAIOTCFT.1.0.0
2026-04-22 09:31:23,802 [WARN] PackLoader:240 - Cannot read IP mode file for STMicroelectronics.X-CUBE-DPower.1.3.0
2026-04-22 09:31:23,823 [WARN] ConditionMgr:438 - getConditionDescription Invalid condition id : LAN8742 Phy interface Condition cause : null
2026-04-22 09:31:23,824 [WARN] PackLoader:240 - Cannot read IP mode file for STMicroelectronics.X-CUBE-AZRTOS-L4.2.0.0
2026-04-22 09:31:23,825 [WARN] ConditionMgr:1044 - genDependencies : Invalid condition id : LAN8742 Phy interface Condition cause : null
2026-04-22 09:31:23,825 [WARN] ConditionMgr:1044 - genDependencies : Invalid condition id : LAN8742 Phy interface Condition cause : null
2026-04-22 09:31:23,826 [WARN] ConditionMgr:1044 - genDependencies : Invalid condition id : LAN8742 Phy interface Condition cause : null
2026-04-22 09:31:23,836 [WARN] PackLoader:240 - Cannot read IP mode file for STMicroelectronics.X-CUBE-SFXS2LP1.4.0.0
2026-04-22 09:31:23,844 [WARN] PackLoader:240 - Cannot read IP mode file for STMicroelectronics.X-CUBE-WB05N.2.1.0
2026-04-22 09:31:23,855 [WARN] PackLoader:240 - Cannot read IP mode file for STMicroelectronics.X-CUBE-ST67W61.1.2.0
2026-04-22 09:31:23,866 [WARN] PackLoader:240 - Cannot read IP mode file for STMicroelectronics.X-CUBE-BLEMGR.4.1.0
2026-04-22 09:31:23,878 [WARN] ConditionMgr:438 - getConditionDescription Invalid condition id : UX DEVICE CLASS RTOS Condition cause : null
2026-04-22 09:31:23,879 [WARN] ConditionMgr:438 - getConditionDescription Invalid condition id : UX DEVICE CLASS RTOS Condition cause : null
2026-04-22 09:31:23,880 [WARN] PackLoader:240 - Cannot read IP mode file for STMicroelectronics.X-CUBE-AZRTOS-WB.2.0.0
2026-04-22 09:31:23,880 [WARN] ConditionMgr:1044 - genDependencies : Invalid condition id : UX DEVICE CLASS RTOS Condition cause : null
2026-04-22 09:31:23,880 [WARN] ConditionMgr:1044 - genDependencies : Invalid condition id : UX DEVICE CLASS RTOS Condition cause : null
2026-04-22 09:31:23,881 [WARN] ConditionMgr:1044 - genDependencies : Invalid condition id : UX DEVICE CLASS RTOS Condition cause : null
2026-04-22 09:31:23,881 [WARN] ConditionMgr:1044 - genDependencies : Invalid condition id : UX DEVICE CLASS RTOS Condition cause : null
2026-04-22 09:31:23,881 [WARN] ConditionMgr:1044 - genDependencies : Invalid condition id : UX DEVICE CLASS RTOS Condition cause : null
2026-04-22 09:31:23,886 [WARN] ConditionMgr:438 - getConditionDescription Invalid condition id : Cortex-A Device cause : null
2026-04-22 09:31:23,897 [WARN] ConditionMgr:1044 - genDependencies : Invalid condition id : Cortex-A Device cause : null
2026-04-22 09:31:23,897 [WARN] ConditionMgr:1044 - genDependencies : Invalid condition id : Cortex-A Device cause : null
2026-04-22 09:31:23,897 [WARN] ConditionMgr:1044 - genDependencies : Invalid condition id : Cortex-A Device cause : null
2026-04-22 09:31:23,905 [WARN] PackLoader:240 - Cannot read IP mode file for STMicroelectronics.X-CUBE-STSE01.2.0.0
2026-04-22 09:31:23,917 [WARN] PackLoader:240 - Cannot read IP mode file for STMicroelectronics.X-CUBE-SUBG2.5.0.0
2026-04-22 09:31:23,940 [WARN] PackLoader:240 - Cannot read IP mode file for STMicroelectronics.X-CUBE-AZRTOS-G4.2.0.0
2026-04-22 09:31:23,947 [WARN] PackLoader:240 - Cannot read IP mode file for wolfSSL.I-CUBE-wolfSSH.1.4.20
2026-04-22 09:31:23,956 [WARN] PackLoader:240 - Cannot read IP mode file for STMicroelectronics.X-CUBE-NFC7.2.0.0
2026-04-22 09:31:23,962 [WARN] PackLoader:240 - Cannot read IP mode file for STMicroelectronics.X-CUBE-ALS.1.0.2
2026-04-22 09:31:23,971 [WARN] PackLoader:240 - Cannot read IP mode file for STMicroelectronics.X-CUBE-TOF1.3.4.3
2026-04-22 09:31:23,978 [INFO] ThirdParty:978 - Integrity check success = true
2026-04-22 09:31:23,978 [INFO] IntegrityCheckThread:100 - exiting critical section [integrity check]
2026-04-22 09:31:23,978 [INFO] IntegrityCheckThread:103 - End integrity checks thread
2026-04-22 09:32:35,092 [INFO] WebApp:194 - Connection lost
2026-04-22 09:32:35,606 [INFO] WebApp:191 - Connection restablished
2026-04-22 10:30:47,479 [INFO] WebApp:194 - Connection lost
2026-04-22 10:30:49,184 [INFO] WebApp:191 - Connection restablished
2026-04-22 11:31:47,480 [INFO] WebApp:194 - Connection lost
2026-04-22 11:31:48,743 [INFO] WebApp:191 - Connection restablished
2026-04-22 12:30:50,643 [INFO] WebApp:194 - Connection lost
2026-04-22 12:30:52,498 [INFO] WebApp:191 - Connection restablished
2026-04-22 14:04:11,738 [INFO] WebApp:194 - Connection lost
2026-04-22 14:04:15,256 [INFO] WebApp:191 - Connection restablished
2026-04-22 14:43:56,149 [ERROR] LogOutputStream:75 - [STDERR_REDIRECT] 
2026-04-22 14:44:10,493 [INFO] Activator:176 - 


2026-04-22 14:44:10,494 [INFO] Activator:177 - !SESSION log4j initialized
2026-04-22 14:44:15,556 [INFO] LogOutputStream:77 - [STDOUT_REDIRECT] 
2026-04-22 14:44:16,382 [INFO] ApplicationProperties:184 - Using Application install path: C:\ST\STM32CubeIDE_1.19.0\STM32CubeIDE\plugins\com.st.stm32cube.common.mx_6.15.0.202507011659
2026-04-22 14:44:16,399 [INFO] DbMcusXml:78 - Set database path to: C:\ST\STM32CubeIDE_1.19.0\STM32CubeIDE\plugins\com.st.stm32cube.common.mx_6.15.0.202507011659\\db\/mcu/
2026-04-22 14:44:16,400 [INFO] ApiDb:274 - Set plugin database path to: C:\ST\STM32CubeIDE_1.19.0\STM32CubeIDE\plugins\com.st.stm32cube.common.mx_6.15.0.202507011659\\db\/plugins/boardmanager/
2026-04-22 14:44:16,400 [WARN] ApiDb:259 - Overriding images path with different value:  => C:\ST\STM32CubeIDE_1.19.0\STM32CubeIDE\plugins\com.st.stm32cube.common.mx_6.15.0.202507011659\\db\/plugins/mcufinder/images/
2026-04-22 14:44:16,409 [INFO] ApiDb:250 - Set database path to: C:\Users\vamsh\.stmcufinder\plugins\mcufinder//mcu/
2026-04-22 14:44:16,410 [INFO] DbMcusAds:125 - Set database path to: C:\Users\vamsh\.stmcufinder\plugins\mcufinder//mcu/
2026-04-22 14:44:16,412 [INFO] CrossReferenceDbSqlite:203 - Set database path to: C:\Users\vamsh\.stmcufinder\plugins\mcufinder//mcu/cs/
2026-04-22 14:44:16,505 [INFO] RulesReader:64 - Compatibility file has been processed (317 Rules)
2026-04-22 14:44:16,588 [INFO] DbMcusXml:78 - Set database path to: C:\ST\STM32CubeIDE_1.19.0\STM32CubeIDE\plugins\com.st.stm32cube.common.mx_6.15.0.202507011659\\db\/mcu/
2026-04-22 14:44:16,588 [INFO] ApiDb:274 - Set plugin database path to: C:\ST\STM32CubeIDE_1.19.0\STM32CubeIDE\plugins\com.st.stm32cube.common.mx_6.15.0.202507011659\\db\/plugins/boardmanager/
2026-04-22 14:44:16,588 [INFO] ApiDb:261 - Set plugin images path to: C:\ST\STM32CubeIDE_1.19.0\STM32CubeIDE\plugins\com.st.stm32cube.common.mx_6.15.0.202507011659\\db\/plugins/mcufinder/images/
2026-04-22 14:44:16,588 [WARN] DbFile:41 - Overriding database path with different value: C:\Users\vamsh\.stmcufinder\plugins\mcufinder/ => C:\Users\vamsh\.stmcufinder\plugins\mcufinder
2026-04-22 14:44:16,588 [INFO] ApiDb:250 - Set database path to: C:\Users\vamsh\.stmcufinder\plugins\mcufinder//mcu/
2026-04-22 14:44:16,588 [WARN] DbFile:41 - Overriding database path with different value: C:\Users\vamsh\.stmcufinder\plugins\mcufinder/ => C:\Users\vamsh\.stmcufinder\plugins\mcufinder
2026-04-22 14:44:16,588 [INFO] DbMcusAds:125 - Set database path to: C:\Users\vamsh\.stmcufinder\plugins\mcufinder//mcu/
2026-04-22 14:44:16,589 [WARN] DbFile:41 - Overriding database path with different value: C:\Users\vamsh\.stmcufinder\plugins\mcufinder/ => C:\Users\vamsh\.stmcufinder\plugins\mcufinder
2026-04-22 14:44:16,589 [WARN] DbFile:41 - Overriding database path with different value: C:\Users\vamsh\.stmcufinder\plugins\mcufinder/ => C:\Users\vamsh\.stmcufinder\plugins\mcufinder
2026-04-22 14:44:16,589 [INFO] CrossReferenceDbSqlite:203 - Set database path to: C:\Users\vamsh\.stmcufinder\plugins\mcufinder//mcu/cs/
2026-04-22 14:44:16,666 [INFO] MainPanel:274 - HeapMemory: 268435456
2026-04-22 14:44:16,777 [INFO] DbMcusXml:78 - Set database path to: C:\ST\STM32CubeIDE_1.19.0\STM32CubeIDE\plugins\com.st.stm32cube.common.mx_6.15.0.202507011659\\db\/mcu/
2026-04-22 14:44:16,777 [INFO] ApiDb:274 - Set plugin database path to: C:\ST\STM32CubeIDE_1.19.0\STM32CubeIDE\plugins\com.st.stm32cube.common.mx_6.15.0.202507011659\\db\/plugins/boardmanager/
2026-04-22 14:44:16,777 [INFO] ApiDb:261 - Set plugin images path to: C:\ST\STM32CubeIDE_1.19.0\STM32CubeIDE\plugins\com.st.stm32cube.common.mx_6.15.0.202507011659\\db\/plugins/mcufinder/images/
2026-04-22 14:44:16,778 [WARN] DbFile:41 - Overriding database path with different value: C:\Users\vamsh\.stmcufinder\plugins\mcufinder/ => C:\Users\vamsh\.stmcufinder\plugins\mcufinder
2026-04-22 14:44:16,778 [INFO] ApiDb:250 - Set database path to: C:\Users\vamsh\.stmcufinder\plugins\mcufinder//mcu/
2026-04-22 14:44:16,778 [WARN] DbFile:41 - Overriding database path with different value: C:\Users\vamsh\.stmcufinder\plugins\mcufinder/ => C:\Users\vamsh\.stmcufinder\plugins\mcufinder
2026-04-22 14:44:16,778 [INFO] DbMcusAds:125 - Set database path to: C:\Users\vamsh\.stmcufinder\plugins\mcufinder//mcu/
2026-04-22 14:44:16,778 [WARN] DbFile:41 - Overriding database path with different value: C:\Users\vamsh\.stmcufinder\plugins\mcufinder/ => C:\Users\vamsh\.stmcufinder\plugins\mcufinder
2026-04-22 14:44:16,778 [WARN] DbFile:41 - Overriding database path with different value: C:\Users\vamsh\.stmcufinder\plugins\mcufinder/ => C:\Users\vamsh\.stmcufinder\plugins\mcufinder
2026-04-22 14:44:16,778 [INFO] CrossReferenceDbSqlite:203 - Set database path to: C:\Users\vamsh\.stmcufinder\plugins\mcufinder//mcu/cs/
2026-04-22 14:44:16,795 [INFO] ApplicationProperties:184 - Using Application install path: C:\ST\STM32CubeIDE_1.19.0\STM32CubeIDE\plugins\com.st.stm32cube.common.mx_6.15.0.202507011659
2026-04-22 14:44:16,797 [INFO] PluginManage:196 - Search for loadable plugins [exclusion list=, ]
2026-04-22 14:44:16,799 [INFO] PluginManage:310 - Check plugin analytics
2026-04-22 14:44:17,005 [INFO] AnalyticsPlugin:253 - Accepted Software Licenses: 
2026-04-22 14:44:17,006 [INFO] AnalyticsPlugin:255 - Accepted CMSIS Pack Licenses: 
2026-04-22 14:44:17,006 [INFO] AnalyticsPlugin:257 - Accepted Firmware Licenses: FW.L4.1.18.0
2026-04-22 14:44:17,009 [INFO] PluginManage:359 - Loaded plugin analytics (category:tool,tabindex:-1)
2026-04-22 14:44:17,010 [INFO] PluginManage:310 - Check plugin cadmodel
2026-04-22 14:44:17,017 [INFO] CADModel:105 - Init CAD model plugin
2026-04-22 14:44:17,017 [INFO] PluginManage:359 - Loaded plugin cadmodel (category:power,tabindex:5)
2026-04-22 14:44:17,017 [INFO] PluginManage:310 - Check plugin clock
2026-04-22 14:44:17,028 [INFO] PluginManage:359 - Loaded plugin clock (category:base,tabindex:2)
2026-04-22 14:44:17,028 [INFO] PluginManage:310 - Check plugin ddr
2026-04-22 14:44:17,031 [INFO] PluginManage:359 - Loaded plugin ddr (category:tool,tabindex:6)
2026-04-22 14:44:17,031 [INFO] PluginManage:310 - Check plugin filemanager
2026-04-22 14:44:17,182 [INFO] PluginManage:359 - Loaded plugin filemanager (category:base,tabindex:10)
2026-04-22 14:44:17,182 [INFO] PluginManage:310 - Check plugin ipmanager
2026-04-22 14:44:17,189 [INFO] PluginManage:359 - Loaded plugin ipmanager (category:base,tabindex:5)
2026-04-22 14:44:17,189 [INFO] PluginManage:310 - Check plugin lpbam
2026-04-22 14:44:17,198 [INFO] PluginManage:359 - Loaded plugin lpbam (category:base,tabindex:0)
2026-04-22 14:44:17,198 [INFO] PluginManage:310 - Check plugin memorymap
2026-04-22 14:44:17,214 [INFO] PluginManage:359 - Loaded plugin memorymap (category:base,tabindex:4)
2026-04-22 14:44:17,214 [INFO] PluginManage:310 - Check plugin pinoutandconfiguration
2026-04-22 14:44:17,225 [INFO] PluginManage:359 - Loaded plugin pinoutandconfiguration (category:base,tabindex:1)
2026-04-22 14:44:17,225 [INFO] PluginManage:310 - Check plugin pinoutconfig
2026-04-22 14:44:17,308 [WARN] SupportedApi:132 - Cannot load RTOS API schema: s4s-elt-must-match.1: The content of 'definitions' must match (annotation?, (simpleType | complexType)?, (unique | key | keyref)*)). A problem was found starting at: attribute.
2026-04-22 14:44:17,436 [INFO] PluginManage:359 - Loaded plugin pinoutconfig (category:base,tabindex:0)
2026-04-22 14:44:17,436 [INFO] PluginManage:310 - Check plugin power
2026-04-22 14:44:17,445 [INFO] PluginManage:359 - Loaded plugin power (category:power,tabindex:4)
2026-04-22 14:44:17,445 [INFO] PluginManage:310 - Check plugin projectmanager
2026-04-22 14:44:17,457 [INFO] PluginManage:359 - Loaded plugin projectmanager (category:projectmanager,tabindex:4)
2026-04-22 14:44:17,457 [INFO] PluginManage:310 - Check plugin rif
2026-04-22 14:44:17,466 [INFO] PluginManage:359 - Loaded plugin rif (category:base,tabindex:3)
2026-04-22 14:44:17,467 [INFO] PluginManage:310 - Check plugin thirdparty
2026-04-22 14:44:17,611 [INFO] PluginManage:359 - Loaded plugin thirdparty (category:base,tabindex:-1)
2026-04-22 14:44:17,611 [WARN] IntegrityCheckThread:84 - waiting for thirdparty lock release [integrity check]
2026-04-22 14:44:17,611 [INFO] PluginManage:310 - Check plugin tools
2026-04-22 14:44:17,611 [INFO] IntegrityCheckThread:86 - entering critical section [integrity check]
2026-04-22 14:44:17,611 [INFO] ThirdPartyUpdaterWithRetryManager:70 - Updater plugin not ready yet. [1/15]
2026-04-22 14:44:17,614 [INFO] PluginManage:359 - Loaded plugin tools (category:base,tabindex:7)
2026-04-22 14:44:17,614 [INFO] PluginManage:310 - Check plugin tutovideos
2026-04-22 14:44:17,813 [INFO] PluginManage:359 - Loaded plugin tutovideos (category:base,tabindex:-1)
2026-04-22 14:44:17,813 [INFO] PluginManage:310 - Check plugin updater
2026-04-22 14:44:17,835 [INFO] PluginManage:359 - Loaded plugin updater (category:base,tabindex:12)
2026-04-22 14:44:17,836 [INFO] PluginManage:310 - Check plugin userauth
2026-04-22 14:44:17,841 [INFO] UserAuth:118 - Init User Auth plugin
2026-04-22 14:44:17,841 [INFO] PluginManage:359 - Loaded plugin userauth (category:base,tabindex:14)
2026-04-22 14:44:17,842 [INFO] PluginManage:283 - PluginManage : Loaded plugins [18]
2026-04-22 14:44:18,065 [INFO] PinOutPanel:1589 - setPackage(No Configuration,No Configuration)
2026-04-22 14:44:18,137 [INFO] CADModel:165 - CPN selected for project level
2026-04-22 14:44:18,137 [INFO] CADModel:114 - Register for checkConnection events
2026-04-22 14:44:18,160 [INFO] IPUIPlugin:80 - create IPUIPlugin
2026-04-22 14:44:18,160 [INFO] PluginManager:220 - loadIPPluginJar : add adc
2026-04-22 14:44:18,164 [INFO] IPUIPlugin:80 - create IPUIPlugin
2026-04-22 14:44:18,164 [INFO] PluginManager:220 - loadIPPluginJar : add aes
2026-04-22 14:44:18,167 [INFO] IPUIPlugin:80 - create IPUIPlugin
2026-04-22 14:44:18,167 [INFO] PluginManager:220 - loadIPPluginJar : add can
2026-04-22 14:44:18,169 [INFO] IPUIPlugin:80 - create IPUIPlugin
2026-04-22 14:44:18,170 [INFO] PluginManager:220 - loadIPPluginJar : add comp
2026-04-22 14:44:18,173 [INFO] IPUIPlugin:80 - create IPUIPlugin
2026-04-22 14:44:18,173 [INFO] PluginManager:220 - loadIPPluginJar : add cryp
2026-04-22 14:44:18,177 [INFO] IPUIPlugin:80 - create IPUIPlugin
2026-04-22 14:44:18,177 [INFO] PluginManager:220 - loadIPPluginJar : add ddr_ctrl_phy
2026-04-22 14:44:18,180 [INFO] IPUIPlugin:80 - create IPUIPlugin
2026-04-22 14:44:18,180 [INFO] PluginManager:220 - loadIPPluginJar : add dfsdm
2026-04-22 14:44:18,185 [INFO] IPUIPlugin:80 - create IPUIPlugin
2026-04-22 14:44:18,186 [INFO] PluginManager:220 - loadIPPluginJar : add dma
2026-04-22 14:44:18,190 [INFO] IPUIPlugin:80 - create IPUIPlugin
2026-04-22 14:44:18,190 [INFO] PluginManager:220 - loadIPPluginJar : add dma3
2026-04-22 14:44:18,194 [INFO] IPUIPlugin:80 - create IPUIPlugin
2026-04-22 14:44:18,194 [INFO] PluginManager:220 - loadIPPluginJar : add extmemmanager
2026-04-22 14:44:18,197 [INFO] IPUIPlugin:80 - create IPUIPlugin
2026-04-22 14:44:18,197 [INFO] PluginManager:220 - loadIPPluginJar : add fatfs
2026-04-22 14:44:18,203 [INFO] IPUIPlugin:80 - create IPUIPlugin
2026-04-22 14:44:18,203 [INFO] PluginManager:220 - loadIPPluginJar : add fmc
2026-04-22 14:44:18,211 [INFO] IPUIPlugin:80 - create IPUIPlugin
2026-04-22 14:44:18,211 [INFO] PluginManager:220 - loadIPPluginJar : add freertos
2026-04-22 14:44:18,213 [INFO] IPUIPlugin:80 - create IPUIPlugin
2026-04-22 14:44:18,213 [INFO] PluginManager:220 - loadIPPluginJar : add genericplugin
2026-04-22 14:44:18,217 [INFO] IPUIPlugin:80 - create IPUIPlugin
2026-04-22 14:44:18,217 [INFO] PluginManager:220 - loadIPPluginJar : add gfxmmu
2026-04-22 14:44:18,222 [INFO] IPUIPlugin:80 - create IPUIPlugin
2026-04-22 14:44:18,223 [INFO] PluginManager:220 - loadIPPluginJar : add gic
2026-04-22 14:44:18,227 [INFO] IPUIPlugin:80 - create IPUIPlugin
2026-04-22 14:44:18,228 [INFO] PluginManager:220 - loadIPPluginJar : add gpio
2026-04-22 14:44:18,232 [INFO] IPUIPlugin:80 - create IPUIPlugin
2026-04-22 14:44:18,232 [INFO] PluginManager:220 - loadIPPluginJar : add gtzc
2026-04-22 14:44:18,237 [INFO] IPUIPlugin:80 - create IPUIPlugin
2026-04-22 14:44:18,237 [INFO] PluginManager:220 - loadIPPluginJar : add hash
2026-04-22 14:44:18,241 [INFO] IPUIPlugin:80 - create IPUIPlugin
2026-04-22 14:44:18,241 [INFO] PluginManager:220 - loadIPPluginJar : add i2c
2026-04-22 14:44:18,245 [INFO] IPUIPlugin:80 - create IPUIPlugin
2026-04-22 14:44:18,245 [INFO] PluginManager:220 - loadIPPluginJar : add i2s
2026-04-22 14:44:18,250 [INFO] IPUIPlugin:80 - create IPUIPlugin
2026-04-22 14:44:18,250 [INFO] PluginManager:220 - loadIPPluginJar : add i3c
2026-04-22 14:44:18,255 [INFO] IPUIPlugin:80 - create IPUIPlugin
2026-04-22 14:44:18,255 [INFO] PluginManager:220 - loadIPPluginJar : add ipddr
2026-04-22 14:44:18,264 [INFO] IPUIPlugin:80 - create IPUIPlugin
2026-04-22 14:44:18,265 [INFO] PluginManager:220 - loadIPPluginJar : add linkedlist
2026-04-22 14:44:18,269 [INFO] IPUIPlugin:80 - create IPUIPlugin
2026-04-22 14:44:18,269 [INFO] PluginManager:220 - loadIPPluginJar : add lorawan
2026-04-22 14:44:18,271 [INFO] IPUIPlugin:80 - create IPUIPlugin
2026-04-22 14:44:18,271 [INFO] PluginManager:220 - loadIPPluginJar : add ltdc
2026-04-22 14:44:18,277 [INFO] IPUIPlugin:80 - create IPUIPlugin
2026-04-22 14:44:18,277 [INFO] PluginManager:220 - loadIPPluginJar : add mdma
2026-04-22 14:44:18,280 [INFO] IPUIPlugin:80 - create IPUIPlugin
2026-04-22 14:44:18,280 [INFO] PluginManager:220 - loadIPPluginJar : add nvic
2026-04-22 14:44:18,283 [INFO] IPUIPlugin:80 - create IPUIPlugin
2026-04-22 14:44:18,284 [INFO] PluginManager:220 - loadIPPluginJar : add opamp
2026-04-22 14:44:18,286 [INFO] IPUIPlugin:80 - create IPUIPlugin
2026-04-22 14:44:18,286 [INFO] PluginManager:220 - loadIPPluginJar : add openamp
2026-04-22 14:44:18,289 [INFO] IPUIPlugin:80 - create IPUIPlugin
2026-04-22 14:44:18,289 [INFO] PluginManager:220 - loadIPPluginJar : add pdm2pcm
2026-04-22 14:44:18,294 [INFO] IPUIPlugin:80 - create IPUIPlugin
2026-04-22 14:44:18,296 [INFO] PluginManager:220 - loadIPPluginJar : add plateformsettings
2026-04-22 14:44:18,297 [INFO] IPUIPlugin:80 - create IPUIPlugin
2026-04-22 14:44:18,298 [INFO] PluginManager:220 - loadIPPluginJar : add quadspi
2026-04-22 14:44:18,300 [INFO] IPUIPlugin:80 - create IPUIPlugin
2026-04-22 14:44:18,300 [INFO] PluginManager:220 - loadIPPluginJar : add radio
2026-04-22 14:44:18,303 [INFO] IPUIPlugin:80 - create IPUIPlugin
2026-04-22 14:44:18,303 [INFO] PluginManager:220 - loadIPPluginJar : add resmgrutility
2026-04-22 14:44:18,306 [INFO] IPUIPlugin:80 - create IPUIPlugin
2026-04-22 14:44:18,306 [INFO] PluginManager:220 - loadIPPluginJar : add sai
2026-04-22 14:44:18,308 [INFO] IPUIPlugin:80 - create IPUIPlugin
2026-04-22 14:44:18,308 [INFO] PluginManager:220 - loadIPPluginJar : add spi
2026-04-22 14:44:18,313 [INFO] IPUIPlugin:80 - create IPUIPlugin
2026-04-22 14:44:18,314 [INFO] PluginManager:220 - loadIPPluginJar : add stm32_wpan
2026-04-22 14:44:18,315 [INFO] IPUIPlugin:80 - create IPUIPlugin
2026-04-22 14:44:18,315 [INFO] PluginManager:220 - loadIPPluginJar : add tim
2026-04-22 14:44:18,319 [INFO] IPUIPlugin:80 - create IPUIPlugin
2026-04-22 14:44:18,319 [INFO] PluginManager:220 - loadIPPluginJar : add touchsensing
2026-04-22 14:44:18,321 [INFO] IPUIPlugin:80 - create IPUIPlugin
2026-04-22 14:44:18,321 [INFO] PluginManager:220 - loadIPPluginJar : add tracer_emb
2026-04-22 14:44:18,323 [INFO] IPUIPlugin:80 - create IPUIPlugin
2026-04-22 14:44:18,323 [INFO] PluginManager:220 - loadIPPluginJar : add ts
2026-04-22 14:44:18,325 [INFO] IPUIPlugin:80 - create IPUIPlugin
2026-04-22 14:44:18,325 [INFO] PluginManager:220 - loadIPPluginJar : add tsc
2026-04-22 14:44:18,328 [INFO] IPUIPlugin:80 - create IPUIPlugin
2026-04-22 14:44:18,328 [INFO] PluginManager:220 - loadIPPluginJar : add ucpd
2026-04-22 14:44:18,331 [INFO] IPUIPlugin:80 - create IPUIPlugin
2026-04-22 14:44:18,331 [INFO] PluginManager:220 - loadIPPluginJar : add usart
2026-04-22 14:44:18,333 [INFO] IPUIPlugin:80 - create IPUIPlugin
2026-04-22 14:44:18,333 [INFO] PluginManager:220 - loadIPPluginJar : add usbx
2026-04-22 14:44:18,448 [FATAL] Updater:351 - Updater called before beeing initialized
2026-04-22 14:44:18,468 [INFO] RulesReader:64 - Compatibility file has been processed (317 Rules)
2026-04-22 14:44:18,475 [INFO] RulesReader:64 - Compatibility file has been processed (317 Rules)
2026-04-22 14:44:18,483 [INFO] CADModel:165 - CPN selected for project level
2026-04-22 14:44:18,483 [INFO] CADModel:114 - Register for checkConnection events
2026-04-22 14:44:18,483 [FATAL] Updater:351 - Updater called before beeing initialized
2026-04-22 14:44:18,483 [ERROR] CADModel:125 - Updater not yet initialized, retry later 
2026-04-22 14:44:18,631 [FATAL] Updater:351 - Updater called before beeing initialized
2026-04-22 14:44:18,633 [INFO] CADModel:165 - CPN selected for project level
2026-04-22 14:44:18,633 [INFO] CADModel:114 - Register for checkConnection events
2026-04-22 14:44:18,633 [FATAL] Updater:351 - Updater called before beeing initialized
2026-04-22 14:44:18,633 [ERROR] CADModel:125 - Updater not yet initialized, retry later 
2026-04-22 14:44:18,635 [FATAL] Updater:351 - Updater called before beeing initialized
2026-04-22 14:44:18,737 [FATAL] Updater:351 - Updater called before beeing initialized
2026-04-22 14:44:18,740 [INFO] DbMcusAds:53 - JSON generation date=Fri Apr 10 14:49:02 IST 2026 (1775812742310)
2026-04-22 14:44:18,740 [FATAL] Updater:351 - Updater called before beeing initialized
2026-04-22 14:44:18,777 [WARN] DetailPanel:346 - Failed to get advertising image, set to default
2026-04-22 14:44:18,861 [FATAL] Updater:351 - Updater called before beeing initialized
2026-04-22 14:44:18,863 [FATAL] Updater:351 - Updater called before beeing initialized
2026-04-22 14:44:18,863 [FATAL] Updater:351 - Updater called before beeing initialized
2026-04-22 14:44:18,863 [WARN] DetailPanel:346 - Failed to get advertising image, set to default
2026-04-22 14:44:18,864 [FATAL] Updater:351 - Updater called before beeing initialized
2026-04-22 14:44:18,916 [ERROR] Updater:1198 - MainUpdater not yet initialized. External WinMGr cannot be set.
2026-04-22 14:44:18,919 [INFO] Updater:1134 - Updater Version found : 6.15.0
2026-04-22 14:44:18,934 [INFO] ApplicationProperties:184 - Using Application install path: C:\ST\STM32CubeIDE_1.19.0\STM32CubeIDE\plugins\com.st.stm32cube.common.mx_6.15.0.202507011659
2026-04-22 14:44:20,506 [ERROR] LogOutputStream:75 - [STDERR_REDIRECT] Apr 22, 2026 2:44:20 PM java.util.prefs.WindowsPreferences <init>
2026-04-22 14:44:20,508 [ERROR] LogOutputStream:75 - [STDERR_REDIRECT] WARNING: Could not open/create prefs root node Software\JavaSoft\Prefs at root 0xffffffff80000002. Windows RegCreateKeyEx(...) returned error code 5.
2026-04-22 14:44:20,508 [ERROR] LogOutputStream:75 - [STDERR_REDIRECT] 
2026-04-22 14:44:20,612 [INFO] ThirdPartyUpdaterWithRetryManager:70 - Updater plugin not ready yet. [2/15]
2026-04-22 14:44:20,832 [INFO] MainUpdater:2872 - connection check result : 10
2026-04-22 14:44:20,833 [INFO] MainUpdater:289 - Updater Check For Update Now.
2026-04-22 14:44:20,833 [INFO] MicroXplorer:498 - Change Database Version : DB.6.0.150
2026-04-22 14:44:20,845 [INFO] McuFinderGlobals:63 - Set McuFinder mode to 2 (CubeIDE integrated)
2026-04-22 14:44:20,846 [INFO] UserAuth:487 - Internet connection configuration mode: 1
2026-04-22 14:44:20,882 [INFO] JxBrowserEngine:152 - Initiate JxBrowser Engine with user profile folder
2026-04-22 14:44:21,004 [INFO] CheckServerUpdateThread:120 - End of CheckServer Thread
2026-04-22 14:44:21,726 [INFO] WebApp:169 - Instantiating new browser for Auth
2026-04-22 14:44:22,566 [INFO] WebApp:463 - Apply proxy settings
2026-04-22 14:44:22,566 [INFO] WebApp:548 - Chromium requires no authentication
2026-04-22 14:44:22,581 [INFO] WebApp:491 - Direct internet connection detected
2026-04-22 14:44:22,619 [INFO] WebApp:900 - Register for checkConnection events
2026-04-22 14:44:22,619 [INFO] WebApp:463 - Apply proxy settings
2026-04-22 14:44:22,620 [INFO] WebApp:548 - Chromium requires no authentication
2026-04-22 14:44:22,620 [INFO] WebApp:491 - Direct internet connection detected
2026-04-22 14:44:22,824 [INFO] WebApp:191 - Connection restablished
2026-04-22 14:44:22,835 [INFO] WebApp:225 - Starting web application
2026-04-22 14:44:22,835 [INFO] WebApp:593 - Web application path used C:\ST\STM32CubeIDE_1.19.0\STM32CubeIDE\plugins\com.st.stm32cube.common.mx_6.15.0.202507011659\db\plugins\mcufinder\reactClient1\index.html
2026-04-22 14:44:23,363 [INFO] UserAuth:487 - Internet connection configuration mode: 1
2026-04-22 14:44:24,037 [WARN] PackLoader:240 - Cannot read IP mode file for STMicroelectronics.X-CUBE-AZRTOS-H7.3.5.0
2026-04-22 14:44:24,049 [WARN] PackLoader:240 - Cannot read IP mode file for STMicroelectronics.FP-ATR-ASTRA1.2.0.2
2026-04-22 14:44:24,058 [WARN] PackLoader:240 - Cannot read IP mode file for STMicroelectronics.X-CUBE-SMBUS.2.1.0
2026-04-22 14:44:24,073 [WARN] PackLoader:240 - Cannot read IP mode file for STMicroelectronics.X-CUBE-AZRTOS-F7.1.1.0
2026-04-22 14:44:24,079 [WARN] PackLoader:240 - Cannot read IP mode file for STMicroelectronics.FP-SNS-MOTENV1.5.1.0
2026-04-22 14:44:24,089 [WARN] PackLoader:240 - Cannot read IP mode file for WES.I-CUBE-Cesium.1.4.0
2026-04-22 14:44:24,098 [WARN] PackLoader:240 - Cannot read IP mode file for STMicroelectronics.X-CUBE-DISPLAY.3.0.0
2026-04-22 14:44:24,107 [WARN] PackLoader:240 - Cannot read IP mode file for STMicroelectronics.FP-SNS-MOTENVWB1.1.5.0
2026-04-22 14:44:24,116 [WARN] PackLoader:240 - Cannot read IP mode file for STMicroelectronics.X-CUBE-NFC10.1.0.0
2026-04-22 14:44:24,122 [WARN] PackLoader:240 - Cannot read IP mode file for STMicroelectronics.X-CUBE-ST60.1.1.0
2026-04-22 14:44:24,130 [WARN] PackLoader:240 - Cannot read IP mode file for emotas.I-CUBE-CANOPEN.1.3.0
2026-04-22 14:44:24,136 [WARN] PackLoader:240 - Cannot read IP mode file for STMicroelectronics.X-CUBE-GNSS1.7.1.0
2026-04-22 14:44:24,146 [WARN] PackLoader:240 - Cannot read IP mode file for STMicroelectronics.FP-SNS-STBOX1.2.1.0
2026-04-22 14:44:24,152 [WARN] PackLoader:240 - Cannot read IP mode file for STMicroelectronics.FP-SNS-SMARTAG2.1.2.0
2026-04-22 14:44:24,157 [WARN] PackLoader:240 - Cannot read IP mode file for STMicroelectronics.FP-SNS-FLIGHT1.5.1.0
2026-04-22 14:44:24,166 [INFO] LogOutputStream:77 - [STDOUT_REDIRECT] 1 : Invalid condition id : UX_CORESTACK_Condition cause : null
2026-04-22 14:44:24,166 [INFO] LogOutputStream:77 - [STDOUT_REDIRECT] 1 : Invalid condition id : UX_CORESTACK_Condition cause : null
2026-04-22 14:44:24,167 [INFO] LogOutputStream:77 - [STDOUT_REDIRECT] 1 : Invalid condition id : UX_CORESTACK_Condition cause : null
2026-04-22 14:44:24,167 [INFO] LogOutputStream:77 - [STDOUT_REDIRECT] 1 : Invalid condition id : UX_CORESTACK_Condition cause : null
2026-04-22 14:44:24,168 [INFO] LogOutputStream:77 - [STDOUT_REDIRECT] 1 : Invalid condition id : UX_CORESTACK_Condition cause : null
2026-04-22 14:44:24,171 [WARN] PackLoader:240 - Cannot read IP mode file for STMicroelectronics.X-CUBE-AZRTOS-WL.2.0.0
2026-04-22 14:44:24,188 [WARN] PackLoader:240 - Cannot read IP mode file for STMicroelectronics.X-CUBE-AZRTOS-H7RS.1.2.0
2026-04-22 14:44:24,198 [WARN] PackLoader:240 - Cannot read IP mode file for STMicroelectronics.X-CUBE-BLE2.3.3.0
2026-04-22 14:44:24,247 [WARN] PackLoader:240 - Cannot read IP mode file for Infineon.AIROC-Wi-Fi-Bluetooth-STM32.1.8.0
2026-04-22 14:44:24,266 [WARN] PackLoader:240 - Cannot read IP mode file for STMicroelectronics.X-CUBE-NFC9.1.0.0
2026-04-22 14:44:24,276 [WARN] PackLoader:240 - Cannot read IP mode file for STMicroelectronics.X-CUBE-BLE1.7.1.0
2026-04-22 14:44:24,307 [WARN] PackLoader:240 - Cannot read IP mode file for wolfSSL.I-CUBE-wolfMQTT.1.19.2
2026-04-22 14:44:24,318 [WARN] PackLoader:240 - Cannot read IP mode file for STMicroelectronics.X-CUBE-EEPRMA1.5.2.0
2026-04-22 14:44:24,326 [WARN] PackLoader:240 - Cannot read IP mode file for wolfSSL.I-CUBE-wolfSSL.5.8.4
2026-04-22 14:44:24,335 [WARN] PackLoader:240 - Cannot read IP mode file for Cesanta.I-CUBE-Mongoose.7.20.0
2026-04-22 14:44:24,372 [WARN] PackLoader:240 - Cannot read IP mode file for STMicroelectronics.X-CUBE-MEMS1.12.0.0
2026-04-22 14:44:24,442 [WARN] PackLoader:240 - Cannot read IP mode file for STMicroelectronics.X-CUBE-AZRTOS-G0.1.1.0
2026-04-22 14:44:24,449 [WARN] PackLoader:240 - Cannot read IP mode file for STMicroelectronics.X-CUBE-NFC4.3.0.0
2026-04-22 14:44:24,456 [WARN] PackLoader:240 - Cannot read IP mode file for EmbeddedOffice.I-CUBE-FS-RTOS.1.0.1
2026-04-22 14:44:24,461 [WARN] PackLoader:240 - Cannot read IP mode file for STMicroelectronics.X-CUBE-WB05N.2.0.0
2026-04-22 14:44:24,465 [WARN] PackLoader:240 - Cannot read IP mode file for wolfSSL.I-CUBE-wolfTPM.3.8.0
2026-04-22 14:44:24,469 [WARN] PackLoader:240 - Cannot read IP mode file for STMicroelectronics.X-CUBE-TCPP.4.2.0
2026-04-22 14:44:24,474 [WARN] PackLoader:240 - Cannot read IP mode file for RealThread.X-CUBE-RT-Thread_Nano.4.1.1
2026-04-22 14:44:24,481 [WARN] PackLoader:240 - Cannot read IP mode file for STMicroelectronics.FP-ATR-SIGFOX1.3.2.0
2026-04-22 14:44:24,490 [WARN] PackLoader:240 - Cannot read IP mode file for STMicroelectronics.X-CUBE-FREERTOS.1.5.0
2026-04-22 14:44:24,495 [WARN] PackLoader:240 - Cannot read IP mode file for ITTIA_DB.I-CUBE-ITTIADB.8.9.0
2026-04-22 14:44:24,502 [WARN] PackLoader:240 - Cannot read IP mode file for STMicroelectronics.X-CUBE-NFC6.3.2.0
2026-04-22 14:44:24,508 [WARN] PackLoader:240 - Cannot read IP mode file for STMicroelectronics.X-CUBE-AI.10.2.0
2026-04-22 14:44:24,526 [WARN] PackLoader:240 - Cannot read IP mode file for SEGGER.I-CUBE-embOS.1.3.1
2026-04-22 14:44:24,552 [WARN] PackLoader:240 - Cannot read IP mode file for STMicroelectronics.X-CUBE-ALGOBUILD.1.4.0
2026-04-22 14:44:24,557 [WARN] PackLoader:240 - Cannot read IP mode file for STMicroelectronics.X-CUBE-PM33A1.1.0.0
2026-04-22 14:44:24,571 [WARN] PackLoader:240 - Cannot read IP mode file for STMicroelectronics.X-CUBE-AZRTOS-F4.1.1.0
2026-04-22 14:44:24,585 [WARN] PackLoader:240 - Cannot read IP mode file for STMicroelectronics.X-CUBE-ISPU.2.1.0
2026-04-22 14:44:24,594 [WARN] PackLoader:240 - Cannot read IP mode file for STMicroelectronics.X-CUBE-IPS.3.2.0
2026-04-22 14:44:24,599 [WARN] PackLoader:240 - Cannot read IP mode file for STMicroelectronics.eDS-WB_DPC_TT-BIDIR.2.1.1
2026-04-22 14:44:24,604 [WARN] PackLoader:240 - Cannot read IP mode file for STMicroelectronics.X-CUBE-NFC12.1.0.0
2026-04-22 14:44:24,615 [WARN] PackLoader:240 - Cannot read IP mode file for STMicroelectronics.X-CUBE-AZRTOS-L5.2.0.0
2026-04-22 14:44:24,620 [WARN] PackLoader:240 - Cannot read IP mode file for STMicroelectronics.eDS-WB_DPC_VIENNA.1.2.0
2026-04-22 14:44:24,624 [WARN] PackLoader:240 - Cannot read IP mode file for STMicroelectronics.eDS-WB_DPC_3PH2L-BIDIR.1.1.1
2026-04-22 14:44:24,627 [ERROR] Engine:466 - C:\Users\vamsh\.stm32cubemx\thirdparties\pdsc\STMicroelectronics.X-CUBE-ST67W61.1.3.0.pdsc: PDSC version is not supported
2026-04-22 14:44:24,632 [WARN] PackLoader:240 - Cannot read IP mode file for STMicroelectronics.X-CUBE-TOUCHGFX.4.26.1
2026-04-22 14:44:24,637 [WARN] PackLoader:240 - Cannot read IP mode file for STMicroelectronics.FP-SNS-STAIOTCFT.1.0.0
2026-04-22 14:44:24,641 [WARN] PackLoader:240 - Cannot read IP mode file for STMicroelectronics.X-CUBE-DPower.1.3.0
2026-04-22 14:44:24,653 [WARN] ConditionMgr:438 - getConditionDescription Invalid condition id : LAN8742 Phy interface Condition cause : null
2026-04-22 14:44:24,654 [WARN] PackLoader:240 - Cannot read IP mode file for STMicroelectronics.X-CUBE-AZRTOS-L4.2.0.0
2026-04-22 14:44:24,654 [WARN] ConditionMgr:1044 - genDependencies : Invalid condition id : LAN8742 Phy interface Condition cause : null
2026-04-22 14:44:24,654 [WARN] ConditionMgr:1044 - genDependencies : Invalid condition id : LAN8742 Phy interface Condition cause : null
2026-04-22 14:44:24,655 [WARN] ConditionMgr:1044 - genDependencies : Invalid condition id : LAN8742 Phy interface Condition cause : null
2026-04-22 14:44:24,661 [WARN] PackLoader:240 - Cannot read IP mode file for STMicroelectronics.X-CUBE-SFXS2LP1.4.0.0
2026-04-22 14:44:24,667 [WARN] PackLoader:240 - Cannot read IP mode file for STMicroelectronics.X-CUBE-WB05N.2.1.0
2026-04-22 14:44:24,674 [WARN] PackLoader:240 - Cannot read IP mode file for STMicroelectronics.X-CUBE-ST67W61.1.2.0
2026-04-22 14:44:24,688 [WARN] PackLoader:240 - Cannot read IP mode file for STMicroelectronics.X-CUBE-BLEMGR.4.1.0
2026-04-22 14:44:24,700 [WARN] ConditionMgr:438 - getConditionDescription Invalid condition id : UX DEVICE CLASS RTOS Condition cause : null
2026-04-22 14:44:24,700 [WARN] ConditionMgr:438 - getConditionDescription Invalid condition id : UX DEVICE CLASS RTOS Condition cause : null
2026-04-22 14:44:24,701 [WARN] PackLoader:240 - Cannot read IP mode file for STMicroelectronics.X-CUBE-AZRTOS-WB.2.0.0
2026-04-22 14:44:24,702 [WARN] ConditionMgr:1044 - genDependencies : Invalid condition id : UX DEVICE CLASS RTOS Condition cause : null
2026-04-22 14:44:24,702 [WARN] ConditionMgr:1044 - genDependencies : Invalid condition id : UX DEVICE CLASS RTOS Condition cause : null
2026-04-22 14:44:24,702 [WARN] ConditionMgr:1044 - genDependencies : Invalid condition id : UX DEVICE CLASS RTOS Condition cause : null
2026-04-22 14:44:24,702 [WARN] ConditionMgr:1044 - genDependencies : Invalid condition id : UX DEVICE CLASS RTOS Condition cause : null
2026-04-22 14:44:24,702 [WARN] ConditionMgr:1044 - genDependencies : Invalid condition id : UX DEVICE CLASS RTOS Condition cause : null
2026-04-22 14:44:24,707 [WARN] ConditionMgr:438 - getConditionDescription Invalid condition id : Cortex-A Device cause : null
2026-04-22 14:44:24,713 [WARN] ConditionMgr:1044 - genDependencies : Invalid condition id : Cortex-A Device cause : null
2026-04-22 14:44:24,713 [WARN] ConditionMgr:1044 - genDependencies : Invalid condition id : Cortex-A Device cause : null
2026-04-22 14:44:24,713 [WARN] ConditionMgr:1044 - genDependencies : Invalid condition id : Cortex-A Device cause : null
2026-04-22 14:44:24,717 [WARN] PackLoader:240 - Cannot read IP mode file for STMicroelectronics.X-CUBE-STSE01.2.0.0
2026-04-22 14:44:24,723 [WARN] PackLoader:240 - Cannot read IP mode file for STMicroelectronics.X-CUBE-SUBG2.5.0.0
2026-04-22 14:44:24,735 [WARN] PackLoader:240 - Cannot read IP mode file for STMicroelectronics.X-CUBE-AZRTOS-G4.2.0.0
2026-04-22 14:44:24,741 [WARN] PackLoader:240 - Cannot read IP mode file for wolfSSL.I-CUBE-wolfSSH.1.4.20
2026-04-22 14:44:24,746 [WARN] PackLoader:240 - Cannot read IP mode file for STMicroelectronics.X-CUBE-NFC7.2.0.0
2026-04-22 14:44:24,750 [WARN] PackLoader:240 - Cannot read IP mode file for STMicroelectronics.X-CUBE-ALS.1.0.2
2026-04-22 14:44:24,758 [WARN] PackLoader:240 - Cannot read IP mode file for STMicroelectronics.X-CUBE-TOF1.3.4.3
2026-04-22 14:44:24,764 [INFO] ThirdParty:978 - Integrity check success = true
2026-04-22 14:44:24,764 [INFO] IntegrityCheckThread:100 - exiting critical section [integrity check]
2026-04-22 14:44:24,764 [INFO] IntegrityCheckThread:103 - End integrity checks thread
2026-04-22 15:04:13,363 [INFO] WebApp:194 - Connection lost
2026-04-22 15:04:13,853 [INFO] WebApp:191 - Connection restablished
2026-04-22 15:31:35,408 [INFO] WebApp:194 - Connection lost
2026-04-22 15:31:36,152 [INFO] WebApp:191 - Connection restablished
2026-04-22 16:04:15,000 [INFO] WebApp:194 - Connection lost
2026-04-22 16:04:15,832 [INFO] WebApp:191 - Connection restablished
2026-04-22 16:32:39,602 [INFO] WebApp:194 - Connection lost
2026-04-22 16:32:40,728 [INFO] WebApp:191 - Connection restablished
2026-04-22 17:25:15,143 [INFO] WebApp:194 - Connection lost
2026-04-22 18:17:36,011 [INFO] WebApp:191 - Connection restablished
2026-04-22 18:17:37,391 [INFO] WebApp:194 - Connection lost
2026-04-22 18:17:37,617 [INFO] WebApp:191 - Connection restablished
2026-04-22 18:21:18,726 [ERROR] LogOutputStream:75 - [STDERR_REDIRECT] 
2026-04-22 18:21:18,742 [ERROR] LogOutputStream:75 - [STDERR_REDIRECT] 
