2026-04-27 12:20:03,537 [INFO] Activator:176 - 


2026-04-27 12:20:03,546 [INFO] Activator:177 - !SESSION log4j initialized
2026-04-27 12:20:10,652 [INFO] LogOutputStream:77 - [STDOUT_REDIRECT] 
2026-04-27 12:20:11,520 [INFO] ApplicationProperties:184 - Using Application install path: C:\ST\STM32CubeIDE_1.19.0\STM32CubeIDE\plugins\com.st.stm32cube.common.mx_6.15.0.202507011659
2026-04-27 12:20:11,540 [INFO] DbMcusXml:78 - Set database path to: C:\ST\STM32CubeIDE_1.19.0\STM32CubeIDE\plugins\com.st.stm32cube.common.mx_6.15.0.202507011659\\db\/mcu/
2026-04-27 12:20:11,541 [INFO] ApiDb:274 - Set plugin database path to: C:\ST\STM32CubeIDE_1.19.0\STM32CubeIDE\plugins\com.st.stm32cube.common.mx_6.15.0.202507011659\\db\/plugins/boardmanager/
2026-04-27 12:20:11,541 [WARN] ApiDb:259 - Overriding images path with different value:  => C:\ST\STM32CubeIDE_1.19.0\STM32CubeIDE\plugins\com.st.stm32cube.common.mx_6.15.0.202507011659\\db\/plugins/mcufinder/images/
2026-04-27 12:20:11,550 [INFO] ApiDb:250 - Set database path to: C:\Users\vamsh\.stmcufinder\plugins\mcufinder//mcu/
2026-04-27 12:20:11,551 [INFO] DbMcusAds:125 - Set database path to: C:\Users\vamsh\.stmcufinder\plugins\mcufinder//mcu/
2026-04-27 12:20:11,553 [INFO] CrossReferenceDbSqlite:203 - Set database path to: C:\Users\vamsh\.stmcufinder\plugins\mcufinder//mcu/cs/
2026-04-27 12:20:11,692 [INFO] RulesReader:64 - Compatibility file has been processed (317 Rules)
2026-04-27 12:20:11,800 [INFO] DbMcusXml:78 - Set database path to: C:\ST\STM32CubeIDE_1.19.0\STM32CubeIDE\plugins\com.st.stm32cube.common.mx_6.15.0.202507011659\\db\/mcu/
2026-04-27 12:20:11,801 [INFO] ApiDb:274 - Set plugin database path to: C:\ST\STM32CubeIDE_1.19.0\STM32CubeIDE\plugins\com.st.stm32cube.common.mx_6.15.0.202507011659\\db\/plugins/boardmanager/
2026-04-27 12:20:11,801 [INFO] ApiDb:261 - Set plugin images path to: C:\ST\STM32CubeIDE_1.19.0\STM32CubeIDE\plugins\com.st.stm32cube.common.mx_6.15.0.202507011659\\db\/plugins/mcufinder/images/
2026-04-27 12:20:11,801 [WARN] DbFile:41 - Overriding database path with different value: C:\Users\vamsh\.stmcufinder\plugins\mcufinder/ => C:\Users\vamsh\.stmcufinder\plugins\mcufinder
2026-04-27 12:20:11,801 [INFO] ApiDb:250 - Set database path to: C:\Users\vamsh\.stmcufinder\plugins\mcufinder//mcu/
2026-04-27 12:20:11,801 [WARN] DbFile:41 - Overriding database path with different value: C:\Users\vamsh\.stmcufinder\plugins\mcufinder/ => C:\Users\vamsh\.stmcufinder\plugins\mcufinder
2026-04-27 12:20:11,801 [INFO] DbMcusAds:125 - Set database path to: C:\Users\vamsh\.stmcufinder\plugins\mcufinder//mcu/
2026-04-27 12:20:11,802 [WARN] DbFile:41 - Overriding database path with different value: C:\Users\vamsh\.stmcufinder\plugins\mcufinder/ => C:\Users\vamsh\.stmcufinder\plugins\mcufinder
2026-04-27 12:20:11,802 [WARN] DbFile:41 - Overriding database path with different value: C:\Users\vamsh\.stmcufinder\plugins\mcufinder/ => C:\Users\vamsh\.stmcufinder\plugins\mcufinder
2026-04-27 12:20:11,802 [INFO] CrossReferenceDbSqlite:203 - Set database path to: C:\Users\vamsh\.stmcufinder\plugins\mcufinder//mcu/cs/
2026-04-27 12:20:11,901 [INFO] MainPanel:274 - HeapMemory: 268435456
2026-04-27 12:20:12,018 [INFO] DbMcusXml:78 - Set database path to: C:\ST\STM32CubeIDE_1.19.0\STM32CubeIDE\plugins\com.st.stm32cube.common.mx_6.15.0.202507011659\\db\/mcu/
2026-04-27 12:20:12,019 [INFO] ApiDb:274 - Set plugin database path to: C:\ST\STM32CubeIDE_1.19.0\STM32CubeIDE\plugins\com.st.stm32cube.common.mx_6.15.0.202507011659\\db\/plugins/boardmanager/
2026-04-27 12:20:12,019 [INFO] ApiDb:261 - Set plugin images path to: C:\ST\STM32CubeIDE_1.19.0\STM32CubeIDE\plugins\com.st.stm32cube.common.mx_6.15.0.202507011659\\db\/plugins/mcufinder/images/
2026-04-27 12:20:12,019 [WARN] DbFile:41 - Overriding database path with different value: C:\Users\vamsh\.stmcufinder\plugins\mcufinder/ => C:\Users\vamsh\.stmcufinder\plugins\mcufinder
2026-04-27 12:20:12,019 [INFO] ApiDb:250 - Set database path to: C:\Users\vamsh\.stmcufinder\plugins\mcufinder//mcu/
2026-04-27 12:20:12,019 [WARN] DbFile:41 - Overriding database path with different value: C:\Users\vamsh\.stmcufinder\plugins\mcufinder/ => C:\Users\vamsh\.stmcufinder\plugins\mcufinder
2026-04-27 12:20:12,019 [INFO] DbMcusAds:125 - Set database path to: C:\Users\vamsh\.stmcufinder\plugins\mcufinder//mcu/
2026-04-27 12:20:12,019 [WARN] DbFile:41 - Overriding database path with different value: C:\Users\vamsh\.stmcufinder\plugins\mcufinder/ => C:\Users\vamsh\.stmcufinder\plugins\mcufinder
2026-04-27 12:20:12,019 [WARN] DbFile:41 - Overriding database path with different value: C:\Users\vamsh\.stmcufinder\plugins\mcufinder/ => C:\Users\vamsh\.stmcufinder\plugins\mcufinder
2026-04-27 12:20:12,019 [INFO] CrossReferenceDbSqlite:203 - Set database path to: C:\Users\vamsh\.stmcufinder\plugins\mcufinder//mcu/cs/
2026-04-27 12:20:12,038 [INFO] ApplicationProperties:184 - Using Application install path: C:\ST\STM32CubeIDE_1.19.0\STM32CubeIDE\plugins\com.st.stm32cube.common.mx_6.15.0.202507011659
2026-04-27 12:20:12,039 [INFO] PluginManage:196 - Search for loadable plugins [exclusion list=, ]
2026-04-27 12:20:12,042 [INFO] PluginManage:310 - Check plugin analytics
2026-04-27 12:20:12,407 [INFO] AnalyticsPlugin:253 - Accepted Software Licenses: 
2026-04-27 12:20:12,408 [INFO] AnalyticsPlugin:255 - Accepted CMSIS Pack Licenses: 
2026-04-27 12:20:12,408 [INFO] AnalyticsPlugin:257 - Accepted Firmware Licenses: FW.L4.1.18.0
2026-04-27 12:20:12,411 [INFO] PluginManage:359 - Loaded plugin analytics (category:tool,tabindex:-1)
2026-04-27 12:20:12,412 [INFO] PluginManage:310 - Check plugin cadmodel
2026-04-27 12:20:12,419 [INFO] CADModel:105 - Init CAD model plugin
2026-04-27 12:20:12,419 [INFO] PluginManage:359 - Loaded plugin cadmodel (category:power,tabindex:5)
2026-04-27 12:20:12,420 [INFO] PluginManage:310 - Check plugin clock
2026-04-27 12:20:12,433 [INFO] PluginManage:359 - Loaded plugin clock (category:base,tabindex:2)
2026-04-27 12:20:12,434 [INFO] PluginManage:310 - Check plugin ddr
2026-04-27 12:20:12,438 [INFO] PluginManage:359 - Loaded plugin ddr (category:tool,tabindex:6)
2026-04-27 12:20:12,439 [INFO] PluginManage:310 - Check plugin filemanager
2026-04-27 12:20:12,621 [INFO] PluginManage:359 - Loaded plugin filemanager (category:base,tabindex:10)
2026-04-27 12:20:12,622 [INFO] PluginManage:310 - Check plugin ipmanager
2026-04-27 12:20:12,631 [INFO] PluginManage:359 - Loaded plugin ipmanager (category:base,tabindex:5)
2026-04-27 12:20:12,631 [INFO] PluginManage:310 - Check plugin lpbam
2026-04-27 12:20:12,641 [INFO] PluginManage:359 - Loaded plugin lpbam (category:base,tabindex:0)
2026-04-27 12:20:12,641 [INFO] PluginManage:310 - Check plugin memorymap
2026-04-27 12:20:12,663 [INFO] PluginManage:359 - Loaded plugin memorymap (category:base,tabindex:4)
2026-04-27 12:20:12,663 [INFO] PluginManage:310 - Check plugin pinoutandconfiguration
2026-04-27 12:20:12,673 [INFO] PluginManage:359 - Loaded plugin pinoutandconfiguration (category:base,tabindex:1)
2026-04-27 12:20:12,673 [INFO] PluginManage:310 - Check plugin pinoutconfig
2026-04-27 12:20:12,814 [WARN] SupportedApi:132 - Cannot load RTOS API schema: s4s-elt-must-match.1: The content of 'definitions' must match (annotation?, (simpleType | complexType)?, (unique | key | keyref)*)). A problem was found starting at: attribute.
2026-04-27 12:20:13,001 [INFO] PluginManage:359 - Loaded plugin pinoutconfig (category:base,tabindex:0)
2026-04-27 12:20:13,001 [INFO] PluginManage:310 - Check plugin power
2026-04-27 12:20:13,012 [INFO] PluginManage:359 - Loaded plugin power (category:power,tabindex:4)
2026-04-27 12:20:13,013 [INFO] PluginManage:310 - Check plugin projectmanager
2026-04-27 12:20:13,039 [INFO] PluginManage:359 - Loaded plugin projectmanager (category:projectmanager,tabindex:4)
2026-04-27 12:20:13,040 [INFO] PluginManage:310 - Check plugin rif
2026-04-27 12:20:13,059 [INFO] PluginManage:359 - Loaded plugin rif (category:base,tabindex:3)
2026-04-27 12:20:13,059 [INFO] PluginManage:310 - Check plugin thirdparty
2026-04-27 12:20:13,261 [INFO] PluginManage:359 - Loaded plugin thirdparty (category:base,tabindex:-1)
2026-04-27 12:20:13,261 [INFO] PluginManage:310 - Check plugin tools
2026-04-27 12:20:13,261 [WARN] IntegrityCheckThread:84 - waiting for thirdparty lock release [integrity check]
2026-04-27 12:20:13,262 [INFO] IntegrityCheckThread:86 - entering critical section [integrity check]
2026-04-27 12:20:13,262 [INFO] ThirdPartyUpdaterWithRetryManager:70 - Updater plugin not ready yet. [1/15]
2026-04-27 12:20:13,266 [INFO] PluginManage:359 - Loaded plugin tools (category:base,tabindex:7)
2026-04-27 12:20:13,266 [INFO] PluginManage:310 - Check plugin tutovideos
2026-04-27 12:20:13,532 [INFO] PluginManage:359 - Loaded plugin tutovideos (category:base,tabindex:-1)
2026-04-27 12:20:13,533 [INFO] PluginManage:310 - Check plugin updater
2026-04-27 12:20:13,559 [INFO] PluginManage:359 - Loaded plugin updater (category:base,tabindex:12)
2026-04-27 12:20:13,559 [INFO] PluginManage:310 - Check plugin userauth
2026-04-27 12:20:13,563 [INFO] UserAuth:118 - Init User Auth plugin
2026-04-27 12:20:13,565 [INFO] PluginManage:359 - Loaded plugin userauth (category:base,tabindex:14)
2026-04-27 12:20:13,565 [INFO] PluginManage:283 - PluginManage : Loaded plugins [18]
2026-04-27 12:20:13,824 [INFO] PinOutPanel:1589 - setPackage(No Configuration,No Configuration)
2026-04-27 12:20:13,940 [INFO] CADModel:165 - CPN selected for project level
2026-04-27 12:20:13,941 [INFO] CADModel:114 - Register for checkConnection events
2026-04-27 12:20:13,965 [INFO] IPUIPlugin:80 - create IPUIPlugin
2026-04-27 12:20:13,965 [INFO] PluginManager:220 - loadIPPluginJar : add adc
2026-04-27 12:20:13,969 [INFO] IPUIPlugin:80 - create IPUIPlugin
2026-04-27 12:20:13,969 [INFO] PluginManager:220 - loadIPPluginJar : add aes
2026-04-27 12:20:13,973 [INFO] IPUIPlugin:80 - create IPUIPlugin
2026-04-27 12:20:13,975 [INFO] PluginManager:220 - loadIPPluginJar : add can
2026-04-27 12:20:13,978 [INFO] IPUIPlugin:80 - create IPUIPlugin
2026-04-27 12:20:13,978 [INFO] PluginManager:220 - loadIPPluginJar : add comp
2026-04-27 12:20:13,981 [INFO] IPUIPlugin:80 - create IPUIPlugin
2026-04-27 12:20:13,981 [INFO] PluginManager:220 - loadIPPluginJar : add cryp
2026-04-27 12:20:13,985 [INFO] IPUIPlugin:80 - create IPUIPlugin
2026-04-27 12:20:13,985 [INFO] PluginManager:220 - loadIPPluginJar : add ddr_ctrl_phy
2026-04-27 12:20:13,989 [INFO] IPUIPlugin:80 - create IPUIPlugin
2026-04-27 12:20:13,989 [INFO] PluginManager:220 - loadIPPluginJar : add dfsdm
2026-04-27 12:20:13,997 [INFO] IPUIPlugin:80 - create IPUIPlugin
2026-04-27 12:20:13,998 [INFO] PluginManager:220 - loadIPPluginJar : add dma
2026-04-27 12:20:14,001 [INFO] IPUIPlugin:80 - create IPUIPlugin
2026-04-27 12:20:14,001 [INFO] PluginManager:220 - loadIPPluginJar : add dma3
2026-04-27 12:20:14,005 [INFO] IPUIPlugin:80 - create IPUIPlugin
2026-04-27 12:20:14,005 [INFO] PluginManager:220 - loadIPPluginJar : add extmemmanager
2026-04-27 12:20:14,007 [INFO] IPUIPlugin:80 - create IPUIPlugin
2026-04-27 12:20:14,007 [INFO] PluginManager:220 - loadIPPluginJar : add fatfs
2026-04-27 12:20:14,019 [INFO] IPUIPlugin:80 - create IPUIPlugin
2026-04-27 12:20:14,019 [INFO] PluginManager:220 - loadIPPluginJar : add fmc
2026-04-27 12:20:14,027 [INFO] IPUIPlugin:80 - create IPUIPlugin
2026-04-27 12:20:14,028 [INFO] PluginManager:220 - loadIPPluginJar : add freertos
2026-04-27 12:20:14,031 [INFO] IPUIPlugin:80 - create IPUIPlugin
2026-04-27 12:20:14,031 [INFO] PluginManager:220 - loadIPPluginJar : add genericplugin
2026-04-27 12:20:14,035 [INFO] IPUIPlugin:80 - create IPUIPlugin
2026-04-27 12:20:14,035 [INFO] PluginManager:220 - loadIPPluginJar : add gfxmmu
2026-04-27 12:20:14,044 [INFO] IPUIPlugin:80 - create IPUIPlugin
2026-04-27 12:20:14,045 [INFO] PluginManager:220 - loadIPPluginJar : add gic
2026-04-27 12:20:14,051 [INFO] IPUIPlugin:80 - create IPUIPlugin
2026-04-27 12:20:14,051 [INFO] PluginManager:220 - loadIPPluginJar : add gpio
2026-04-27 12:20:14,055 [INFO] IPUIPlugin:80 - create IPUIPlugin
2026-04-27 12:20:14,055 [INFO] PluginManager:220 - loadIPPluginJar : add gtzc
2026-04-27 12:20:14,058 [INFO] IPUIPlugin:80 - create IPUIPlugin
2026-04-27 12:20:14,059 [INFO] PluginManager:220 - loadIPPluginJar : add hash
2026-04-27 12:20:14,062 [INFO] IPUIPlugin:80 - create IPUIPlugin
2026-04-27 12:20:14,062 [INFO] PluginManager:220 - loadIPPluginJar : add i2c
2026-04-27 12:20:14,064 [INFO] IPUIPlugin:80 - create IPUIPlugin
2026-04-27 12:20:14,065 [INFO] PluginManager:220 - loadIPPluginJar : add i2s
2026-04-27 12:20:14,068 [INFO] IPUIPlugin:80 - create IPUIPlugin
2026-04-27 12:20:14,068 [INFO] PluginManager:220 - loadIPPluginJar : add i3c
2026-04-27 12:20:14,073 [INFO] IPUIPlugin:80 - create IPUIPlugin
2026-04-27 12:20:14,073 [INFO] PluginManager:220 - loadIPPluginJar : add ipddr
2026-04-27 12:20:14,083 [INFO] IPUIPlugin:80 - create IPUIPlugin
2026-04-27 12:20:14,083 [INFO] PluginManager:220 - loadIPPluginJar : add linkedlist
2026-04-27 12:20:14,087 [INFO] IPUIPlugin:80 - create IPUIPlugin
2026-04-27 12:20:14,087 [INFO] PluginManager:220 - loadIPPluginJar : add lorawan
2026-04-27 12:20:14,089 [INFO] IPUIPlugin:80 - create IPUIPlugin
2026-04-27 12:20:14,089 [INFO] PluginManager:220 - loadIPPluginJar : add ltdc
2026-04-27 12:20:14,096 [INFO] IPUIPlugin:80 - create IPUIPlugin
2026-04-27 12:20:14,096 [INFO] PluginManager:220 - loadIPPluginJar : add mdma
2026-04-27 12:20:14,100 [INFO] IPUIPlugin:80 - create IPUIPlugin
2026-04-27 12:20:14,100 [INFO] PluginManager:220 - loadIPPluginJar : add nvic
2026-04-27 12:20:14,105 [INFO] IPUIPlugin:80 - create IPUIPlugin
2026-04-27 12:20:14,105 [INFO] PluginManager:220 - loadIPPluginJar : add opamp
2026-04-27 12:20:14,109 [INFO] IPUIPlugin:80 - create IPUIPlugin
2026-04-27 12:20:14,109 [INFO] PluginManager:220 - loadIPPluginJar : add openamp
2026-04-27 12:20:14,114 [INFO] IPUIPlugin:80 - create IPUIPlugin
2026-04-27 12:20:14,114 [INFO] PluginManager:220 - loadIPPluginJar : add pdm2pcm
2026-04-27 12:20:14,121 [INFO] IPUIPlugin:80 - create IPUIPlugin
2026-04-27 12:20:14,125 [INFO] PluginManager:220 - loadIPPluginJar : add plateformsettings
2026-04-27 12:20:14,127 [INFO] IPUIPlugin:80 - create IPUIPlugin
2026-04-27 12:20:14,127 [INFO] PluginManager:220 - loadIPPluginJar : add quadspi
2026-04-27 12:20:14,130 [INFO] IPUIPlugin:80 - create IPUIPlugin
2026-04-27 12:20:14,131 [INFO] PluginManager:220 - loadIPPluginJar : add radio
2026-04-27 12:20:14,140 [INFO] IPUIPlugin:80 - create IPUIPlugin
2026-04-27 12:20:14,140 [INFO] PluginManager:220 - loadIPPluginJar : add resmgrutility
2026-04-27 12:20:14,145 [INFO] IPUIPlugin:80 - create IPUIPlugin
2026-04-27 12:20:14,145 [INFO] PluginManager:220 - loadIPPluginJar : add sai
2026-04-27 12:20:14,148 [INFO] IPUIPlugin:80 - create IPUIPlugin
2026-04-27 12:20:14,148 [INFO] PluginManager:220 - loadIPPluginJar : add spi
2026-04-27 12:20:14,158 [INFO] IPUIPlugin:80 - create IPUIPlugin
2026-04-27 12:20:14,158 [INFO] PluginManager:220 - loadIPPluginJar : add stm32_wpan
2026-04-27 12:20:14,160 [INFO] IPUIPlugin:80 - create IPUIPlugin
2026-04-27 12:20:14,161 [INFO] PluginManager:220 - loadIPPluginJar : add tim
2026-04-27 12:20:14,166 [INFO] IPUIPlugin:80 - create IPUIPlugin
2026-04-27 12:20:14,166 [INFO] PluginManager:220 - loadIPPluginJar : add touchsensing
2026-04-27 12:20:14,169 [INFO] IPUIPlugin:80 - create IPUIPlugin
2026-04-27 12:20:14,169 [INFO] PluginManager:220 - loadIPPluginJar : add tracer_emb
2026-04-27 12:20:14,171 [INFO] IPUIPlugin:80 - create IPUIPlugin
2026-04-27 12:20:14,172 [INFO] PluginManager:220 - loadIPPluginJar : add ts
2026-04-27 12:20:14,174 [INFO] IPUIPlugin:80 - create IPUIPlugin
2026-04-27 12:20:14,174 [INFO] PluginManager:220 - loadIPPluginJar : add tsc
2026-04-27 12:20:14,177 [INFO] IPUIPlugin:80 - create IPUIPlugin
2026-04-27 12:20:14,177 [INFO] PluginManager:220 - loadIPPluginJar : add ucpd
2026-04-27 12:20:14,181 [INFO] IPUIPlugin:80 - create IPUIPlugin
2026-04-27 12:20:14,181 [INFO] PluginManager:220 - loadIPPluginJar : add usart
2026-04-27 12:20:14,185 [INFO] IPUIPlugin:80 - create IPUIPlugin
2026-04-27 12:20:14,187 [INFO] PluginManager:220 - loadIPPluginJar : add usbx
2026-04-27 12:20:14,468 [FATAL] Updater:351 - Updater called before beeing initialized
2026-04-27 12:20:14,539 [INFO] RulesReader:64 - Compatibility file has been processed (317 Rules)
2026-04-27 12:20:14,556 [INFO] RulesReader:64 - Compatibility file has been processed (317 Rules)
2026-04-27 12:20:14,565 [INFO] CADModel:165 - CPN selected for project level
2026-04-27 12:20:14,565 [INFO] CADModel:114 - Register for checkConnection events
2026-04-27 12:20:14,565 [FATAL] Updater:351 - Updater called before beeing initialized
2026-04-27 12:20:14,565 [ERROR] CADModel:125 - Updater not yet initialized, retry later 
2026-04-27 12:20:14,732 [FATAL] Updater:351 - Updater called before beeing initialized
2026-04-27 12:20:14,734 [INFO] CADModel:165 - CPN selected for project level
2026-04-27 12:20:14,734 [INFO] CADModel:114 - Register for checkConnection events
2026-04-27 12:20:14,735 [FATAL] Updater:351 - Updater called before beeing initialized
2026-04-27 12:20:14,735 [ERROR] CADModel:125 - Updater not yet initialized, retry later 
2026-04-27 12:20:14,739 [FATAL] Updater:351 - Updater called before beeing initialized
2026-04-27 12:20:14,856 [FATAL] Updater:351 - Updater called before beeing initialized
2026-04-27 12:20:14,861 [INFO] DbMcusAds:53 - JSON generation date=Fri Apr 10 14:49:02 IST 2026 (1775812742310)
2026-04-27 12:20:14,861 [FATAL] Updater:351 - Updater called before beeing initialized
2026-04-27 12:20:14,902 [WARN] DetailPanel:346 - Failed to get advertising image, set to default
2026-04-27 12:20:15,001 [FATAL] Updater:351 - Updater called before beeing initialized
2026-04-27 12:20:15,003 [FATAL] Updater:351 - Updater called before beeing initialized
2026-04-27 12:20:15,004 [FATAL] Updater:351 - Updater called before beeing initialized
2026-04-27 12:20:15,004 [WARN] DetailPanel:346 - Failed to get advertising image, set to default
2026-04-27 12:20:15,005 [FATAL] Updater:351 - Updater called before beeing initialized
2026-04-27 12:20:15,057 [ERROR] Updater:1198 - MainUpdater not yet initialized. External WinMGr cannot be set.
2026-04-27 12:20:15,059 [INFO] Updater:1134 - Updater Version found : 6.15.0
2026-04-27 12:20:15,076 [INFO] ApplicationProperties:184 - Using Application install path: C:\ST\STM32CubeIDE_1.19.0\STM32CubeIDE\plugins\com.st.stm32cube.common.mx_6.15.0.202507011659
2026-04-27 12:20:16,263 [INFO] ThirdPartyUpdaterWithRetryManager:70 - Updater plugin not ready yet. [2/15]
2026-04-27 12:20:16,658 [ERROR] LogOutputStream:75 - [STDERR_REDIRECT] Apr 27, 2026 12:20:16 PM java.util.prefs.WindowsPreferences <init>
2026-04-27 12:20:16,659 [ERROR] LogOutputStream:75 - [STDERR_REDIRECT] WARNING: Could not open/create prefs root node Software\JavaSoft\Prefs at root 0xffffffff80000002. Windows RegCreateKeyEx(...) returned error code 5.
2026-04-27 12:20:16,659 [ERROR] LogOutputStream:75 - [STDERR_REDIRECT] 
2026-04-27 12:20:17,315 [INFO] MainUpdater:2872 - connection check result : 10
2026-04-27 12:20:17,316 [INFO] MainUpdater:289 - Updater Check For Update Now.
2026-04-27 12:20:17,316 [INFO] MicroXplorer:498 - Change Database Version : DB.6.0.150
2026-04-27 12:20:17,345 [INFO] McuFinderGlobals:63 - Set McuFinder mode to 2 (CubeIDE integrated)
2026-04-27 12:20:17,345 [INFO] UserAuth:487 - Internet connection configuration mode: 1
2026-04-27 12:20:17,406 [INFO] JxBrowserEngine:152 - Initiate JxBrowser Engine with user profile folder
2026-04-27 12:20:17,534 [INFO] CheckServerUpdateThread:120 - End of CheckServer Thread
2026-04-27 12:20:18,283 [INFO] WebApp:169 - Instantiating new browser for Auth
2026-04-27 12:20:19,322 [INFO] WebApp:463 - Apply proxy settings
2026-04-27 12:20:19,323 [INFO] WebApp:548 - Chromium requires no authentication
2026-04-27 12:20:19,344 [INFO] WebApp:491 - Direct internet connection detected
2026-04-27 12:20:19,399 [INFO] WebApp:900 - Register for checkConnection events
2026-04-27 12:20:19,399 [INFO] WebApp:463 - Apply proxy settings
2026-04-27 12:20:19,399 [INFO] WebApp:548 - Chromium requires no authentication
2026-04-27 12:20:19,400 [INFO] WebApp:491 - Direct internet connection detected
2026-04-27 12:20:19,732 [INFO] WebApp:191 - Connection restablished
2026-04-27 12:20:19,782 [WARN] PackLoader:240 - Cannot read IP mode file for STMicroelectronics.X-CUBE-AZRTOS-H7.3.5.0
2026-04-27 12:20:19,810 [WARN] PackLoader:240 - Cannot read IP mode file for STMicroelectronics.FP-ATR-ASTRA1.2.0.2
2026-04-27 12:20:19,839 [WARN] PackLoader:240 - Cannot read IP mode file for STMicroelectronics.X-CUBE-SMBUS.2.1.0
2026-04-27 12:20:19,880 [WARN] PackLoader:240 - Cannot read IP mode file for STMicroelectronics.X-CUBE-AZRTOS-F7.1.1.0
2026-04-27 12:20:19,897 [WARN] PackLoader:240 - Cannot read IP mode file for STMicroelectronics.FP-SNS-MOTENV1.5.1.0
2026-04-27 12:20:19,917 [INFO] WebApp:225 - Starting web application
2026-04-27 12:20:19,917 [INFO] WebApp:593 - Web application path used C:\ST\STM32CubeIDE_1.19.0\STM32CubeIDE\plugins\com.st.stm32cube.common.mx_6.15.0.202507011659\db\plugins\mcufinder\reactClient1\index.html
2026-04-27 12:20:19,923 [WARN] PackLoader:240 - Cannot read IP mode file for WES.I-CUBE-Cesium.1.4.0
2026-04-27 12:20:19,941 [WARN] PackLoader:240 - Cannot read IP mode file for STMicroelectronics.X-CUBE-DISPLAY.3.0.0
2026-04-27 12:20:19,960 [WARN] PackLoader:240 - Cannot read IP mode file for STMicroelectronics.FP-SNS-MOTENVWB1.1.5.0
2026-04-27 12:20:19,976 [WARN] PackLoader:240 - Cannot read IP mode file for STMicroelectronics.X-CUBE-NFC10.1.0.0
2026-04-27 12:20:19,991 [WARN] PackLoader:240 - Cannot read IP mode file for STMicroelectronics.X-CUBE-ST60.1.1.0
2026-04-27 12:20:20,005 [WARN] PackLoader:240 - Cannot read IP mode file for emotas.I-CUBE-CANOPEN.1.3.0
2026-04-27 12:20:20,018 [WARN] PackLoader:240 - Cannot read IP mode file for STMicroelectronics.X-CUBE-GNSS1.7.1.0
2026-04-27 12:20:20,036 [WARN] PackLoader:240 - Cannot read IP mode file for STMicroelectronics.FP-SNS-STBOX1.2.1.0
2026-04-27 12:20:20,051 [WARN] PackLoader:240 - Cannot read IP mode file for STMicroelectronics.FP-SNS-SMARTAG2.1.2.0
2026-04-27 12:20:20,062 [WARN] PackLoader:240 - Cannot read IP mode file for STMicroelectronics.FP-SNS-FLIGHT1.5.1.0
2026-04-27 12:20:20,079 [INFO] LogOutputStream:77 - [STDOUT_REDIRECT] 1 : Invalid condition id : UX_CORESTACK_Condition cause : null
2026-04-27 12:20:20,080 [INFO] LogOutputStream:77 - [STDOUT_REDIRECT] 1 : Invalid condition id : UX_CORESTACK_Condition cause : null
2026-04-27 12:20:20,083 [INFO] LogOutputStream:77 - [STDOUT_REDIRECT] 1 : Invalid condition id : UX_CORESTACK_Condition cause : null
2026-04-27 12:20:20,085 [INFO] LogOutputStream:77 - [STDOUT_REDIRECT] 1 : Invalid condition id : UX_CORESTACK_Condition cause : null
2026-04-27 12:20:20,086 [INFO] LogOutputStream:77 - [STDOUT_REDIRECT] 1 : Invalid condition id : UX_CORESTACK_Condition cause : null
2026-04-27 12:20:20,093 [WARN] PackLoader:240 - Cannot read IP mode file for STMicroelectronics.X-CUBE-AZRTOS-WL.2.0.0
2026-04-27 12:20:20,123 [INFO] UserAuth:487 - Internet connection configuration mode: 1
2026-04-27 12:20:20,131 [WARN] PackLoader:240 - Cannot read IP mode file for STMicroelectronics.X-CUBE-AZRTOS-H7RS.1.2.0
2026-04-27 12:20:20,149 [WARN] PackLoader:240 - Cannot read IP mode file for STMicroelectronics.X-CUBE-BLE2.3.3.0
2026-04-27 12:20:20,239 [WARN] PackLoader:240 - Cannot read IP mode file for Infineon.AIROC-Wi-Fi-Bluetooth-STM32.1.8.0
2026-04-27 12:20:20,268 [WARN] PackLoader:240 - Cannot read IP mode file for STMicroelectronics.X-CUBE-NFC9.1.0.0
2026-04-27 12:20:20,288 [WARN] PackLoader:240 - Cannot read IP mode file for STMicroelectronics.X-CUBE-BLE1.7.1.0
2026-04-27 12:20:20,304 [WARN] PackLoader:240 - Cannot read IP mode file for wolfSSL.I-CUBE-wolfMQTT.1.19.2
2026-04-27 12:20:20,322 [WARN] PackLoader:240 - Cannot read IP mode file for STMicroelectronics.X-CUBE-EEPRMA1.5.2.0
2026-04-27 12:20:20,339 [WARN] PackLoader:240 - Cannot read IP mode file for wolfSSL.I-CUBE-wolfSSL.5.8.4
2026-04-27 12:20:20,353 [WARN] PackLoader:240 - Cannot read IP mode file for Cesanta.I-CUBE-Mongoose.7.20.0
2026-04-27 12:20:20,381 [WARN] PackLoader:240 - Cannot read IP mode file for STMicroelectronics.FP-SNS-STAIOTCFT.1.1.0
2026-04-27 12:20:20,478 [WARN] PackLoader:240 - Cannot read IP mode file for STMicroelectronics.X-CUBE-MEMS1.12.0.0
2026-04-27 12:20:20,724 [WARN] PackLoader:240 - Cannot read IP mode file for STMicroelectronics.X-CUBE-AZRTOS-G0.1.1.0
2026-04-27 12:20:20,747 [WARN] PackLoader:240 - Cannot read IP mode file for STMicroelectronics.X-CUBE-NFC4.3.0.0
2026-04-27 12:20:20,770 [WARN] PackLoader:240 - Cannot read IP mode file for EmbeddedOffice.I-CUBE-FS-RTOS.1.0.1
2026-04-27 12:20:20,787 [WARN] PackLoader:240 - Cannot read IP mode file for STMicroelectronics.X-CUBE-WB05N.2.0.0
2026-04-27 12:20:20,802 [WARN] PackLoader:240 - Cannot read IP mode file for wolfSSL.I-CUBE-wolfTPM.3.8.0
2026-04-27 12:20:20,820 [WARN] PackLoader:240 - Cannot read IP mode file for STMicroelectronics.X-CUBE-TCPP.4.2.0
2026-04-27 12:20:20,844 [WARN] PackLoader:240 - Cannot read IP mode file for RealThread.X-CUBE-RT-Thread_Nano.4.1.1
2026-04-27 12:20:20,859 [WARN] PackLoader:240 - Cannot read IP mode file for STMicroelectronics.FP-ATR-SIGFOX1.3.2.0
2026-04-27 12:20:20,877 [WARN] PackLoader:240 - Cannot read IP mode file for STMicroelectronics.X-CUBE-FREERTOS.1.5.0
2026-04-27 12:20:20,894 [WARN] PackLoader:240 - Cannot read IP mode file for ITTIA_DB.I-CUBE-ITTIADB.8.9.0
2026-04-27 12:20:20,913 [WARN] PackLoader:240 - Cannot read IP mode file for STMicroelectronics.X-CUBE-NFC6.3.2.0
2026-04-27 12:20:20,929 [WARN] PackLoader:240 - Cannot read IP mode file for STMicroelectronics.X-CUBE-AI.10.2.0
2026-04-27 12:20:21,004 [WARN] PackLoader:240 - Cannot read IP mode file for SEGGER.I-CUBE-embOS.1.3.1
2026-04-27 12:20:21,098 [WARN] PackLoader:240 - Cannot read IP mode file for STMicroelectronics.X-CUBE-ALGOBUILD.1.4.0
2026-04-27 12:20:21,112 [WARN] PackLoader:240 - Cannot read IP mode file for STMicroelectronics.X-CUBE-PM33A1.1.0.0
2026-04-27 12:20:21,151 [WARN] PackLoader:240 - Cannot read IP mode file for STMicroelectronics.X-CUBE-AZRTOS-F4.1.1.0
2026-04-27 12:20:21,176 [WARN] PackLoader:240 - Cannot read IP mode file for STMicroelectronics.X-CUBE-ISPU.2.1.0
2026-04-27 12:20:21,208 [WARN] PackLoader:240 - Cannot read IP mode file for STMicroelectronics.X-CUBE-IPS.3.2.0
2026-04-27 12:20:21,232 [WARN] PackLoader:240 - Cannot read IP mode file for STMicroelectronics.eDS-WB_DPC_TT-BIDIR.2.1.1
2026-04-27 12:20:21,245 [WARN] PackLoader:240 - Cannot read IP mode file for STMicroelectronics.X-CUBE-NFC12.1.0.0
2026-04-27 12:20:21,302 [WARN] PackLoader:240 - Cannot read IP mode file for STMicroelectronics.X-CUBE-AZRTOS-L5.2.0.0
2026-04-27 12:20:21,341 [WARN] PackLoader:240 - Cannot read IP mode file for STMicroelectronics.eDS-WB_DPC_VIENNA.1.2.0
2026-04-27 12:20:21,354 [WARN] PackLoader:240 - Cannot read IP mode file for STMicroelectronics.eDS-WB_DPC_3PH2L-BIDIR.1.1.1
2026-04-27 12:20:21,365 [ERROR] Engine:466 - C:\Users\vamsh\.stm32cubemx\thirdparties\pdsc\STMicroelectronics.X-CUBE-ST67W61.1.3.0.pdsc: PDSC version is not supported
2026-04-27 12:20:21,384 [WARN] PackLoader:240 - Cannot read IP mode file for STMicroelectronics.X-CUBE-TOUCHGFX.4.26.1
2026-04-27 12:20:21,396 [WARN] PackLoader:240 - Cannot read IP mode file for STMicroelectronics.FP-SNS-STAIOTCFT.1.0.0
2026-04-27 12:20:21,413 [WARN] PackLoader:240 - Cannot read IP mode file for STMicroelectronics.X-CUBE-DPower.1.3.0
2026-04-27 12:20:21,454 [WARN] ConditionMgr:438 - getConditionDescription Invalid condition id : LAN8742 Phy interface Condition cause : null
2026-04-27 12:20:21,456 [WARN] PackLoader:240 - Cannot read IP mode file for STMicroelectronics.X-CUBE-AZRTOS-L4.2.0.0
2026-04-27 12:20:21,459 [WARN] ConditionMgr:1044 - genDependencies : Invalid condition id : LAN8742 Phy interface Condition cause : null
2026-04-27 12:20:21,459 [WARN] ConditionMgr:1044 - genDependencies : Invalid condition id : LAN8742 Phy interface Condition cause : null
2026-04-27 12:20:21,461 [WARN] ConditionMgr:1044 - genDependencies : Invalid condition id : LAN8742 Phy interface Condition cause : null
2026-04-27 12:20:21,482 [WARN] PackLoader:240 - Cannot read IP mode file for STMicroelectronics.X-CUBE-SFXS2LP1.4.0.0
2026-04-27 12:20:21,496 [WARN] PackLoader:240 - Cannot read IP mode file for STMicroelectronics.X-CUBE-WB05N.2.1.0
2026-04-27 12:20:21,512 [WARN] PackLoader:240 - Cannot read IP mode file for STMicroelectronics.X-CUBE-ST67W61.1.2.0
2026-04-27 12:20:21,549 [WARN] PackLoader:240 - Cannot read IP mode file for STMicroelectronics.X-CUBE-BLEMGR.4.1.0
2026-04-27 12:20:21,614 [WARN] ConditionMgr:438 - getConditionDescription Invalid condition id : UX DEVICE CLASS RTOS Condition cause : null
2026-04-27 12:20:21,615 [WARN] ConditionMgr:438 - getConditionDescription Invalid condition id : UX DEVICE CLASS RTOS Condition cause : null
2026-04-27 12:20:21,620 [WARN] PackLoader:240 - Cannot read IP mode file for STMicroelectronics.X-CUBE-AZRTOS-WB.2.0.0
2026-04-27 12:20:21,622 [WARN] ConditionMgr:1044 - genDependencies : Invalid condition id : UX DEVICE CLASS RTOS Condition cause : null
2026-04-27 12:20:21,622 [WARN] ConditionMgr:1044 - genDependencies : Invalid condition id : UX DEVICE CLASS RTOS Condition cause : null
2026-04-27 12:20:21,625 [WARN] ConditionMgr:1044 - genDependencies : Invalid condition id : UX DEVICE CLASS RTOS Condition cause : null
2026-04-27 12:20:21,626 [WARN] ConditionMgr:1044 - genDependencies : Invalid condition id : UX DEVICE CLASS RTOS Condition cause : null
2026-04-27 12:20:21,626 [WARN] ConditionMgr:1044 - genDependencies : Invalid condition id : UX DEVICE CLASS RTOS Condition cause : null
2026-04-27 12:20:21,652 [WARN] ConditionMgr:438 - getConditionDescription Invalid condition id : Cortex-A Device cause : null
2026-04-27 12:20:21,761 [WARN] ConditionMgr:1044 - genDependencies : Invalid condition id : Cortex-A Device cause : null
2026-04-27 12:20:21,762 [WARN] ConditionMgr:1044 - genDependencies : Invalid condition id : Cortex-A Device cause : null
2026-04-27 12:20:21,762 [WARN] ConditionMgr:1044 - genDependencies : Invalid condition id : Cortex-A Device cause : null
2026-04-27 12:20:21,786 [WARN] PackLoader:240 - Cannot read IP mode file for STMicroelectronics.X-CUBE-STSE01.2.0.0
2026-04-27 12:20:21,815 [WARN] PackLoader:240 - Cannot read IP mode file for STMicroelectronics.X-CUBE-SUBG2.5.0.0
2026-04-27 12:20:21,859 [WARN] PackLoader:240 - Cannot read IP mode file for STMicroelectronics.X-CUBE-AZRTOS-G4.2.0.0
2026-04-27 12:20:21,876 [WARN] PackLoader:240 - Cannot read IP mode file for wolfSSL.I-CUBE-wolfSSH.1.4.20
2026-04-27 12:20:21,891 [WARN] PackLoader:240 - Cannot read IP mode file for STMicroelectronics.X-CUBE-NFC7.2.0.0
2026-04-27 12:20:21,906 [WARN] PackLoader:240 - Cannot read IP mode file for STMicroelectronics.X-CUBE-ALS.1.0.2
2026-04-27 12:20:21,933 [WARN] PackLoader:240 - Cannot read IP mode file for STMicroelectronics.X-CUBE-TOF1.3.4.3
2026-04-27 12:20:21,954 [INFO] ThirdParty:978 - Integrity check success = true
2026-04-27 12:20:21,954 [INFO] IntegrityCheckThread:100 - exiting critical section [integrity check]
2026-04-27 12:20:21,954 [INFO] IntegrityCheckThread:103 - End integrity checks thread
2026-04-27 12:30:36,771 [INFO] WebApp:194 - Connection lost
2026-04-27 12:30:37,670 [INFO] WebApp:191 - Connection restablished
2026-04-27 12:59:46,672 [ERROR] LogOutputStream:75 - [STDERR_REDIRECT] 
