2026-04-16 12:41:15,483 [INFO] Activator:176 - 


2026-04-16 12:41:15,485 [INFO] Activator:177 - !SESSION log4j initialized
2026-04-16 12:41:18,575 [INFO] LogOutputStream:77 - [STDOUT_REDIRECT] 
2026-04-16 12:41:20,328 [INFO] ApplicationProperties:184 - Using Application install path: C:\ST\STM32CubeIDE_1.19.0\STM32CubeIDE\plugins\com.st.stm32cube.common.mx_6.15.0.202507011659
2026-04-16 12:41:20,350 [INFO] DbMcusXml:78 - Set database path to: C:\ST\STM32CubeIDE_1.19.0\STM32CubeIDE\plugins\com.st.stm32cube.common.mx_6.15.0.202507011659\\db\/mcu/
2026-04-16 12:41:20,350 [INFO] ApiDb:274 - Set plugin database path to: C:\ST\STM32CubeIDE_1.19.0\STM32CubeIDE\plugins\com.st.stm32cube.common.mx_6.15.0.202507011659\\db\/plugins/boardmanager/
2026-04-16 12:41:20,351 [WARN] ApiDb:259 - Overriding images path with different value:  => C:\ST\STM32CubeIDE_1.19.0\STM32CubeIDE\plugins\com.st.stm32cube.common.mx_6.15.0.202507011659\\db\/plugins/mcufinder/images/
2026-04-16 12:41:20,359 [INFO] ApiDb:250 - Set database path to: C:\Users\vamsh\.stmcufinder\plugins\mcufinder//mcu/
2026-04-16 12:41:20,362 [INFO] DbMcusAds:125 - Set database path to: C:\Users\vamsh\.stmcufinder\plugins\mcufinder//mcu/
2026-04-16 12:41:20,365 [INFO] CrossReferenceDbSqlite:203 - Set database path to: C:\Users\vamsh\.stmcufinder\plugins\mcufinder//mcu/cs/
2026-04-16 12:41:20,560 [INFO] RulesReader:64 - Compatibility file has been processed (317 Rules)
2026-04-16 12:41:20,690 [INFO] DbMcusXml:78 - Set database path to: C:\ST\STM32CubeIDE_1.19.0\STM32CubeIDE\plugins\com.st.stm32cube.common.mx_6.15.0.202507011659\\db\/mcu/
2026-04-16 12:41:20,691 [INFO] ApiDb:274 - Set plugin database path to: C:\ST\STM32CubeIDE_1.19.0\STM32CubeIDE\plugins\com.st.stm32cube.common.mx_6.15.0.202507011659\\db\/plugins/boardmanager/
2026-04-16 12:41:20,691 [INFO] ApiDb:261 - Set plugin images path to: C:\ST\STM32CubeIDE_1.19.0\STM32CubeIDE\plugins\com.st.stm32cube.common.mx_6.15.0.202507011659\\db\/plugins/mcufinder/images/
2026-04-16 12:41:20,692 [WARN] DbFile:41 - Overriding database path with different value: C:\Users\vamsh\.stmcufinder\plugins\mcufinder/ => C:\Users\vamsh\.stmcufinder\plugins\mcufinder
2026-04-16 12:41:20,692 [INFO] ApiDb:250 - Set database path to: C:\Users\vamsh\.stmcufinder\plugins\mcufinder//mcu/
2026-04-16 12:41:20,692 [WARN] DbFile:41 - Overriding database path with different value: C:\Users\vamsh\.stmcufinder\plugins\mcufinder/ => C:\Users\vamsh\.stmcufinder\plugins\mcufinder
2026-04-16 12:41:20,692 [INFO] DbMcusAds:125 - Set database path to: C:\Users\vamsh\.stmcufinder\plugins\mcufinder//mcu/
2026-04-16 12:41:20,692 [WARN] DbFile:41 - Overriding database path with different value: C:\Users\vamsh\.stmcufinder\plugins\mcufinder/ => C:\Users\vamsh\.stmcufinder\plugins\mcufinder
2026-04-16 12:41:20,692 [WARN] DbFile:41 - Overriding database path with different value: C:\Users\vamsh\.stmcufinder\plugins\mcufinder/ => C:\Users\vamsh\.stmcufinder\plugins\mcufinder
2026-04-16 12:41:20,692 [INFO] CrossReferenceDbSqlite:203 - Set database path to: C:\Users\vamsh\.stmcufinder\plugins\mcufinder//mcu/cs/
2026-04-16 12:41:20,781 [INFO] MainPanel:274 - HeapMemory: 268435456
2026-04-16 12:41:20,897 [INFO] DbMcusXml:78 - Set database path to: C:\ST\STM32CubeIDE_1.19.0\STM32CubeIDE\plugins\com.st.stm32cube.common.mx_6.15.0.202507011659\\db\/mcu/
2026-04-16 12:41:20,897 [INFO] ApiDb:274 - Set plugin database path to: C:\ST\STM32CubeIDE_1.19.0\STM32CubeIDE\plugins\com.st.stm32cube.common.mx_6.15.0.202507011659\\db\/plugins/boardmanager/
2026-04-16 12:41:20,897 [INFO] ApiDb:261 - Set plugin images path to: C:\ST\STM32CubeIDE_1.19.0\STM32CubeIDE\plugins\com.st.stm32cube.common.mx_6.15.0.202507011659\\db\/plugins/mcufinder/images/
2026-04-16 12:41:20,901 [WARN] DbFile:41 - Overriding database path with different value: C:\Users\vamsh\.stmcufinder\plugins\mcufinder/ => C:\Users\vamsh\.stmcufinder\plugins\mcufinder
2026-04-16 12:41:20,901 [INFO] ApiDb:250 - Set database path to: C:\Users\vamsh\.stmcufinder\plugins\mcufinder//mcu/
2026-04-16 12:41:20,901 [WARN] DbFile:41 - Overriding database path with different value: C:\Users\vamsh\.stmcufinder\plugins\mcufinder/ => C:\Users\vamsh\.stmcufinder\plugins\mcufinder
2026-04-16 12:41:20,902 [INFO] DbMcusAds:125 - Set database path to: C:\Users\vamsh\.stmcufinder\plugins\mcufinder//mcu/
2026-04-16 12:41:20,902 [WARN] DbFile:41 - Overriding database path with different value: C:\Users\vamsh\.stmcufinder\plugins\mcufinder/ => C:\Users\vamsh\.stmcufinder\plugins\mcufinder
2026-04-16 12:41:20,902 [WARN] DbFile:41 - Overriding database path with different value: C:\Users\vamsh\.stmcufinder\plugins\mcufinder/ => C:\Users\vamsh\.stmcufinder\plugins\mcufinder
2026-04-16 12:41:20,902 [INFO] CrossReferenceDbSqlite:203 - Set database path to: C:\Users\vamsh\.stmcufinder\plugins\mcufinder//mcu/cs/
2026-04-16 12:41:20,925 [INFO] ApplicationProperties:184 - Using Application install path: C:\ST\STM32CubeIDE_1.19.0\STM32CubeIDE\plugins\com.st.stm32cube.common.mx_6.15.0.202507011659
2026-04-16 12:41:20,926 [INFO] PluginManage:196 - Search for loadable plugins [exclusion list=, ]
2026-04-16 12:41:20,929 [INFO] PluginManage:310 - Check plugin analytics
2026-04-16 12:41:21,187 [INFO] AnalyticsPlugin:253 - Accepted Software Licenses: 
2026-04-16 12:41:21,187 [INFO] AnalyticsPlugin:255 - Accepted CMSIS Pack Licenses: 
2026-04-16 12:41:21,187 [INFO] AnalyticsPlugin:257 - Accepted Firmware Licenses: FW.L4.1.18.0
2026-04-16 12:41:21,194 [INFO] PluginManage:359 - Loaded plugin analytics (category:tool,tabindex:-1)
2026-04-16 12:41:21,195 [INFO] PluginManage:310 - Check plugin cadmodel
2026-04-16 12:41:21,203 [INFO] CADModel:105 - Init CAD model plugin
2026-04-16 12:41:21,203 [INFO] PluginManage:359 - Loaded plugin cadmodel (category:power,tabindex:5)
2026-04-16 12:41:21,203 [INFO] PluginManage:310 - Check plugin clock
2026-04-16 12:41:21,216 [INFO] PluginManage:359 - Loaded plugin clock (category:base,tabindex:2)
2026-04-16 12:41:21,217 [INFO] PluginManage:310 - Check plugin ddr
2026-04-16 12:41:21,220 [INFO] PluginManage:359 - Loaded plugin ddr (category:tool,tabindex:6)
2026-04-16 12:41:21,220 [INFO] PluginManage:310 - Check plugin filemanager
2026-04-16 12:41:21,433 [INFO] PluginManage:359 - Loaded plugin filemanager (category:base,tabindex:10)
2026-04-16 12:41:21,434 [INFO] PluginManage:310 - Check plugin ipmanager
2026-04-16 12:41:21,441 [INFO] PluginManage:359 - Loaded plugin ipmanager (category:base,tabindex:5)
2026-04-16 12:41:21,441 [INFO] PluginManage:310 - Check plugin lpbam
2026-04-16 12:41:21,449 [INFO] PluginManage:359 - Loaded plugin lpbam (category:base,tabindex:0)
2026-04-16 12:41:21,449 [INFO] PluginManage:310 - Check plugin memorymap
2026-04-16 12:41:21,465 [INFO] PluginManage:359 - Loaded plugin memorymap (category:base,tabindex:4)
2026-04-16 12:41:21,465 [INFO] PluginManage:310 - Check plugin pinoutandconfiguration
2026-04-16 12:41:21,474 [INFO] PluginManage:359 - Loaded plugin pinoutandconfiguration (category:base,tabindex:1)
2026-04-16 12:41:21,474 [INFO] PluginManage:310 - Check plugin pinoutconfig
2026-04-16 12:41:21,544 [WARN] SupportedApi:132 - Cannot load RTOS API schema: s4s-elt-must-match.1: The content of 'definitions' must match (annotation?, (simpleType | complexType)?, (unique | key | keyref)*)). A problem was found starting at: attribute.
2026-04-16 12:41:21,672 [INFO] PluginManage:359 - Loaded plugin pinoutconfig (category:base,tabindex:0)
2026-04-16 12:41:21,672 [INFO] PluginManage:310 - Check plugin power
2026-04-16 12:41:21,682 [INFO] PluginManage:359 - Loaded plugin power (category:power,tabindex:4)
2026-04-16 12:41:21,682 [INFO] PluginManage:310 - Check plugin projectmanager
2026-04-16 12:41:21,696 [INFO] PluginManage:359 - Loaded plugin projectmanager (category:projectmanager,tabindex:4)
2026-04-16 12:41:21,696 [INFO] PluginManage:310 - Check plugin rif
2026-04-16 12:41:21,706 [INFO] PluginManage:359 - Loaded plugin rif (category:base,tabindex:3)
2026-04-16 12:41:21,707 [INFO] PluginManage:310 - Check plugin thirdparty
2026-04-16 12:41:21,860 [INFO] PluginManage:359 - Loaded plugin thirdparty (category:base,tabindex:-1)
2026-04-16 12:41:21,860 [INFO] PluginManage:310 - Check plugin tools
2026-04-16 12:41:21,861 [WARN] IntegrityCheckThread:84 - waiting for thirdparty lock release [integrity check]
2026-04-16 12:41:21,861 [INFO] IntegrityCheckThread:86 - entering critical section [integrity check]
2026-04-16 12:41:21,861 [INFO] ThirdPartyUpdaterWithRetryManager:70 - Updater plugin not ready yet. [1/15]
2026-04-16 12:41:21,864 [INFO] PluginManage:359 - Loaded plugin tools (category:base,tabindex:7)
2026-04-16 12:41:21,864 [INFO] PluginManage:310 - Check plugin tutovideos
2026-04-16 12:41:22,049 [INFO] PluginManage:359 - Loaded plugin tutovideos (category:base,tabindex:-1)
2026-04-16 12:41:22,049 [INFO] PluginManage:310 - Check plugin updater
2026-04-16 12:41:22,072 [INFO] PluginManage:359 - Loaded plugin updater (category:base,tabindex:12)
2026-04-16 12:41:22,072 [INFO] PluginManage:310 - Check plugin userauth
2026-04-16 12:41:22,078 [INFO] UserAuth:118 - Init User Auth plugin
2026-04-16 12:41:22,079 [INFO] PluginManage:359 - Loaded plugin userauth (category:base,tabindex:14)
2026-04-16 12:41:22,080 [INFO] PluginManage:283 - PluginManage : Loaded plugins [18]
2026-04-16 12:41:22,309 [INFO] PinOutPanel:1589 - setPackage(No Configuration,No Configuration)
2026-04-16 12:41:22,413 [INFO] CADModel:165 - CPN selected for project level
2026-04-16 12:41:22,413 [INFO] CADModel:114 - Register for checkConnection events
2026-04-16 12:41:22,438 [INFO] IPUIPlugin:80 - create IPUIPlugin
2026-04-16 12:41:22,438 [INFO] PluginManager:220 - loadIPPluginJar : add adc
2026-04-16 12:41:22,443 [INFO] IPUIPlugin:80 - create IPUIPlugin
2026-04-16 12:41:22,443 [INFO] PluginManager:220 - loadIPPluginJar : add aes
2026-04-16 12:41:22,446 [INFO] IPUIPlugin:80 - create IPUIPlugin
2026-04-16 12:41:22,446 [INFO] PluginManager:220 - loadIPPluginJar : add can
2026-04-16 12:41:22,448 [INFO] IPUIPlugin:80 - create IPUIPlugin
2026-04-16 12:41:22,448 [INFO] PluginManager:220 - loadIPPluginJar : add comp
2026-04-16 12:41:22,452 [INFO] IPUIPlugin:80 - create IPUIPlugin
2026-04-16 12:41:22,452 [INFO] PluginManager:220 - loadIPPluginJar : add cryp
2026-04-16 12:41:22,455 [INFO] IPUIPlugin:80 - create IPUIPlugin
2026-04-16 12:41:22,455 [INFO] PluginManager:220 - loadIPPluginJar : add ddr_ctrl_phy
2026-04-16 12:41:22,459 [INFO] IPUIPlugin:80 - create IPUIPlugin
2026-04-16 12:41:22,460 [INFO] PluginManager:220 - loadIPPluginJar : add dfsdm
2026-04-16 12:41:22,465 [INFO] IPUIPlugin:80 - create IPUIPlugin
2026-04-16 12:41:22,466 [INFO] PluginManager:220 - loadIPPluginJar : add dma
2026-04-16 12:41:22,470 [INFO] IPUIPlugin:80 - create IPUIPlugin
2026-04-16 12:41:22,471 [INFO] PluginManager:220 - loadIPPluginJar : add dma3
2026-04-16 12:41:22,480 [INFO] IPUIPlugin:80 - create IPUIPlugin
2026-04-16 12:41:22,480 [INFO] PluginManager:220 - loadIPPluginJar : add extmemmanager
2026-04-16 12:41:22,483 [INFO] IPUIPlugin:80 - create IPUIPlugin
2026-04-16 12:41:22,483 [INFO] PluginManager:220 - loadIPPluginJar : add fatfs
2026-04-16 12:41:22,490 [INFO] IPUIPlugin:80 - create IPUIPlugin
2026-04-16 12:41:22,492 [INFO] PluginManager:220 - loadIPPluginJar : add fmc
2026-04-16 12:41:22,502 [INFO] IPUIPlugin:80 - create IPUIPlugin
2026-04-16 12:41:22,502 [INFO] PluginManager:220 - loadIPPluginJar : add freertos
2026-04-16 12:41:22,504 [INFO] IPUIPlugin:80 - create IPUIPlugin
2026-04-16 12:41:22,507 [INFO] PluginManager:220 - loadIPPluginJar : add genericplugin
2026-04-16 12:41:22,513 [INFO] IPUIPlugin:80 - create IPUIPlugin
2026-04-16 12:41:22,513 [INFO] PluginManager:220 - loadIPPluginJar : add gfxmmu
2026-04-16 12:41:22,518 [INFO] IPUIPlugin:80 - create IPUIPlugin
2026-04-16 12:41:22,518 [INFO] PluginManager:220 - loadIPPluginJar : add gic
2026-04-16 12:41:22,525 [INFO] IPUIPlugin:80 - create IPUIPlugin
2026-04-16 12:41:22,526 [INFO] PluginManager:220 - loadIPPluginJar : add gpio
2026-04-16 12:41:22,530 [INFO] IPUIPlugin:80 - create IPUIPlugin
2026-04-16 12:41:22,530 [INFO] PluginManager:220 - loadIPPluginJar : add gtzc
2026-04-16 12:41:22,533 [INFO] IPUIPlugin:80 - create IPUIPlugin
2026-04-16 12:41:22,533 [INFO] PluginManager:220 - loadIPPluginJar : add hash
2026-04-16 12:41:22,536 [INFO] IPUIPlugin:80 - create IPUIPlugin
2026-04-16 12:41:22,536 [INFO] PluginManager:220 - loadIPPluginJar : add i2c
2026-04-16 12:41:22,541 [INFO] IPUIPlugin:80 - create IPUIPlugin
2026-04-16 12:41:22,541 [INFO] PluginManager:220 - loadIPPluginJar : add i2s
2026-04-16 12:41:22,545 [INFO] IPUIPlugin:80 - create IPUIPlugin
2026-04-16 12:41:22,545 [INFO] PluginManager:220 - loadIPPluginJar : add i3c
2026-04-16 12:41:22,548 [INFO] IPUIPlugin:80 - create IPUIPlugin
2026-04-16 12:41:22,548 [INFO] PluginManager:220 - loadIPPluginJar : add ipddr
2026-04-16 12:41:22,558 [INFO] IPUIPlugin:80 - create IPUIPlugin
2026-04-16 12:41:22,558 [INFO] PluginManager:220 - loadIPPluginJar : add linkedlist
2026-04-16 12:41:22,563 [INFO] IPUIPlugin:80 - create IPUIPlugin
2026-04-16 12:41:22,563 [INFO] PluginManager:220 - loadIPPluginJar : add lorawan
2026-04-16 12:41:22,565 [INFO] IPUIPlugin:80 - create IPUIPlugin
2026-04-16 12:41:22,565 [INFO] PluginManager:220 - loadIPPluginJar : add ltdc
2026-04-16 12:41:22,571 [INFO] IPUIPlugin:80 - create IPUIPlugin
2026-04-16 12:41:22,571 [INFO] PluginManager:220 - loadIPPluginJar : add mdma
2026-04-16 12:41:22,581 [INFO] IPUIPlugin:80 - create IPUIPlugin
2026-04-16 12:41:22,581 [INFO] PluginManager:220 - loadIPPluginJar : add nvic
2026-04-16 12:41:22,584 [INFO] IPUIPlugin:80 - create IPUIPlugin
2026-04-16 12:41:22,584 [INFO] PluginManager:220 - loadIPPluginJar : add opamp
2026-04-16 12:41:22,588 [INFO] IPUIPlugin:80 - create IPUIPlugin
2026-04-16 12:41:22,588 [INFO] PluginManager:220 - loadIPPluginJar : add openamp
2026-04-16 12:41:22,594 [INFO] IPUIPlugin:80 - create IPUIPlugin
2026-04-16 12:41:22,594 [INFO] PluginManager:220 - loadIPPluginJar : add pdm2pcm
2026-04-16 12:41:22,601 [INFO] IPUIPlugin:80 - create IPUIPlugin
2026-04-16 12:41:22,604 [INFO] PluginManager:220 - loadIPPluginJar : add plateformsettings
2026-04-16 12:41:22,610 [INFO] IPUIPlugin:80 - create IPUIPlugin
2026-04-16 12:41:22,610 [INFO] PluginManager:220 - loadIPPluginJar : add quadspi
2026-04-16 12:41:22,614 [INFO] IPUIPlugin:80 - create IPUIPlugin
2026-04-16 12:41:22,615 [INFO] PluginManager:220 - loadIPPluginJar : add radio
2026-04-16 12:41:22,621 [INFO] IPUIPlugin:80 - create IPUIPlugin
2026-04-16 12:41:22,621 [INFO] PluginManager:220 - loadIPPluginJar : add resmgrutility
2026-04-16 12:41:22,628 [INFO] IPUIPlugin:80 - create IPUIPlugin
2026-04-16 12:41:22,628 [INFO] PluginManager:220 - loadIPPluginJar : add sai
2026-04-16 12:41:22,632 [INFO] IPUIPlugin:80 - create IPUIPlugin
2026-04-16 12:41:22,632 [INFO] PluginManager:220 - loadIPPluginJar : add spi
2026-04-16 12:41:22,639 [INFO] IPUIPlugin:80 - create IPUIPlugin
2026-04-16 12:41:22,639 [INFO] PluginManager:220 - loadIPPluginJar : add stm32_wpan
2026-04-16 12:41:22,643 [INFO] IPUIPlugin:80 - create IPUIPlugin
2026-04-16 12:41:22,643 [INFO] PluginManager:220 - loadIPPluginJar : add tim
2026-04-16 12:41:22,648 [INFO] IPUIPlugin:80 - create IPUIPlugin
2026-04-16 12:41:22,648 [INFO] PluginManager:220 - loadIPPluginJar : add touchsensing
2026-04-16 12:41:22,651 [INFO] IPUIPlugin:80 - create IPUIPlugin
2026-04-16 12:41:22,651 [INFO] PluginManager:220 - loadIPPluginJar : add tracer_emb
2026-04-16 12:41:22,655 [INFO] IPUIPlugin:80 - create IPUIPlugin
2026-04-16 12:41:22,657 [INFO] PluginManager:220 - loadIPPluginJar : add ts
2026-04-16 12:41:22,659 [INFO] IPUIPlugin:80 - create IPUIPlugin
2026-04-16 12:41:22,660 [INFO] PluginManager:220 - loadIPPluginJar : add tsc
2026-04-16 12:41:22,663 [INFO] IPUIPlugin:80 - create IPUIPlugin
2026-04-16 12:41:22,663 [INFO] PluginManager:220 - loadIPPluginJar : add ucpd
2026-04-16 12:41:22,667 [INFO] IPUIPlugin:80 - create IPUIPlugin
2026-04-16 12:41:22,667 [INFO] PluginManager:220 - loadIPPluginJar : add usart
2026-04-16 12:41:22,671 [INFO] IPUIPlugin:80 - create IPUIPlugin
2026-04-16 12:41:22,672 [INFO] PluginManager:220 - loadIPPluginJar : add usbx
2026-04-16 12:41:22,812 [FATAL] Updater:351 - Updater called before beeing initialized
2026-04-16 12:41:22,848 [INFO] RulesReader:64 - Compatibility file has been processed (317 Rules)
2026-04-16 12:41:22,863 [INFO] RulesReader:64 - Compatibility file has been processed (317 Rules)
2026-04-16 12:41:22,880 [INFO] CADModel:165 - CPN selected for project level
2026-04-16 12:41:22,880 [INFO] CADModel:114 - Register for checkConnection events
2026-04-16 12:41:22,880 [FATAL] Updater:351 - Updater called before beeing initialized
2026-04-16 12:41:22,880 [ERROR] CADModel:125 - Updater not yet initialized, retry later 
2026-04-16 12:41:23,034 [FATAL] Updater:351 - Updater called before beeing initialized
2026-04-16 12:41:23,036 [INFO] CADModel:165 - CPN selected for project level
2026-04-16 12:41:23,037 [INFO] CADModel:114 - Register for checkConnection events
2026-04-16 12:41:23,037 [FATAL] Updater:351 - Updater called before beeing initialized
2026-04-16 12:41:23,037 [ERROR] CADModel:125 - Updater not yet initialized, retry later 
2026-04-16 12:41:23,039 [FATAL] Updater:351 - Updater called before beeing initialized
2026-04-16 12:41:23,153 [FATAL] Updater:351 - Updater called before beeing initialized
2026-04-16 12:41:23,157 [INFO] DbMcusAds:53 - JSON generation date=Fri Apr 10 14:49:02 IST 2026 (1775812742310)
2026-04-16 12:41:23,158 [FATAL] Updater:351 - Updater called before beeing initialized
2026-04-16 12:41:23,193 [WARN] DetailPanel:346 - Failed to get advertising image, set to default
2026-04-16 12:41:23,284 [FATAL] Updater:351 - Updater called before beeing initialized
2026-04-16 12:41:23,285 [FATAL] Updater:351 - Updater called before beeing initialized
2026-04-16 12:41:23,285 [FATAL] Updater:351 - Updater called before beeing initialized
2026-04-16 12:41:23,285 [WARN] DetailPanel:346 - Failed to get advertising image, set to default
2026-04-16 12:41:23,286 [FATAL] Updater:351 - Updater called before beeing initialized
2026-04-16 12:41:23,326 [ERROR] Updater:1198 - MainUpdater not yet initialized. External WinMGr cannot be set.
2026-04-16 12:41:23,328 [INFO] Updater:1134 - Updater Version found : 6.15.0
2026-04-16 12:41:23,343 [INFO] ApplicationProperties:184 - Using Application install path: C:\ST\STM32CubeIDE_1.19.0\STM32CubeIDE\plugins\com.st.stm32cube.common.mx_6.15.0.202507011659
2026-04-16 12:41:24,862 [INFO] ThirdPartyUpdaterWithRetryManager:70 - Updater plugin not ready yet. [2/15]
2026-04-16 12:41:24,932 [ERROR] LogOutputStream:75 - [STDERR_REDIRECT] Apr 16, 2026 12:41:24 PM java.util.prefs.WindowsPreferences <init>
2026-04-16 12:41:24,933 [ERROR] LogOutputStream:75 - [STDERR_REDIRECT] WARNING: Could not open/create prefs root node Software\JavaSoft\Prefs at root 0xffffffff80000002. Windows RegCreateKeyEx(...) returned error code 5.
2026-04-16 12:41:24,933 [ERROR] LogOutputStream:75 - [STDERR_REDIRECT] 
2026-04-16 12:41:25,235 [INFO] McuFinderGlobals:63 - Set McuFinder mode to 2 (CubeIDE integrated)
2026-04-16 12:41:25,345 [INFO] MainUpdater:2872 - connection check result : 10
2026-04-16 12:41:25,346 [INFO] MainUpdater:289 - Updater Check For Update Now.
2026-04-16 12:41:25,346 [INFO] MicroXplorer:498 - Change Database Version : DB.6.0.150
2026-04-16 12:41:25,358 [INFO] McuFinderGlobals:63 - Set McuFinder mode to 2 (CubeIDE integrated)
2026-04-16 12:41:25,360 [INFO] UserAuth:487 - Internet connection configuration mode: 1
2026-04-16 12:41:25,425 [INFO] JxBrowserEngine:152 - Initiate JxBrowser Engine with user profile folder
2026-04-16 12:41:25,567 [INFO] CheckServerUpdateThread:120 - End of CheckServer Thread
2026-04-16 12:41:25,589 [INFO] MainUpdater:2872 - connection check result : 10
2026-04-16 12:41:25,594 [INFO] McuFinderGlobals:76 - Set McuFinderConnectedMode to true
2026-04-16 12:41:25,774 [INFO] ServerAccessManage:452 - Complete download http(s) 200
2026-04-16 12:41:25,776 [INFO] ServerAccessManage:509 - Download File mcusAds.json._tmp_
2026-04-16 12:41:25,903 [INFO] LoadUrlFilesThread:156 - End of LoadUrlFiles Thread
2026-04-16 12:41:26,220 [INFO] ServerAccessManage:452 - Complete download http(s) 200
2026-04-16 12:41:26,221 [INFO] ServerAccessManage:509 - Download File cube-finder-db.zip
2026-04-16 12:41:26,643 [INFO] WebApp:169 - Instantiating new browser for Auth
2026-04-16 12:41:27,863 [WARN] MainUpdater:1193 - Updater busy. Cannot search thirdparties
2026-04-16 12:41:27,864 [INFO] ThirdPartyUpdaterWithRetryManager:96 - Updater plugin is busy. [1/15]
2026-04-16 12:41:28,085 [INFO] WebApp:463 - Apply proxy settings
2026-04-16 12:41:28,086 [INFO] WebApp:548 - Chromium requires no authentication
2026-04-16 12:41:28,113 [INFO] WebApp:491 - Direct internet connection detected
2026-04-16 12:41:28,182 [INFO] WebApp:900 - Register for checkConnection events
2026-04-16 12:41:28,182 [INFO] WebApp:463 - Apply proxy settings
2026-04-16 12:41:28,183 [INFO] WebApp:548 - Chromium requires no authentication
2026-04-16 12:41:28,184 [INFO] WebApp:491 - Direct internet connection detected
2026-04-16 12:41:28,255 [INFO] FileExtend:248 - Unzip File : cube-finder-db.zip
2026-04-16 12:41:28,256 [INFO] FileExtend:263 - Standard Zip Deflate
2026-04-16 12:41:28,452 [INFO] WebApp:191 - Connection restablished
2026-04-16 12:41:28,679 [INFO] WebApp:225 - Starting web application
2026-04-16 12:41:28,679 [INFO] WebApp:593 - Web application path used C:\ST\STM32CubeIDE_1.19.0\STM32CubeIDE\plugins\com.st.stm32cube.common.mx_6.15.0.202507011659\db\plugins\mcufinder\reactClient1\index.html
2026-04-16 12:41:28,904 [INFO] UserAuth:487 - Internet connection configuration mode: 1
2026-04-16 12:41:30,287 [INFO] LoadUrlFilesThread:156 - End of LoadUrlFiles Thread
2026-04-16 12:41:30,866 [WARN] MainUpdater:1193 - Updater busy. Cannot search thirdparties
2026-04-16 12:41:30,866 [INFO] ThirdPartyUpdaterWithRetryManager:96 - Updater plugin is busy. [2/15]
2026-04-16 12:41:31,234 [INFO] ServerAccessManage:452 - Complete download http(s) 200
2026-04-16 12:41:31,235 [INFO] ServerAccessManage:509 - Download File crdb.zip
2026-04-16 12:41:32,147 [INFO] FileExtend:248 - Unzip File : crdb.zip
2026-04-16 12:41:32,147 [INFO] FileExtend:263 - Standard Zip Deflate
2026-04-16 12:41:32,290 [INFO] LoadUrlFilesThread:156 - End of LoadUrlFiles Thread
2026-04-16 12:41:32,494 [INFO] ServerAccessManage:452 - Complete download http(s) 200
2026-04-16 12:41:32,495 [INFO] ServerAccessManage:509 - Download File tutoVideoDB.zip
2026-04-16 12:41:32,546 [INFO] FileExtend:248 - Unzip File : tutoVideoDB.zip
2026-04-16 12:41:32,546 [INFO] FileExtend:263 - Standard Zip Deflate
2026-04-16 12:41:32,666 [INFO] LoadUrlFilesThread:156 - End of LoadUrlFiles Thread
2026-04-16 12:41:32,670 [WARN] DbFile:41 - Overriding database path with different value: C:\Users\vamsh\.stmcufinder\plugins\mcufinder/ => C:\Users\vamsh\.stmcufinder\plugins\mcufinder
2026-04-16 12:41:32,850 [INFO] ServerAccessManage:452 - Complete download http(s) 200
2026-04-16 12:41:32,851 [INFO] ServerAccessManage:509 - Download File api_config.json
2026-04-16 12:41:32,964 [INFO] LoadUrlFilesThread:156 - End of LoadUrlFiles Thread
2026-04-16 12:41:32,966 [INFO] DbMcusAds:53 - JSON generation date=Fri Apr 10 14:49:02 IST 2026 (1775812742310)
2026-04-16 12:41:32,994 [INFO] LoadUrlFilesThread:185 - End of LoadServerUrlFiles without Thread
2026-04-16 12:41:32,994 [INFO] TargetSelectorAdapter:259 - Refresh data is successful
2026-04-16 12:41:33,151 [INFO] ApiDb:581 - Connected to CubeFinder SQLite database (C:\Users\vamsh\.stmcufinder\plugins\mcufinder\mcu\cube-finder-db.db)
2026-04-16 12:41:33,256 [INFO] ApiDb:668 - CubeFinder database Data Model version=2.1
2026-04-16 12:41:33,257 [INFO] ApiDb:669 - CubeFinder database Configuration version=3.0.42
2026-04-16 12:41:33,257 [INFO] ApiDb:670 - CubeFinder database generation date=2026-03-11 (1773229989)
2026-04-16 12:41:33,257 [INFO] ApiDb:671 - CubeFinder database FW Pack versions=[FP-ATR-ASTRA1_V2.0.0, FP-SNS-FLIGHT1_V5.1.0, FP-SNS-MOTENV1_V5.1.0, FP-SNS-MOTENVWB1_V1.5.0, FP-SNS-SMARTAG2_V1.2.0, FP-SNS-STBOX1_V2.1.0, STM32Cube_FW_C0_V1.4.0, STM32Cube_FW_F4_V1.28.3, STM32Cube_FW_F7_V1.17.4, STM32Cube_FW_G0_V1.6.3, STM32Cube_FW_G4_V1.6.2, STM32Cube_FW_H5_V1.6.0, STM32Cube_FW_H7RS_V1.3.0, STM32Cube_FW_H7_V1.13.0, STM32Cube_FW_L0_V1.12.2, STM32Cube_FW_L4_V1.18.2, STM32Cube_FW_L5_V1.6.0, STM32Cube_FW_N6_V1.3.0, STM32Cube_FW_U0_V1.3.0, STM32Cube_FW_U3_V1.3.0, STM32Cube_FW_U5_V1.8.0, STM32Cube_FW_WB0_V1.4.0, STM32Cube_FW_WBA_V1.9.0, STM32Cube_FW_WB_V1.24.0, STM32Cube_FW_WL3_V1.4.0, STM32Cube_FW_WL_V1.5.0, X-CUBE-ALGOBUILD_V1.4.0, X-CUBE-ALS_V1.0.2, X-CUBE-AZRTOS-F4_V1.1.0, X-CUBE-AZRTOS-F7_V1.1.0, X-CUBE-AZRTOS-G0_V1.1.0, X-CUBE-AZRTOS-G4_V2.0.0, X-CUBE-AZRTOS-H7RS_V1.1.0, X-CUBE-AZRTOS-H7_V3.4.0, X-CUBE-AZRTOS-L4_V2.0.0, X-CUBE-AZRTOS-L5_V2.0.0, X-CUBE-AZRTOS-WB_V2.0.0, X-CUBE-AZRTOS-WL_V2.0.0, X-CUBE-BLE1_V7.1.0, X-CUBE-BLE2_V3.3.0, X-CUBE-BLEMGR_V4.1.0, X-CUBE-EEPRMA1_V5.2.0, X-CUBE-FREERTOS_V1.5.0, X-CUBE-GNSS1_V6.0.0, X-CUBE-MEMS1_V12.0.0, X-CUBE-NFC4_V3.0.0, X-CUBE-NFC7_V2.0.0, X-CUBE-SFXS2LP1_V4.0.0, X-CUBE-ST67W61_V1.2.0, X-CUBE-SUBG2_V5.0.0, X-CUBE-TOF1_V3.4.3]
2026-04-16 12:41:34,293 [WARN] PackLoader:240 - Cannot read IP mode file for STMicroelectronics.X-CUBE-AZRTOS-H7.3.5.0
2026-04-16 12:41:34,312 [WARN] PackLoader:240 - Cannot read IP mode file for STMicroelectronics.FP-ATR-ASTRA1.2.0.2
2026-04-16 12:41:34,335 [WARN] PackLoader:240 - Cannot read IP mode file for STMicroelectronics.X-CUBE-SMBUS.2.1.0
2026-04-16 12:41:34,363 [WARN] PackLoader:240 - Cannot read IP mode file for STMicroelectronics.X-CUBE-AZRTOS-F7.1.1.0
2026-04-16 12:41:34,374 [WARN] PackLoader:240 - Cannot read IP mode file for STMicroelectronics.FP-SNS-MOTENV1.5.1.0
2026-04-16 12:41:34,391 [WARN] PackLoader:240 - Cannot read IP mode file for WES.I-CUBE-Cesium.1.4.0
2026-04-16 12:41:34,403 [WARN] PackLoader:240 - Cannot read IP mode file for STMicroelectronics.X-CUBE-DISPLAY.3.0.0
2026-04-16 12:41:34,419 [WARN] PackLoader:240 - Cannot read IP mode file for STMicroelectronics.FP-SNS-MOTENVWB1.1.5.0
2026-04-16 12:41:34,434 [WARN] PackLoader:240 - Cannot read IP mode file for STMicroelectronics.X-CUBE-NFC10.1.0.0
2026-04-16 12:41:34,445 [WARN] PackLoader:240 - Cannot read IP mode file for STMicroelectronics.X-CUBE-ST60.1.1.0
2026-04-16 12:41:34,456 [WARN] PackLoader:240 - Cannot read IP mode file for emotas.I-CUBE-CANOPEN.1.3.0
2026-04-16 12:41:34,468 [WARN] PackLoader:240 - Cannot read IP mode file for STMicroelectronics.X-CUBE-GNSS1.7.1.0
2026-04-16 12:41:34,484 [WARN] PackLoader:240 - Cannot read IP mode file for STMicroelectronics.FP-SNS-STBOX1.2.1.0
2026-04-16 12:41:34,496 [WARN] PackLoader:240 - Cannot read IP mode file for STMicroelectronics.FP-SNS-SMARTAG2.1.2.0
2026-04-16 12:41:34,505 [WARN] PackLoader:240 - Cannot read IP mode file for STMicroelectronics.FP-SNS-FLIGHT1.5.1.0
2026-04-16 12:41:34,526 [INFO] LogOutputStream:77 - [STDOUT_REDIRECT] 1 : Invalid condition id : UX_CORESTACK_Condition cause : null
2026-04-16 12:41:34,529 [INFO] LogOutputStream:77 - [STDOUT_REDIRECT] 1 : Invalid condition id : UX_CORESTACK_Condition cause : null
2026-04-16 12:41:34,531 [INFO] LogOutputStream:77 - [STDOUT_REDIRECT] 1 : Invalid condition id : UX_CORESTACK_Condition cause : null
2026-04-16 12:41:34,533 [INFO] LogOutputStream:77 - [STDOUT_REDIRECT] 1 : Invalid condition id : UX_CORESTACK_Condition cause : null
2026-04-16 12:41:34,537 [INFO] LogOutputStream:77 - [STDOUT_REDIRECT] 1 : Invalid condition id : UX_CORESTACK_Condition cause : null
2026-04-16 12:41:34,543 [WARN] PackLoader:240 - Cannot read IP mode file for STMicroelectronics.X-CUBE-AZRTOS-WL.2.0.0
2026-04-16 12:41:34,581 [WARN] PackLoader:240 - Cannot read IP mode file for STMicroelectronics.X-CUBE-AZRTOS-H7RS.1.2.0
2026-04-16 12:41:34,596 [WARN] PackLoader:240 - Cannot read IP mode file for STMicroelectronics.X-CUBE-BLE2.3.3.0
2026-04-16 12:41:34,670 [WARN] PackLoader:240 - Cannot read IP mode file for Infineon.AIROC-Wi-Fi-Bluetooth-STM32.1.8.0
2026-04-16 12:41:34,691 [WARN] PackLoader:240 - Cannot read IP mode file for STMicroelectronics.X-CUBE-NFC9.1.0.0
2026-04-16 12:41:34,706 [WARN] PackLoader:240 - Cannot read IP mode file for STMicroelectronics.X-CUBE-BLE1.7.1.0
2026-04-16 12:41:34,718 [WARN] PackLoader:240 - Cannot read IP mode file for wolfSSL.I-CUBE-wolfMQTT.1.19.2
2026-04-16 12:41:34,733 [WARN] PackLoader:240 - Cannot read IP mode file for STMicroelectronics.X-CUBE-EEPRMA1.5.2.0
2026-04-16 12:41:34,746 [WARN] PackLoader:240 - Cannot read IP mode file for wolfSSL.I-CUBE-wolfSSL.5.8.4
2026-04-16 12:41:34,757 [WARN] PackLoader:240 - Cannot read IP mode file for Cesanta.I-CUBE-Mongoose.7.20.0
2026-04-16 12:41:34,840 [WARN] PackLoader:240 - Cannot read IP mode file for STMicroelectronics.X-CUBE-MEMS1.12.0.0
2026-04-16 12:41:35,052 [WARN] PackLoader:240 - Cannot read IP mode file for STMicroelectronics.X-CUBE-AZRTOS-G0.1.1.0
2026-04-16 12:41:35,069 [WARN] PackLoader:240 - Cannot read IP mode file for STMicroelectronics.X-CUBE-NFC4.3.0.0
2026-04-16 12:41:35,091 [WARN] PackLoader:240 - Cannot read IP mode file for EmbeddedOffice.I-CUBE-FS-RTOS.1.0.1
2026-04-16 12:41:35,106 [WARN] PackLoader:240 - Cannot read IP mode file for STMicroelectronics.X-CUBE-WB05N.2.0.0
2026-04-16 12:41:35,117 [WARN] PackLoader:240 - Cannot read IP mode file for wolfSSL.I-CUBE-wolfTPM.3.8.0
2026-04-16 12:41:35,130 [WARN] PackLoader:240 - Cannot read IP mode file for STMicroelectronics.X-CUBE-TCPP.4.2.0
2026-04-16 12:41:35,146 [WARN] PackLoader:240 - Cannot read IP mode file for RealThread.X-CUBE-RT-Thread_Nano.4.1.1
2026-04-16 12:41:35,154 [WARN] PackLoader:240 - Cannot read IP mode file for STMicroelectronics.FP-ATR-SIGFOX1.3.2.0
2026-04-16 12:41:35,167 [WARN] PackLoader:240 - Cannot read IP mode file for STMicroelectronics.X-CUBE-FREERTOS.1.5.0
2026-04-16 12:41:35,182 [WARN] PackLoader:240 - Cannot read IP mode file for ITTIA_DB.I-CUBE-ITTIADB.8.9.0
2026-04-16 12:41:35,197 [WARN] PackLoader:240 - Cannot read IP mode file for STMicroelectronics.X-CUBE-NFC6.3.2.0
2026-04-16 12:41:35,215 [WARN] PackLoader:240 - Cannot read IP mode file for STMicroelectronics.X-CUBE-AI.10.2.0
2026-04-16 12:41:35,267 [WARN] PackLoader:240 - Cannot read IP mode file for SEGGER.I-CUBE-embOS.1.3.1
2026-04-16 12:41:35,344 [WARN] PackLoader:240 - Cannot read IP mode file for STMicroelectronics.X-CUBE-ALGOBUILD.1.4.0
2026-04-16 12:41:35,357 [WARN] PackLoader:240 - Cannot read IP mode file for STMicroelectronics.X-CUBE-PM33A1.1.0.0
2026-04-16 12:41:35,390 [WARN] PackLoader:240 - Cannot read IP mode file for STMicroelectronics.X-CUBE-AZRTOS-F4.1.1.0
2026-04-16 12:41:35,406 [WARN] PackLoader:240 - Cannot read IP mode file for STMicroelectronics.X-CUBE-ISPU.2.1.0
2026-04-16 12:41:35,437 [WARN] PackLoader:240 - Cannot read IP mode file for STMicroelectronics.X-CUBE-IPS.3.2.0
2026-04-16 12:41:35,460 [WARN] PackLoader:240 - Cannot read IP mode file for STMicroelectronics.eDS-WB_DPC_TT-BIDIR.2.1.1
2026-04-16 12:41:35,475 [WARN] PackLoader:240 - Cannot read IP mode file for STMicroelectronics.X-CUBE-NFC12.1.0.0
2026-04-16 12:41:35,511 [WARN] PackLoader:240 - Cannot read IP mode file for STMicroelectronics.X-CUBE-AZRTOS-L5.2.0.0
2026-04-16 12:41:35,527 [WARN] PackLoader:240 - Cannot read IP mode file for STMicroelectronics.eDS-WB_DPC_VIENNA.1.2.0
2026-04-16 12:41:35,538 [WARN] PackLoader:240 - Cannot read IP mode file for STMicroelectronics.eDS-WB_DPC_3PH2L-BIDIR.1.1.1
2026-04-16 12:41:35,551 [WARN] PackLoader:240 - Cannot read IP mode file for STMicroelectronics.X-CUBE-TOUCHGFX.4.26.1
2026-04-16 12:41:35,563 [WARN] PackLoader:240 - Cannot read IP mode file for STMicroelectronics.FP-SNS-STAIOTCFT.1.0.0
2026-04-16 12:41:35,576 [WARN] PackLoader:240 - Cannot read IP mode file for STMicroelectronics.X-CUBE-DPower.1.3.0
2026-04-16 12:41:35,606 [WARN] ConditionMgr:438 - getConditionDescription Invalid condition id : LAN8742 Phy interface Condition cause : null
2026-04-16 12:41:35,608 [WARN] PackLoader:240 - Cannot read IP mode file for STMicroelectronics.X-CUBE-AZRTOS-L4.2.0.0
2026-04-16 12:41:35,610 [WARN] ConditionMgr:1044 - genDependencies : Invalid condition id : LAN8742 Phy interface Condition cause : null
2026-04-16 12:41:35,610 [WARN] ConditionMgr:1044 - genDependencies : Invalid condition id : LAN8742 Phy interface Condition cause : null
2026-04-16 12:41:35,611 [WARN] ConditionMgr:1044 - genDependencies : Invalid condition id : LAN8742 Phy interface Condition cause : null
2026-04-16 12:41:35,628 [WARN] PackLoader:240 - Cannot read IP mode file for STMicroelectronics.X-CUBE-SFXS2LP1.4.0.0
2026-04-16 12:41:35,639 [WARN] PackLoader:240 - Cannot read IP mode file for STMicroelectronics.X-CUBE-WB05N.2.1.0
2026-04-16 12:41:35,655 [WARN] PackLoader:240 - Cannot read IP mode file for STMicroelectronics.X-CUBE-ST67W61.1.2.0
2026-04-16 12:41:35,677 [WARN] PackLoader:240 - Cannot read IP mode file for STMicroelectronics.X-CUBE-BLEMGR.4.1.0
2026-04-16 12:41:35,704 [WARN] ConditionMgr:438 - getConditionDescription Invalid condition id : UX DEVICE CLASS RTOS Condition cause : null
2026-04-16 12:41:35,704 [WARN] ConditionMgr:438 - getConditionDescription Invalid condition id : UX DEVICE CLASS RTOS Condition cause : null
2026-04-16 12:41:35,708 [WARN] PackLoader:240 - Cannot read IP mode file for STMicroelectronics.X-CUBE-AZRTOS-WB.2.0.0
2026-04-16 12:41:35,709 [WARN] ConditionMgr:1044 - genDependencies : Invalid condition id : UX DEVICE CLASS RTOS Condition cause : null
2026-04-16 12:41:35,709 [WARN] ConditionMgr:1044 - genDependencies : Invalid condition id : UX DEVICE CLASS RTOS Condition cause : null
2026-04-16 12:41:35,710 [WARN] ConditionMgr:1044 - genDependencies : Invalid condition id : UX DEVICE CLASS RTOS Condition cause : null
2026-04-16 12:41:35,710 [WARN] ConditionMgr:1044 - genDependencies : Invalid condition id : UX DEVICE CLASS RTOS Condition cause : null
2026-04-16 12:41:35,710 [WARN] ConditionMgr:1044 - genDependencies : Invalid condition id : UX DEVICE CLASS RTOS Condition cause : null
2026-04-16 12:41:35,724 [WARN] ConditionMgr:438 - getConditionDescription Invalid condition id : Cortex-A Device cause : null
2026-04-16 12:41:35,742 [WARN] ConditionMgr:1044 - genDependencies : Invalid condition id : Cortex-A Device cause : null
2026-04-16 12:41:35,742 [WARN] ConditionMgr:1044 - genDependencies : Invalid condition id : Cortex-A Device cause : null
2026-04-16 12:41:35,742 [WARN] ConditionMgr:1044 - genDependencies : Invalid condition id : Cortex-A Device cause : null
2026-04-16 12:41:35,756 [WARN] PackLoader:240 - Cannot read IP mode file for STMicroelectronics.X-CUBE-STSE01.2.0.0
2026-04-16 12:41:35,776 [WARN] PackLoader:240 - Cannot read IP mode file for STMicroelectronics.X-CUBE-SUBG2.5.0.0
2026-04-16 12:41:35,807 [WARN] PackLoader:240 - Cannot read IP mode file for STMicroelectronics.X-CUBE-AZRTOS-G4.2.0.0
2026-04-16 12:41:35,819 [WARN] PackLoader:240 - Cannot read IP mode file for wolfSSL.I-CUBE-wolfSSH.1.4.20
2026-04-16 12:41:35,832 [WARN] PackLoader:240 - Cannot read IP mode file for STMicroelectronics.X-CUBE-NFC7.2.0.0
2026-04-16 12:41:35,843 [WARN] PackLoader:240 - Cannot read IP mode file for STMicroelectronics.X-CUBE-ALS.1.0.2
2026-04-16 12:41:35,861 [WARN] PackLoader:240 - Cannot read IP mode file for STMicroelectronics.X-CUBE-TOF1.3.4.3
2026-04-16 12:41:35,875 [INFO] ThirdParty:978 - Integrity check success = true
2026-04-16 12:41:35,875 [INFO] IntegrityCheckThread:100 - exiting critical section [integrity check]
2026-04-16 12:41:35,876 [INFO] IntegrityCheckThread:103 - End integrity checks thread
2026-04-16 12:41:38,219 [INFO] ApiDb:240 - Found 880 in-development CPN: [B-G473E-ZEST1S, B-WB1M-WPAN1, B-WBA5M-WPAN, B-WL5M-SUBG1, NUCLEO-C031C6, NUCLEO-C051C8, NUCLEO-C071RB, NUCLEO-C092RC, NUCLEO-H503RB, NUCLEO-H533RE, NUCLEO-H563ZI, NUCLEO-H7S3L8, NUCLEO-N657X0-Q, NUCLEO-U031R8, NUCLEO-U083RC, NUCLEO-U385RG-Q, NUCLEO-U545RE-Q, NUCLEO-U5A5ZJ-Q, NUCLEO-WB05KZ, NUCLEO-WB07CC, NUCLEO-WB09KE, NUCLEO-WBA52CG, NUCLEO-WBA55CG, NUCLEO-WL33CC1, NUCLEO-WL33CC2, STEVAL-PROTEUS1, STEVAL-SMARTAG2, STEVAL-STWINBX1, STM320518-EVAL, STM32C0116-DK, STM32C011D6Y3TR, STM32C011D6Y6TR, STM32C011F4P3, STM32C011F4P6, STM32C011F4U3, STM32C011F4U6TR, STM32C011F6P3, STM32C011F6P6, STM32C011F6U3, STM32C011F6U6TR, STM32C011J4M3, STM32C011J4M6, STM32C011J6M3, STM32C011J6M6, STM32C0316-DK, STM32C031C4T3, STM32C031C4T6, STM32C031C4U3, STM32C031C4U6, STM32C031C6T3, STM32C031C6T6, STM32C031C6U3, STM32C031C6U6, STM32C031F4P3, STM32C031F4P6, STM32C031F6P3, STM32C031F6P6, STM32C031G4U3, STM32C031G4U6, STM32C031G6U3, STM32C031G6U6, STM32C031K4T3, STM32C031K4T6, STM32C031K4U3, STM32C031K4U6, STM32C031K6T3, STM32C031K6T6, STM32C031K6U3, STM32C031K6U6, STM32C051C6T6, STM32C051C6U6, STM32C051C8T6, STM32C051C8U6, STM32C051D8Y6TR, STM32C051F6P6, STM32C051F8P6, STM32C051G6U6, STM32C051G8U6, STM32C051K6T6, STM32C051K6U6, STM32C051K8T6, STM32C071C8T6, STM32C071C8T6N, STM32C071C8U6, STM32C071C8U6N, STM32C071CBT6, STM32C071CBT6N, STM32C071CBU6, STM32C071CBU6N, STM32C071F8P6, STM32C071F8P6N, STM32C071FBP6, STM32C071FBP6N, STM32C071FBY6TR, STM32C071G8U6, STM32C071G8U6N, STM32C071GBU6, STM32C071GBU6N, STM32C071K8T6, STM32C071K8T6N, STM32C071K8U6, STM32C071K8U6N, STM32C071KBT6, STM32C071KBT6N, STM32C071KBU6, STM32C071KBU6N, STM32C071R8T6, STM32C071R8T6N, STM32C071RBI6N, STM32C071RBT6, STM32C071RBT6N, STM32C091CBT6, STM32C091CBU6, STM32C091CCT6, STM32C091CCU6, STM32C091ECY6TR, STM32C091FBP6, STM32C091FCP6, STM32C091GBU6, STM32C091GCU6, STM32C091KBT6, STM32C091KBU6, STM32C091KCT6, STM32C091KCU6, STM32C091RBT6, STM32C091RCI6, STM32C091RCT6, STM32C092CBT6, STM32C092CBU6, STM32C092CCT6, STM32C092CCU6, STM32C092ECY6TR, STM32C092FBP6, STM32C092FCP6, STM32C092GBU6, STM32C092GCU6, STM32C092KBT6, STM32C092KBU6, STM32C092KCT6, STM32C092KCU6, STM32C092RBT6, STM32C092RCI6, STM32C092RCT6, STM32G071K8TXN, STM32G071K8UXN, STM32G081GBU6N, STM32G081KBT6N, STM32G081KBUXN, STM32G0B1CCT6N, STM32G0B1KCT6, STM32G0B1NEY6TR, STM32G0B1RCT6N, STM32G0C1CCT6, STM32G0C1CCT6N, STM32G0C1CCU6N, STM32G0C1CET6N, STM32G0C1CEU6N, STM32G0C1KCT6, STM32G0C1NEY6TR, STM32G0C1RCI6N, STM32G0C1RCT6N, STM32G0C1REI6N, STM32G0C1RET6N, STM32G0C1VCI6, STM32G0C1VEI6, STM32G411C6T3, STM32G411C6T6, STM32G411C6U3, STM32G411C6U6, STM32G411C8T3, STM32G411C8T6, STM32G411C8U3, STM32G411C8U6, STM32G411CBT3, STM32G411CBT6, STM32G411CBU3, STM32G411CBU6, STM32G411K6T3, STM32G411K6T6, STM32G411K6U3, STM32G411K6U6, STM32G411K8T3, STM32G411K8T6, STM32G411K8U3, STM32G411K8U6, STM32G411KBT3, STM32G411KBT6, STM32G411KBU3, STM32G411KBU6, STM32G411M6T3, STM32G411M6T6, STM32G411M8T3, STM32G411M8T6, STM32G411MBT3, STM32G411MBT6, STM32G411R6T3, STM32G411R6T6, STM32G411R8T3, STM32G411R8T6, STM32G411RBT3, STM32G411RBT6, STM32G414CBT3, STM32G414CBT6, STM32G414CBU3, STM32G414CBU6, STM32G414CCT3, STM32G414CCT6, STM32G414CCU3, STM32G414CCU6, STM32G414MBT3, STM32G414MBT6, STM32G414MCT3, STM32G414MCT6, STM32G414RBT3, STM32G414RBT6, STM32G414RCT3, STM32G414RCT6, STM32G414VBT3, STM32G414VBT6, STM32G414VCT3, STM32G414VCT6, STM32G431CBT3Z, STM32G431RBT3Z, STM32G471CCT6, STM32G471CCU6, STM32G471CET3, STM32G471CET6, STM32G471CEU3, STM32G471CEU6, STM32G471MCT6, STM32G471MET3, STM32G471MET6, STM32G471MEY6TR, STM32G471QCT6, STM32G471QET3, STM32G471RCT6, STM32G471RET3, STM32G471RET6, STM32G471VCH6, STM32G471VCI6, STM32G471VCT6, STM32G471VEH3, STM32G471VEH6, STM32G471VEI3, STM32G471VEI6, STM32G471VET3, STM32G471VET6, STM32G473QET3Z, STM32G473RET3Z, STM32G474CCT6, STM32G491RET3Z, STM32H503CBT6, STM32H503CBU6, STM32H503EBY6TR, STM32H503KBU6, STM32H503RBT6, STM32H523CCT6, STM32H523CCU6, STM32H523CET6, STM32H523CEU6, STM32H523HEY6TR, STM32H523RCT6, STM32H523RET6, STM32H523VCI6, STM32H523VCT6, STM32H523VEI6, STM32H523VET6, STM32H523ZCJ6, STM32H523ZCT6, STM32H523ZEJ6, STM32H523ZET6, STM32H533CET6, STM32H533CEU6, STM32H533HEY6TR, STM32H533RET6, STM32H533VEI6, STM32H533VET6, STM32H533ZEJ6, STM32H533ZET6, STM32H562AGI6, STM32H562AII6, STM32H562IGK6, STM32H562IGT6, STM32H562IIK6, STM32H562IIT6, STM32H562RGT6, STM32H562RGV6, STM32H562RIT6, STM32H562RIV6, STM32H562VGT6, STM32H562VIT6, STM32H562ZGT6, STM32H562ZIT6, STM32H563AGI6, STM32H563AII3Q, STM32H563AII6, STM32H563IGK6, STM32H563IGT6, STM32H563IIK3Q, STM32H563IIK6, STM32H563IIT3Q, STM32H563IIT6, STM32H563MIY3QTR, STM32H563RGT6, STM32H563RGV6, STM32H563RIT6, STM32H563RIV6, STM32H563VGT6, STM32H563VIT3Q, STM32H563VIT6, STM32H563ZGT6, STM32H563ZIT3Q, STM32H563ZIT6, STM32H573AII3Q, STM32H573AII6, STM32H573I-DK, STM32H573IIK3Q, STM32H573IIK6, STM32H573IIT3Q, STM32H573IIT6, STM32H573MIY3QTR, STM32H573RIT6, STM32H573RIV6, STM32H573VIT3Q, STM32H573VIT6, STM32H573ZIT3Q, STM32H573ZIT6, STM32H7R3A8I6, STM32H7R3I8K6, STM32H7R3I8T6, STM32H7R3L8H6, STM32H7R3L8H6H, STM32H7R3R8V6, STM32H7R3V8H6, STM32H7R3V8T6, STM32H7R3V8Y6TR, STM32H7R3Z8J6, STM32H7R3Z8T6, STM32H7R7A8I6, STM32H7R7I8K6, STM32H7R7I8T6, STM32H7R7L8H6, STM32H7R7L8H6H, STM32H7R7Z8J6, STM32H7S3A8I6, STM32H7S3I8K6, STM32H7S3I8T6, STM32H7S3L8H6, STM32H7S3L8H6H, STM32H7S3R8V6, STM32H7S3V8H6, STM32H7S3V8T6, STM32H7S3V8Y6TR, STM32H7S3Z8J6, STM32H7S3Z8T6, STM32H7S78-DK, STM32H7S7A8I6, STM32H7S7I8K6, STM32H7S7I8T6, STM32H7S7L8H6, STM32H7S7L8H6H, STM32H7S7Z8J6, STM32L4R5QGI6STR, STM32MP131AAE3, STM32MP131AAF3, STM32MP131AAG3, STM32MP131CAE3, STM32MP131CAF3, STM32MP131CAG3, STM32MP131DAE7, STM32MP131DAF7, STM32MP131DAG7, STM32MP131FAE7, STM32MP131FAF7, STM32MP131FAG7, STM32MP133AAE3, STM32MP133AAF3, STM32MP133AAG3, STM32MP133CAE3, STM32MP133CAF3, STM32MP133CAG3, STM32MP133DAE7, STM32MP133DAF7, STM32MP133DAG7, STM32MP133FAE7, STM32MP133FAF7, STM32MP133FAG7, STM32MP135AAE3, STM32MP135AAF3, STM32MP135AAG3, STM32MP135CAE3, STM32MP135CAF3, STM32MP135CAG3, STM32MP135DAE7, STM32MP135DAF7, STM32MP135DAG7, STM32MP135F-DK, STM32MP135FAE7, STM32MP135FAF7, STM32MP135FAF7T, STM32MP135FAF7U, STM32MP135FAG7, STM32MP211AAL3, STM32MP211AAM3, STM32MP211AAN3, STM32MP211AAO3, STM32MP211CAL3, STM32MP211CAM3, STM32MP211CAN3, STM32MP211CAO3, STM32MP211DAL3, STM32MP211DAM3, STM32MP211DAN3, STM32MP211DAO3, STM32MP211FAL3, STM32MP211FAM3, STM32MP211FAN3, STM32MP211FAO3, STM32MP213AAL3, STM32MP213AAM3, STM32MP213AAN3, STM32MP213AAO3, STM32MP213CAL3, STM32MP213CAM3, STM32MP213CAN3, STM32MP213CAO3, STM32MP213DAL3, STM32MP213DAM3, STM32MP213DAN3, STM32MP213DAO3, STM32MP213FAL3, STM32MP213FAM3, STM32MP213FAN3, STM32MP213FAO3, STM32MP215AAL3, STM32MP215AAM3, STM32MP215AAN3, STM32MP215AAO3, STM32MP215CAL3, STM32MP215CAM3, STM32MP215CAN3, STM32MP215CAO3, STM32MP215DAL3, STM32MP215DAM3, STM32MP215DAN3, STM32MP215DAO3, STM32MP215F-DK, STM32MP215FAL3, STM32MP215FAM3, STM32MP215FAN3, STM32MP215FAO3, STM32MP231AAJ3, STM32MP231AAK3, STM32MP231AAL3, STM32MP231CAJ3, STM32MP231CAK3, STM32MP231CAL3, STM32MP231DAJ3, STM32MP231DAK3, STM32MP231DAL3, STM32MP231FAJ3, STM32MP231FAK3, STM32MP231FAL3, STM32MP233AAJ3, STM32MP233AAK3, STM32MP233AAL3, STM32MP233CAJ3, STM32MP233CAK3, STM32MP233CAL3, STM32MP233DAJ3, STM32MP233DAK3, STM32MP233DAL3, STM32MP233FAJ3, STM32MP233FAK3, STM32MP233FAL3, STM32MP235AAJ3, STM32MP235AAK3, STM32MP235AAL3, STM32MP235CAJ3, STM32MP235CAK3, STM32MP235CAL3, STM32MP235DAJ3, STM32MP235DAK3, STM32MP235DAL3, STM32MP235FAJ3, STM32MP235FAK3, STM32MP235FAL3, STM32MP251AAI3, STM32MP251AAK3, STM32MP251AAL3, STM32MP251CAI3, STM32MP251CAK3, STM32MP251CAL3, STM32MP251DAI3, STM32MP251DAK3, STM32MP251DAL3, STM32MP251FAI3, STM32MP251FAK3, STM32MP251FAL3, STM32MP253AAI3, STM32MP253AAK3, STM32MP253AAL3, STM32MP253CAI3, STM32MP253CAK3, STM32MP253CAL3, STM32MP253DAI3, STM32MP253DAK3, STM32MP253DAL3, STM32MP253FAI3, STM32MP253FAK3, STM32MP253FAL3, STM32MP255AAI3, STM32MP255AAK3, STM32MP255AAL3, STM32MP255CAI3, STM32MP255CAK3, STM32MP255CAL3, STM32MP255DAI3, STM32MP255DAK3, STM32MP255DAL3, STM32MP255FAI3, STM32MP255FAK3, STM32MP255FAL3, STM32MP257AAI3, STM32MP257AAK3, STM32MP257AAL3, STM32MP257CAI3, STM32MP257CAK3, STM32MP257CAL3, STM32MP257DAI3, STM32MP257DAK3, STM32MP257DAL3, STM32MP257F-DK, STM32MP257F-EV1, STM32MP257FAI3, STM32MP257FAK3, STM32MP257FAL3, STM32N645A0H3Q, STM32N645B0H3Q, STM32N645I0H3Q, STM32N645L0H3Q, STM32N645X0H3Q, STM32N645Z0H3Q, STM32N647A0H3Q, STM32N647B0H3Q, STM32N647I0H3Q, STM32N647L0H3Q, STM32N647X0H3Q, STM32N647Z0H3Q, STM32N655A0H3Q, STM32N655B0H3Q, STM32N655I0H3Q, STM32N655L0H3Q, STM32N655X0H3Q, STM32N655Z0H3Q, STM32N6570-DK, STM32N657A0H3Q, STM32N657B0H3Q, STM32N657I0H3Q, STM32N657L0H3Q, STM32N657X0H3Q, STM32N657Z0H3Q, STM32U031C6T6, STM32U031C6U6, STM32U031C8T6, STM32U031C8U6, STM32U031F4P6, STM32U031F6P6, STM32U031F8P6, STM32U031G6Y6TR, STM32U031G8Y6TR, STM32U031K4U6, STM32U031K6U6, STM32U031K8U6, STM32U031R6I6, STM32U031R6T6, STM32U031R8I6, STM32U031R8T6, STM32U073C8T6, STM32U073C8U6, STM32U073CBT6, STM32U073CBU6, STM32U073CCT6, STM32U073CCU6, STM32U073H8Y6TR, STM32U073HBY6TR, STM32U073HCY6TR, STM32U073K8U6, STM32U073KBU6, STM32U073KCU6, STM32U073M8I6, STM32U073M8T6, STM32U073MBI6, STM32U073MBT6, STM32U073MCI6, STM32U073MCT6, STM32U073R8I6, STM32U073R8T6, STM32U073RBI6, STM32U073RBT6, STM32U073RCI6, STM32U073RCT6, STM32U083C-DK, STM32U083CCT6, STM32U083CCU6, STM32U083HCY6TR, STM32U083KCU6, STM32U083MCI6, STM32U083MCT6, STM32U083RCI6, STM32U083RCT6, STM32U375CET6, STM32U375CET6Q, STM32U375CEU6, STM32U375CEU6Q, STM32U375CEY6QTR, STM32U375CGT6, STM32U375CGT6Q, STM32U375CGU6, STM32U375CGU6Q, STM32U375CGY6QTR, STM32U375KEU6, STM32U375KGU6, STM32U375REI6, STM32U375REI6Q, STM32U375RET6, STM32U375RET6Q, STM32U375REY6GTR, STM32U375REY6QTR, STM32U375RGI6, STM32U375RGI6Q, STM32U375RGT6, STM32U375RGT6Q, STM32U375RGY6GTR, STM32U375RGY6QTR, STM32U375VEI6, STM32U375VEI6Q, STM32U375VET6, STM32U375VET6Q, STM32U375VGI6, STM32U375VGI6Q, STM32U375VGT6, STM32U375VGT6Q, STM32U385CGT6, STM32U385CGT6Q, STM32U385CGU6, STM32U385CGU6Q, STM32U385CGY6QTR, STM32U385KGU6, STM32U385RGI6, STM32U385RGI6Q, STM32U385RGT6, STM32U385RGT6Q, STM32U385RGY6GTR, STM32U385RGY6QTR, STM32U385VGI6, STM32U385VGI6Q, STM32U385VGT6, STM32U385VGT6Q, STM32U535CBT6, STM32U535CBT6Q, STM32U535CBU6, STM32U535CBU6Q, STM32U535CCT6, STM32U535CCT6Q, STM32U535CCU6, STM32U535CCU6Q, STM32U535CET6, STM32U535CET6Q, STM32U535CEU6, STM32U535CEU6Q, STM32U535JEY6QTR, STM32U535NCY6QTR, STM32U535NEY6QTR, STM32U535RBI6, STM32U535RBI6Q, STM32U535RBT6, STM32U535RBT6Q, STM32U535RCI6, STM32U535RCI6Q, STM32U535RCT6, STM32U535RCT6Q, STM32U535REI6, STM32U535REI6Q, STM32U535RET6, STM32U535RET6Q, STM32U535VCI6, STM32U535VCI6Q, STM32U535VCT6, STM32U535VCT6Q, STM32U535VEI6, STM32U535VEI6Q, STM32U535VET6, STM32U535VET6Q, STM32U545CET6, STM32U545CET6Q, STM32U545CEU6, STM32U545CEU6Q, STM32U545JEY6QTR, STM32U545NEY6QTR, STM32U545REI6, STM32U545REI6Q, STM32U545RET6, STM32U545RET6Q, STM32U545VEI6, STM32U545VEI6Q, STM32U545VET6, STM32U545VET6Q, STM32U595AIH6, STM32U595AIH6Q, STM32U595AJH6, STM32U595AJH6Q, STM32U595QII6, STM32U595QII6Q, STM32U595QJI6, STM32U595QJI6Q, STM32U595RIT6, STM32U595RIT6Q, STM32U595RJT6, STM32U595RJT6Q, STM32U595VIT6, STM32U595VIT6Q, STM32U595VJT6, STM32U595VJT6Q, STM32U595ZIT6, STM32U595ZIT6Q, STM32U595ZIY6QTR, STM32U595ZJT6, STM32U595ZJT6Q, STM32U595ZJY6QTR, STM32U599BJY6QTR, STM32U599NIH6Q, STM32U599NJH6Q, STM32U599VIT6Q, STM32U599VJT6, STM32U599VJT6Q, STM32U599ZIT6Q, STM32U599ZIY6QTR, STM32U599ZJT6Q, STM32U599ZJY6QTR, STM32U5A5AJH6, STM32U5A5AJH6Q, STM32U5A5QII3Q , STM32U5A5QJI6, STM32U5A5QJI6Q, STM32U5A5RJT6, STM32U5A5RJT6Q, STM32U5A5VJT6, STM32U5A5VJT6Q, STM32U5A5ZJT6, STM32U5A5ZJT6Q, STM32U5A5ZJY6QTR, STM32U5A9BJY6QTR, STM32U5A9J-DK, STM32U5A9NJH6Q, STM32U5A9VJT6Q, STM32U5A9ZJT6Q, STM32U5A9ZJY6QTR, STM32U5F7VIT6, STM32U5F7VIT6Q, STM32U5F7VJT6, STM32U5F7VJT6Q, STM32U5F9BJY6QTR, STM32U5F9NJH6Q, STM32U5F9VIT6Q, STM32U5F9VJT6Q, STM32U5F9ZIJ6QTR, STM32U5F9ZIT6Q, STM32U5F9ZJJ6QTR, STM32U5F9ZJT6Q, STM32U5G7VJT6, STM32U5G7VJT6Q, STM32U5G9BJY6QTR, STM32U5G9J-DK1, STM32U5G9J-DK2, STM32U5G9NJH6Q, STM32U5G9VJT6Q, STM32U5G9ZJJ6QTR, STM32U5G9ZJT6Q, STM32WB05KZV6TR, STM32WB05KZV7TR, STM32WB05TZF6TR, STM32WB05TZF7TR, STM32WB06CCF6TR, STM32WB06CCF7TR, STM32WB06CCV6TR, STM32WB06CCV7TR, STM32WB06KCV6TR, STM32WB06KCV7TR, STM32WB07CCF6TR, STM32WB07CCF7TR, STM32WB07CCV6TR, STM32WB07CCV7TR, STM32WB07KCV6TR, STM32WB07KCV7TR, STM32WB09KEV6TR, STM32WB09KEV7TR, STM32WB09TEF6TR, STM32WB09TEF7TR, STM32WB1MMCH6, STM32WBA50KGU6, STM32WBA50KGU6TR, STM32WBA52CEU6, STM32WBA52CEU6TR, STM32WBA52CEU7, STM32WBA52CEU7TR, STM32WBA52CGU6, STM32WBA52CGU6TR, STM32WBA52CGU6U, STM32WBA52CGU7, STM32WBA52CGU7TR, STM32WBA52KEU6, STM32WBA52KEU6TR, STM32WBA52KGU6, STM32WBA52KGU6TR, STM32WBA54CEU6, STM32WBA54CEU6TR, STM32WBA54CEU7, STM32WBA54CEU7TR, STM32WBA54CGU6, STM32WBA54CGU6TR, STM32WBA54CGU7, STM32WBA54CGU7TR, STM32WBA54KEU6, STM32WBA54KEU6TR, STM32WBA54KEU7, STM32WBA54KEU7TR, STM32WBA54KGU6, STM32WBA54KGU6TR, STM32WBA54KGU7, STM32WBA54KGU7TR, STM32WBA55CEU6, STM32WBA55CEU6TR, STM32WBA55CEU7, STM32WBA55CEU7TR, STM32WBA55CGU6, STM32WBA55CGU6TR, STM32WBA55CGU6U, STM32WBA55CGU7, STM32WBA55CGU7TR, STM32WBA55G-DK1, STM32WBA55HEF6, STM32WBA55HEF7, STM32WBA55HGF6, STM32WBA55HGF7, STM32WBA55UEI6, STM32WBA55UEI6TR, STM32WBA55UEI7, STM32WBA55UEI7TR, STM32WBA55UGI6, STM32WBA55UGI6TR, STM32WBA55UGI7, STM32WBA55UGI7TR, STM32WBA5MMGH6TR, STM32WBA62MGF6, STM32WBA62MIF6, STM32WBA65MGF7, STM32WBA65MIF6, STM32WBA65MIF7, STM32WL30K8V6, STM32WL30KBV6, STM32WL31C8V6, STM32WL31CBV6, STM32WL31K8V6, STM32WL31KBV6, STM32WL33C8V6, STM32WL33C8V6X, STM32WL33CBV6, STM32WL33CBV6X, STM32WL33CCV6, STM32WL33CCV6A, STM32WL33CCV6X, STM32WL33K8V7, STM32WL33K8V7X, STM32WL33KBV7 , STM32WL33KBV7X, STM32WL33KCV7, STM32WL33KCV7X, STM32WL5MOCH6, STM32WL5MOCH6TR]
2026-04-16 12:41:38,227 [INFO] DbMcus:218 - Found 5055 MCUs, 4968 are supported
2026-04-16 12:41:38,228 [INFO] ApiDb:423 - Load user favorites file C:\Users\vamsh/.stm32cubeide/favorites.mcus.txt: 0 item(s)
2026-04-16 12:41:38,229 [INFO] ApiDb:427 - User favorites MCUs=[]
2026-04-16 12:41:38,229 [INFO] DbMcus:224 - Set 0 / 0 favorites MCUs
2026-04-16 12:41:38,877 [INFO] ApiDb:668 - CubeFinder database Data Model version=2.1
2026-04-16 12:41:38,877 [INFO] ApiDb:669 - CubeFinder database Configuration version=3.0.42
2026-04-16 12:41:38,878 [INFO] ApiDb:670 - CubeFinder database generation date=2026-03-11 (1773229989)
2026-04-16 12:41:38,878 [INFO] ApiDb:671 - CubeFinder database FW Pack versions=[FP-ATR-ASTRA1_V2.0.0, FP-SNS-FLIGHT1_V5.1.0, FP-SNS-MOTENV1_V5.1.0, FP-SNS-MOTENVWB1_V1.5.0, FP-SNS-SMARTAG2_V1.2.0, FP-SNS-STBOX1_V2.1.0, STM32Cube_FW_C0_V1.4.0, STM32Cube_FW_F4_V1.28.3, STM32Cube_FW_F7_V1.17.4, STM32Cube_FW_G0_V1.6.3, STM32Cube_FW_G4_V1.6.2, STM32Cube_FW_H5_V1.6.0, STM32Cube_FW_H7RS_V1.3.0, STM32Cube_FW_H7_V1.13.0, STM32Cube_FW_L0_V1.12.2, STM32Cube_FW_L4_V1.18.2, STM32Cube_FW_L5_V1.6.0, STM32Cube_FW_N6_V1.3.0, STM32Cube_FW_U0_V1.3.0, STM32Cube_FW_U3_V1.3.0, STM32Cube_FW_U5_V1.8.0, STM32Cube_FW_WB0_V1.4.0, STM32Cube_FW_WBA_V1.9.0, STM32Cube_FW_WB_V1.24.0, STM32Cube_FW_WL3_V1.4.0, STM32Cube_FW_WL_V1.5.0, X-CUBE-ALGOBUILD_V1.4.0, X-CUBE-ALS_V1.0.2, X-CUBE-AZRTOS-F4_V1.1.0, X-CUBE-AZRTOS-F7_V1.1.0, X-CUBE-AZRTOS-G0_V1.1.0, X-CUBE-AZRTOS-G4_V2.0.0, X-CUBE-AZRTOS-H7RS_V1.1.0, X-CUBE-AZRTOS-H7_V3.4.0, X-CUBE-AZRTOS-L4_V2.0.0, X-CUBE-AZRTOS-L5_V2.0.0, X-CUBE-AZRTOS-WB_V2.0.0, X-CUBE-AZRTOS-WL_V2.0.0, X-CUBE-BLE1_V7.1.0, X-CUBE-BLE2_V3.3.0, X-CUBE-BLEMGR_V4.1.0, X-CUBE-EEPRMA1_V5.2.0, X-CUBE-FREERTOS_V1.5.0, X-CUBE-GNSS1_V6.0.0, X-CUBE-MEMS1_V12.0.0, X-CUBE-NFC4_V3.0.0, X-CUBE-NFC7_V2.0.0, X-CUBE-SFXS2LP1_V4.0.0, X-CUBE-ST67W61_V1.2.0, X-CUBE-SUBG2_V5.0.0, X-CUBE-TOF1_V3.4.3]
2026-04-16 12:41:38,965 [INFO] DbBoardsSqlite:226 - include board P-NUCLEO-WB55-NUCLEO as a kit item of type 'Nucleo-64'
2026-04-16 12:41:38,965 [INFO] DbBoardsSqlite:226 - include board P-NUCLEO-WB55-USBDONGLE as a kit item of type 'Nucleo USB Dongle'
2026-04-16 12:41:38,965 [INFO] DbBoardsSqlite:226 - include board STEVAL-IDP005V1 as a kit item of type 'Evaluation Board'
2026-04-16 12:41:38,966 [INFO] DbBoardsSqlite:226 - include board STEVAL-IDP005V2 as a kit item of type 'Evaluation Board'
2026-04-16 12:41:39,086 [INFO] ApiDb:240 - Found 880 in-development CPN: [B-G473E-ZEST1S, B-WB1M-WPAN1, B-WBA5M-WPAN, B-WL5M-SUBG1, NUCLEO-C031C6, NUCLEO-C051C8, NUCLEO-C071RB, NUCLEO-C092RC, NUCLEO-H503RB, NUCLEO-H533RE, NUCLEO-H563ZI, NUCLEO-H7S3L8, NUCLEO-N657X0-Q, NUCLEO-U031R8, NUCLEO-U083RC, NUCLEO-U385RG-Q, NUCLEO-U545RE-Q, NUCLEO-U5A5ZJ-Q, NUCLEO-WB05KZ, NUCLEO-WB07CC, NUCLEO-WB09KE, NUCLEO-WBA52CG, NUCLEO-WBA55CG, NUCLEO-WL33CC1, NUCLEO-WL33CC2, STEVAL-PROTEUS1, STEVAL-SMARTAG2, STEVAL-STWINBX1, STM320518-EVAL, STM32C0116-DK, STM32C011D6Y3TR, STM32C011D6Y6TR, STM32C011F4P3, STM32C011F4P6, STM32C011F4U3, STM32C011F4U6TR, STM32C011F6P3, STM32C011F6P6, STM32C011F6U3, STM32C011F6U6TR, STM32C011J4M3, STM32C011J4M6, STM32C011J6M3, STM32C011J6M6, STM32C0316-DK, STM32C031C4T3, STM32C031C4T6, STM32C031C4U3, STM32C031C4U6, STM32C031C6T3, STM32C031C6T6, STM32C031C6U3, STM32C031C6U6, STM32C031F4P3, STM32C031F4P6, STM32C031F6P3, STM32C031F6P6, STM32C031G4U3, STM32C031G4U6, STM32C031G6U3, STM32C031G6U6, STM32C031K4T3, STM32C031K4T6, STM32C031K4U3, STM32C031K4U6, STM32C031K6T3, STM32C031K6T6, STM32C031K6U3, STM32C031K6U6, STM32C051C6T6, STM32C051C6U6, STM32C051C8T6, STM32C051C8U6, STM32C051D8Y6TR, STM32C051F6P6, STM32C051F8P6, STM32C051G6U6, STM32C051G8U6, STM32C051K6T6, STM32C051K6U6, STM32C051K8T6, STM32C071C8T6, STM32C071C8T6N, STM32C071C8U6, STM32C071C8U6N, STM32C071CBT6, STM32C071CBT6N, STM32C071CBU6, STM32C071CBU6N, STM32C071F8P6, STM32C071F8P6N, STM32C071FBP6, STM32C071FBP6N, STM32C071FBY6TR, STM32C071G8U6, STM32C071G8U6N, STM32C071GBU6, STM32C071GBU6N, STM32C071K8T6, STM32C071K8T6N, STM32C071K8U6, STM32C071K8U6N, STM32C071KBT6, STM32C071KBT6N, STM32C071KBU6, STM32C071KBU6N, STM32C071R8T6, STM32C071R8T6N, STM32C071RBI6N, STM32C071RBT6, STM32C071RBT6N, STM32C091CBT6, STM32C091CBU6, STM32C091CCT6, STM32C091CCU6, STM32C091ECY6TR, STM32C091FBP6, STM32C091FCP6, STM32C091GBU6, STM32C091GCU6, STM32C091KBT6, STM32C091KBU6, STM32C091KCT6, STM32C091KCU6, STM32C091RBT6, STM32C091RCI6, STM32C091RCT6, STM32C092CBT6, STM32C092CBU6, STM32C092CCT6, STM32C092CCU6, STM32C092ECY6TR, STM32C092FBP6, STM32C092FCP6, STM32C092GBU6, STM32C092GCU6, STM32C092KBT6, STM32C092KBU6, STM32C092KCT6, STM32C092KCU6, STM32C092RBT6, STM32C092RCI6, STM32C092RCT6, STM32G071K8TXN, STM32G071K8UXN, STM32G081GBU6N, STM32G081KBT6N, STM32G081KBUXN, STM32G0B1CCT6N, STM32G0B1KCT6, STM32G0B1NEY6TR, STM32G0B1RCT6N, STM32G0C1CCT6, STM32G0C1CCT6N, STM32G0C1CCU6N, STM32G0C1CET6N, STM32G0C1CEU6N, STM32G0C1KCT6, STM32G0C1NEY6TR, STM32G0C1RCI6N, STM32G0C1RCT6N, STM32G0C1REI6N, STM32G0C1RET6N, STM32G0C1VCI6, STM32G0C1VEI6, STM32G411C6T3, STM32G411C6T6, STM32G411C6U3, STM32G411C6U6, STM32G411C8T3, STM32G411C8T6, STM32G411C8U3, STM32G411C8U6, STM32G411CBT3, STM32G411CBT6, STM32G411CBU3, STM32G411CBU6, STM32G411K6T3, STM32G411K6T6, STM32G411K6U3, STM32G411K6U6, STM32G411K8T3, STM32G411K8T6, STM32G411K8U3, STM32G411K8U6, STM32G411KBT3, STM32G411KBT6, STM32G411KBU3, STM32G411KBU6, STM32G411M6T3, STM32G411M6T6, STM32G411M8T3, STM32G411M8T6, STM32G411MBT3, STM32G411MBT6, STM32G411R6T3, STM32G411R6T6, STM32G411R8T3, STM32G411R8T6, STM32G411RBT3, STM32G411RBT6, STM32G414CBT3, STM32G414CBT6, STM32G414CBU3, STM32G414CBU6, STM32G414CCT3, STM32G414CCT6, STM32G414CCU3, STM32G414CCU6, STM32G414MBT3, STM32G414MBT6, STM32G414MCT3, STM32G414MCT6, STM32G414RBT3, STM32G414RBT6, STM32G414RCT3, STM32G414RCT6, STM32G414VBT3, STM32G414VBT6, STM32G414VCT3, STM32G414VCT6, STM32G431CBT3Z, STM32G431RBT3Z, STM32G471CCT6, STM32G471CCU6, STM32G471CET3, STM32G471CET6, STM32G471CEU3, STM32G471CEU6, STM32G471MCT6, STM32G471MET3, STM32G471MET6, STM32G471MEY6TR, STM32G471QCT6, STM32G471QET3, STM32G471RCT6, STM32G471RET3, STM32G471RET6, STM32G471VCH6, STM32G471VCI6, STM32G471VCT6, STM32G471VEH3, STM32G471VEH6, STM32G471VEI3, STM32G471VEI6, STM32G471VET3, STM32G471VET6, STM32G473QET3Z, STM32G473RET3Z, STM32G474CCT6, STM32G491RET3Z, STM32H503CBT6, STM32H503CBU6, STM32H503EBY6TR, STM32H503KBU6, STM32H503RBT6, STM32H523CCT6, STM32H523CCU6, STM32H523CET6, STM32H523CEU6, STM32H523HEY6TR, STM32H523RCT6, STM32H523RET6, STM32H523VCI6, STM32H523VCT6, STM32H523VEI6, STM32H523VET6, STM32H523ZCJ6, STM32H523ZCT6, STM32H523ZEJ6, STM32H523ZET6, STM32H533CET6, STM32H533CEU6, STM32H533HEY6TR, STM32H533RET6, STM32H533VEI6, STM32H533VET6, STM32H533ZEJ6, STM32H533ZET6, STM32H562AGI6, STM32H562AII6, STM32H562IGK6, STM32H562IGT6, STM32H562IIK6, STM32H562IIT6, STM32H562RGT6, STM32H562RGV6, STM32H562RIT6, STM32H562RIV6, STM32H562VGT6, STM32H562VIT6, STM32H562ZGT6, STM32H562ZIT6, STM32H563AGI6, STM32H563AII3Q, STM32H563AII6, STM32H563IGK6, STM32H563IGT6, STM32H563IIK3Q, STM32H563IIK6, STM32H563IIT3Q, STM32H563IIT6, STM32H563MIY3QTR, STM32H563RGT6, STM32H563RGV6, STM32H563RIT6, STM32H563RIV6, STM32H563VGT6, STM32H563VIT3Q, STM32H563VIT6, STM32H563ZGT6, STM32H563ZIT3Q, STM32H563ZIT6, STM32H573AII3Q, STM32H573AII6, STM32H573I-DK, STM32H573IIK3Q, STM32H573IIK6, STM32H573IIT3Q, STM32H573IIT6, STM32H573MIY3QTR, STM32H573RIT6, STM32H573RIV6, STM32H573VIT3Q, STM32H573VIT6, STM32H573ZIT3Q, STM32H573ZIT6, STM32H7R3A8I6, STM32H7R3I8K6, STM32H7R3I8T6, STM32H7R3L8H6, STM32H7R3L8H6H, STM32H7R3R8V6, STM32H7R3V8H6, STM32H7R3V8T6, STM32H7R3V8Y6TR, STM32H7R3Z8J6, STM32H7R3Z8T6, STM32H7R7A8I6, STM32H7R7I8K6, STM32H7R7I8T6, STM32H7R7L8H6, STM32H7R7L8H6H, STM32H7R7Z8J6, STM32H7S3A8I6, STM32H7S3I8K6, STM32H7S3I8T6, STM32H7S3L8H6, STM32H7S3L8H6H, STM32H7S3R8V6, STM32H7S3V8H6, STM32H7S3V8T6, STM32H7S3V8Y6TR, STM32H7S3Z8J6, STM32H7S3Z8T6, STM32H7S78-DK, STM32H7S7A8I6, STM32H7S7I8K6, STM32H7S7I8T6, STM32H7S7L8H6, STM32H7S7L8H6H, STM32H7S7Z8J6, STM32L4R5QGI6STR, STM32MP131AAE3, STM32MP131AAF3, STM32MP131AAG3, STM32MP131CAE3, STM32MP131CAF3, STM32MP131CAG3, STM32MP131DAE7, STM32MP131DAF7, STM32MP131DAG7, STM32MP131FAE7, STM32MP131FAF7, STM32MP131FAG7, STM32MP133AAE3, STM32MP133AAF3, STM32MP133AAG3, STM32MP133CAE3, STM32MP133CAF3, STM32MP133CAG3, STM32MP133DAE7, STM32MP133DAF7, STM32MP133DAG7, STM32MP133FAE7, STM32MP133FAF7, STM32MP133FAG7, STM32MP135AAE3, STM32MP135AAF3, STM32MP135AAG3, STM32MP135CAE3, STM32MP135CAF3, STM32MP135CAG3, STM32MP135DAE7, STM32MP135DAF7, STM32MP135DAG7, STM32MP135F-DK, STM32MP135FAE7, STM32MP135FAF7, STM32MP135FAF7T, STM32MP135FAF7U, STM32MP135FAG7, STM32MP211AAL3, STM32MP211AAM3, STM32MP211AAN3, STM32MP211AAO3, STM32MP211CAL3, STM32MP211CAM3, STM32MP211CAN3, STM32MP211CAO3, STM32MP211DAL3, STM32MP211DAM3, STM32MP211DAN3, STM32MP211DAO3, STM32MP211FAL3, STM32MP211FAM3, STM32MP211FAN3, STM32MP211FAO3, STM32MP213AAL3, STM32MP213AAM3, STM32MP213AAN3, STM32MP213AAO3, STM32MP213CAL3, STM32MP213CAM3, STM32MP213CAN3, STM32MP213CAO3, STM32MP213DAL3, STM32MP213DAM3, STM32MP213DAN3, STM32MP213DAO3, STM32MP213FAL3, STM32MP213FAM3, STM32MP213FAN3, STM32MP213FAO3, STM32MP215AAL3, STM32MP215AAM3, STM32MP215AAN3, STM32MP215AAO3, STM32MP215CAL3, STM32MP215CAM3, STM32MP215CAN3, STM32MP215CAO3, STM32MP215DAL3, STM32MP215DAM3, STM32MP215DAN3, STM32MP215DAO3, STM32MP215F-DK, STM32MP215FAL3, STM32MP215FAM3, STM32MP215FAN3, STM32MP215FAO3, STM32MP231AAJ3, STM32MP231AAK3, STM32MP231AAL3, STM32MP231CAJ3, STM32MP231CAK3, STM32MP231CAL3, STM32MP231DAJ3, STM32MP231DAK3, STM32MP231DAL3, STM32MP231FAJ3, STM32MP231FAK3, STM32MP231FAL3, STM32MP233AAJ3, STM32MP233AAK3, STM32MP233AAL3, STM32MP233CAJ3, STM32MP233CAK3, STM32MP233CAL3, STM32MP233DAJ3, STM32MP233DAK3, STM32MP233DAL3, STM32MP233FAJ3, STM32MP233FAK3, STM32MP233FAL3, STM32MP235AAJ3, STM32MP235AAK3, STM32MP235AAL3, STM32MP235CAJ3, STM32MP235CAK3, STM32MP235CAL3, STM32MP235DAJ3, STM32MP235DAK3, STM32MP235DAL3, STM32MP235FAJ3, STM32MP235FAK3, STM32MP235FAL3, STM32MP251AAI3, STM32MP251AAK3, STM32MP251AAL3, STM32MP251CAI3, STM32MP251CAK3, STM32MP251CAL3, STM32MP251DAI3, STM32MP251DAK3, STM32MP251DAL3, STM32MP251FAI3, STM32MP251FAK3, STM32MP251FAL3, STM32MP253AAI3, STM32MP253AAK3, STM32MP253AAL3, STM32MP253CAI3, STM32MP253CAK3, STM32MP253CAL3, STM32MP253DAI3, STM32MP253DAK3, STM32MP253DAL3, STM32MP253FAI3, STM32MP253FAK3, STM32MP253FAL3, STM32MP255AAI3, STM32MP255AAK3, STM32MP255AAL3, STM32MP255CAI3, STM32MP255CAK3, STM32MP255CAL3, STM32MP255DAI3, STM32MP255DAK3, STM32MP255DAL3, STM32MP255FAI3, STM32MP255FAK3, STM32MP255FAL3, STM32MP257AAI3, STM32MP257AAK3, STM32MP257AAL3, STM32MP257CAI3, STM32MP257CAK3, STM32MP257CAL3, STM32MP257DAI3, STM32MP257DAK3, STM32MP257DAL3, STM32MP257F-DK, STM32MP257F-EV1, STM32MP257FAI3, STM32MP257FAK3, STM32MP257FAL3, STM32N645A0H3Q, STM32N645B0H3Q, STM32N645I0H3Q, STM32N645L0H3Q, STM32N645X0H3Q, STM32N645Z0H3Q, STM32N647A0H3Q, STM32N647B0H3Q, STM32N647I0H3Q, STM32N647L0H3Q, STM32N647X0H3Q, STM32N647Z0H3Q, STM32N655A0H3Q, STM32N655B0H3Q, STM32N655I0H3Q, STM32N655L0H3Q, STM32N655X0H3Q, STM32N655Z0H3Q, STM32N6570-DK, STM32N657A0H3Q, STM32N657B0H3Q, STM32N657I0H3Q, STM32N657L0H3Q, STM32N657X0H3Q, STM32N657Z0H3Q, STM32U031C6T6, STM32U031C6U6, STM32U031C8T6, STM32U031C8U6, STM32U031F4P6, STM32U031F6P6, STM32U031F8P6, STM32U031G6Y6TR, STM32U031G8Y6TR, STM32U031K4U6, STM32U031K6U6, STM32U031K8U6, STM32U031R6I6, STM32U031R6T6, STM32U031R8I6, STM32U031R8T6, STM32U073C8T6, STM32U073C8U6, STM32U073CBT6, STM32U073CBU6, STM32U073CCT6, STM32U073CCU6, STM32U073H8Y6TR, STM32U073HBY6TR, STM32U073HCY6TR, STM32U073K8U6, STM32U073KBU6, STM32U073KCU6, STM32U073M8I6, STM32U073M8T6, STM32U073MBI6, STM32U073MBT6, STM32U073MCI6, STM32U073MCT6, STM32U073R8I6, STM32U073R8T6, STM32U073RBI6, STM32U073RBT6, STM32U073RCI6, STM32U073RCT6, STM32U083C-DK, STM32U083CCT6, STM32U083CCU6, STM32U083HCY6TR, STM32U083KCU6, STM32U083MCI6, STM32U083MCT6, STM32U083RCI6, STM32U083RCT6, STM32U375CET6, STM32U375CET6Q, STM32U375CEU6, STM32U375CEU6Q, STM32U375CEY6QTR, STM32U375CGT6, STM32U375CGT6Q, STM32U375CGU6, STM32U375CGU6Q, STM32U375CGY6QTR, STM32U375KEU6, STM32U375KGU6, STM32U375REI6, STM32U375REI6Q, STM32U375RET6, STM32U375RET6Q, STM32U375REY6GTR, STM32U375REY6QTR, STM32U375RGI6, STM32U375RGI6Q, STM32U375RGT6, STM32U375RGT6Q, STM32U375RGY6GTR, STM32U375RGY6QTR, STM32U375VEI6, STM32U375VEI6Q, STM32U375VET6, STM32U375VET6Q, STM32U375VGI6, STM32U375VGI6Q, STM32U375VGT6, STM32U375VGT6Q, STM32U385CGT6, STM32U385CGT6Q, STM32U385CGU6, STM32U385CGU6Q, STM32U385CGY6QTR, STM32U385KGU6, STM32U385RGI6, STM32U385RGI6Q, STM32U385RGT6, STM32U385RGT6Q, STM32U385RGY6GTR, STM32U385RGY6QTR, STM32U385VGI6, STM32U385VGI6Q, STM32U385VGT6, STM32U385VGT6Q, STM32U535CBT6, STM32U535CBT6Q, STM32U535CBU6, STM32U535CBU6Q, STM32U535CCT6, STM32U535CCT6Q, STM32U535CCU6, STM32U535CCU6Q, STM32U535CET6, STM32U535CET6Q, STM32U535CEU6, STM32U535CEU6Q, STM32U535JEY6QTR, STM32U535NCY6QTR, STM32U535NEY6QTR, STM32U535RBI6, STM32U535RBI6Q, STM32U535RBT6, STM32U535RBT6Q, STM32U535RCI6, STM32U535RCI6Q, STM32U535RCT6, STM32U535RCT6Q, STM32U535REI6, STM32U535REI6Q, STM32U535RET6, STM32U535RET6Q, STM32U535VCI6, STM32U535VCI6Q, STM32U535VCT6, STM32U535VCT6Q, STM32U535VEI6, STM32U535VEI6Q, STM32U535VET6, STM32U535VET6Q, STM32U545CET6, STM32U545CET6Q, STM32U545CEU6, STM32U545CEU6Q, STM32U545JEY6QTR, STM32U545NEY6QTR, STM32U545REI6, STM32U545REI6Q, STM32U545RET6, STM32U545RET6Q, STM32U545VEI6, STM32U545VEI6Q, STM32U545VET6, STM32U545VET6Q, STM32U595AIH6, STM32U595AIH6Q, STM32U595AJH6, STM32U595AJH6Q, STM32U595QII6, STM32U595QII6Q, STM32U595QJI6, STM32U595QJI6Q, STM32U595RIT6, STM32U595RIT6Q, STM32U595RJT6, STM32U595RJT6Q, STM32U595VIT6, STM32U595VIT6Q, STM32U595VJT6, STM32U595VJT6Q, STM32U595ZIT6, STM32U595ZIT6Q, STM32U595ZIY6QTR, STM32U595ZJT6, STM32U595ZJT6Q, STM32U595ZJY6QTR, STM32U599BJY6QTR, STM32U599NIH6Q, STM32U599NJH6Q, STM32U599VIT6Q, STM32U599VJT6, STM32U599VJT6Q, STM32U599ZIT6Q, STM32U599ZIY6QTR, STM32U599ZJT6Q, STM32U599ZJY6QTR, STM32U5A5AJH6, STM32U5A5AJH6Q, STM32U5A5QII3Q , STM32U5A5QJI6, STM32U5A5QJI6Q, STM32U5A5RJT6, STM32U5A5RJT6Q, STM32U5A5VJT6, STM32U5A5VJT6Q, STM32U5A5ZJT6, STM32U5A5ZJT6Q, STM32U5A5ZJY6QTR, STM32U5A9BJY6QTR, STM32U5A9J-DK, STM32U5A9NJH6Q, STM32U5A9VJT6Q, STM32U5A9ZJT6Q, STM32U5A9ZJY6QTR, STM32U5F7VIT6, STM32U5F7VIT6Q, STM32U5F7VJT6, STM32U5F7VJT6Q, STM32U5F9BJY6QTR, STM32U5F9NJH6Q, STM32U5F9VIT6Q, STM32U5F9VJT6Q, STM32U5F9ZIJ6QTR, STM32U5F9ZIT6Q, STM32U5F9ZJJ6QTR, STM32U5F9ZJT6Q, STM32U5G7VJT6, STM32U5G7VJT6Q, STM32U5G9BJY6QTR, STM32U5G9J-DK1, STM32U5G9J-DK2, STM32U5G9NJH6Q, STM32U5G9VJT6Q, STM32U5G9ZJJ6QTR, STM32U5G9ZJT6Q, STM32WB05KZV6TR, STM32WB05KZV7TR, STM32WB05TZF6TR, STM32WB05TZF7TR, STM32WB06CCF6TR, STM32WB06CCF7TR, STM32WB06CCV6TR, STM32WB06CCV7TR, STM32WB06KCV6TR, STM32WB06KCV7TR, STM32WB07CCF6TR, STM32WB07CCF7TR, STM32WB07CCV6TR, STM32WB07CCV7TR, STM32WB07KCV6TR, STM32WB07KCV7TR, STM32WB09KEV6TR, STM32WB09KEV7TR, STM32WB09TEF6TR, STM32WB09TEF7TR, STM32WB1MMCH6, STM32WBA50KGU6, STM32WBA50KGU6TR, STM32WBA52CEU6, STM32WBA52CEU6TR, STM32WBA52CEU7, STM32WBA52CEU7TR, STM32WBA52CGU6, STM32WBA52CGU6TR, STM32WBA52CGU6U, STM32WBA52CGU7, STM32WBA52CGU7TR, STM32WBA52KEU6, STM32WBA52KEU6TR, STM32WBA52KGU6, STM32WBA52KGU6TR, STM32WBA54CEU6, STM32WBA54CEU6TR, STM32WBA54CEU7, STM32WBA54CEU7TR, STM32WBA54CGU6, STM32WBA54CGU6TR, STM32WBA54CGU7, STM32WBA54CGU7TR, STM32WBA54KEU6, STM32WBA54KEU6TR, STM32WBA54KEU7, STM32WBA54KEU7TR, STM32WBA54KGU6, STM32WBA54KGU6TR, STM32WBA54KGU7, STM32WBA54KGU7TR, STM32WBA55CEU6, STM32WBA55CEU6TR, STM32WBA55CEU7, STM32WBA55CEU7TR, STM32WBA55CGU6, STM32WBA55CGU6TR, STM32WBA55CGU6U, STM32WBA55CGU7, STM32WBA55CGU7TR, STM32WBA55G-DK1, STM32WBA55HEF6, STM32WBA55HEF7, STM32WBA55HGF6, STM32WBA55HGF7, STM32WBA55UEI6, STM32WBA55UEI6TR, STM32WBA55UEI7, STM32WBA55UEI7TR, STM32WBA55UGI6, STM32WBA55UGI6TR, STM32WBA55UGI7, STM32WBA55UGI7TR, STM32WBA5MMGH6TR, STM32WBA62MGF6, STM32WBA62MIF6, STM32WBA65MGF7, STM32WBA65MIF6, STM32WBA65MIF7, STM32WL30K8V6, STM32WL30KBV6, STM32WL31C8V6, STM32WL31CBV6, STM32WL31K8V6, STM32WL31KBV6, STM32WL33C8V6, STM32WL33C8V6X, STM32WL33CBV6, STM32WL33CBV6X, STM32WL33CCV6, STM32WL33CCV6A, STM32WL33CCV6X, STM32WL33K8V7, STM32WL33K8V7X, STM32WL33KBV7 , STM32WL33KBV7X, STM32WL33KCV7, STM32WL33KCV7X, STM32WL5MOCH6, STM32WL5MOCH6TR]
2026-04-16 12:41:39,301 [INFO] BoardInfo:889 - No configuration file found for board NUCLEO-H5E5ZJ
2026-04-16 12:41:39,303 [INFO] DbBoards:161 - Board is not supported: NUCLEO-H5E5ZJ
2026-04-16 12:41:39,394 [INFO] BoardInfo:889 - No configuration file found for board NUCLEO-U3C5ZI-Q
2026-04-16 12:41:39,395 [INFO] DbBoards:161 - Board is not supported: NUCLEO-U3C5ZI-Q
2026-04-16 12:41:39,416 [INFO] BoardInfo:889 - No configuration file found for board NUCLEO-WBA25CE1
2026-04-16 12:41:39,417 [INFO] DbBoards:161 - Board is not supported: NUCLEO-WBA25CE1
2026-04-16 12:41:39,430 [INFO] BoardInfo:889 - No configuration file found for board NUCLEO-WL3RKB1
2026-04-16 12:41:39,431 [INFO] DbBoards:161 - Board is not supported: NUCLEO-WL3RKB1
2026-04-16 12:41:39,432 [INFO] BoardInfo:889 - No configuration file found for board NUCLEO-WL3RKB2
2026-04-16 12:41:39,434 [INFO] DbBoards:161 - Board is not supported: NUCLEO-WL3RKB2
2026-04-16 12:41:39,444 [INFO] BoardInfo:889 - No configuration file found for board P-NUCLEO-WB55
2026-04-16 12:41:39,445 [INFO] DbBoards:161 - Kit is not supported: P-NUCLEO-WB55
2026-04-16 12:41:39,453 [INFO] BoardInfo:889 - No configuration file found for board STEVAL-BFA001V1B
2026-04-16 12:41:39,455 [INFO] DbBoards:161 - Kit is not supported: STEVAL-BFA001V1B
2026-04-16 12:41:39,457 [INFO] BoardInfo:889 - No configuration file found for board STEVAL-BFA001V2B
2026-04-16 12:41:39,459 [INFO] DbBoards:161 - Kit is not supported: STEVAL-BFA001V2B
2026-04-16 12:41:39,654 [INFO] BoardInfo:889 - No configuration file found for board STM32H5F5J-DK
2026-04-16 12:41:39,657 [INFO] DbBoards:161 - Board is not supported: STM32H5F5J-DK
2026-04-16 12:41:39,779 [INFO] DbBoards:168 - Found 218 boards, 209 are supported
2026-04-16 12:41:39,779 [INFO] DbBoards:169 - Found 218 boards, 43 of them is supported for  Bsp
2026-04-16 12:41:39,782 [INFO] ApiDb:423 - Load user favorites file C:\Users\vamsh/.stm32cubeide/favorites.boards.txt: 0 item(s)
2026-04-16 12:41:39,782 [INFO] ApiDb:427 - User favorites Boards=[]
2026-04-16 12:41:39,783 [INFO] DbBoards:198 - Set 0 / 0 favorites Boards
2026-04-16 12:41:39,785 [INFO] ApiDb:668 - CubeFinder database Data Model version=2.1
2026-04-16 12:41:39,785 [INFO] ApiDb:669 - CubeFinder database Configuration version=3.0.42
2026-04-16 12:41:39,785 [INFO] ApiDb:670 - CubeFinder database generation date=2026-03-11 (1773229989)
2026-04-16 12:41:39,785 [INFO] ApiDb:671 - CubeFinder database FW Pack versions=[FP-ATR-ASTRA1_V2.0.0, FP-SNS-FLIGHT1_V5.1.0, FP-SNS-MOTENV1_V5.1.0, FP-SNS-MOTENVWB1_V1.5.0, FP-SNS-SMARTAG2_V1.2.0, FP-SNS-STBOX1_V2.1.0, STM32Cube_FW_C0_V1.4.0, STM32Cube_FW_F4_V1.28.3, STM32Cube_FW_F7_V1.17.4, STM32Cube_FW_G0_V1.6.3, STM32Cube_FW_G4_V1.6.2, STM32Cube_FW_H5_V1.6.0, STM32Cube_FW_H7RS_V1.3.0, STM32Cube_FW_H7_V1.13.0, STM32Cube_FW_L0_V1.12.2, STM32Cube_FW_L4_V1.18.2, STM32Cube_FW_L5_V1.6.0, STM32Cube_FW_N6_V1.3.0, STM32Cube_FW_U0_V1.3.0, STM32Cube_FW_U3_V1.3.0, STM32Cube_FW_U5_V1.8.0, STM32Cube_FW_WB0_V1.4.0, STM32Cube_FW_WBA_V1.9.0, STM32Cube_FW_WB_V1.24.0, STM32Cube_FW_WL3_V1.4.0, STM32Cube_FW_WL_V1.5.0, X-CUBE-ALGOBUILD_V1.4.0, X-CUBE-ALS_V1.0.2, X-CUBE-AZRTOS-F4_V1.1.0, X-CUBE-AZRTOS-F7_V1.1.0, X-CUBE-AZRTOS-G0_V1.1.0, X-CUBE-AZRTOS-G4_V2.0.0, X-CUBE-AZRTOS-H7RS_V1.1.0, X-CUBE-AZRTOS-H7_V3.4.0, X-CUBE-AZRTOS-L4_V2.0.0, X-CUBE-AZRTOS-L5_V2.0.0, X-CUBE-AZRTOS-WB_V2.0.0, X-CUBE-AZRTOS-WL_V2.0.0, X-CUBE-BLE1_V7.1.0, X-CUBE-BLE2_V3.3.0, X-CUBE-BLEMGR_V4.1.0, X-CUBE-EEPRMA1_V5.2.0, X-CUBE-FREERTOS_V1.5.0, X-CUBE-GNSS1_V6.0.0, X-CUBE-MEMS1_V12.0.0, X-CUBE-NFC4_V3.0.0, X-CUBE-NFC7_V2.0.0, X-CUBE-SFXS2LP1_V4.0.0, X-CUBE-ST67W61_V1.2.0, X-CUBE-SUBG2_V5.0.0, X-CUBE-TOF1_V3.4.3]
2026-04-16 12:41:40,543 [ERROR] DbExamplesSqlite:437 - Missing JSON key: board_cpn
2026-04-16 12:41:40,543 [ERROR] DbExamplesSqlite:437 - Missing JSON key: board_cpn
2026-04-16 12:41:40,544 [ERROR] DbExamplesSqlite:437 - Missing JSON key: board_cpn
2026-04-16 12:41:40,544 [ERROR] DbExamplesSqlite:437 - Missing JSON key: board_cpn
2026-04-16 12:41:41,004 [ERROR] DbExamplesSqlite:437 - Missing JSON key: board_cpn
2026-04-16 12:41:41,005 [ERROR] DbExamplesSqlite:437 - Missing JSON key: board_cpn
2026-04-16 12:41:41,070 [INFO] DbExamplesSqlite:395 - Ignored 39 examples not supported by CubeIDE
2026-04-16 12:41:41,071 [INFO] DbExamplesSqlite:396 - Found 11210 examples active
2026-04-16 12:41:41,071 [INFO] DbExamplesSqlite:397 - Found 0 examples obsolete
2026-04-16 12:41:41,071 [INFO] DbExamplesSqlite:398 - Found 0 examples under development
2026-04-16 12:41:41,071 [INFO] DbExamplesSqlite:399 - Found 76 examples not building
2026-04-16 12:41:41,074 [INFO] DbExamples:125 - Found 11247 examples
2026-04-16 12:41:41,135 [ERROR] DbExamples:208 - Found 377 examples with invalid data (board or MCU)
2026-04-16 12:41:41,135 [INFO] DbExamples:222 - Found 140 boards with related examples
2026-04-16 12:41:41,136 [INFO] DbExamples:235 - Found 114 MCUs with related examples
2026-04-16 12:41:41,155 [INFO] ApiDb:414 - User favorites file not found: C:\Users\vamsh/.stm32cubeide/favorites.examples.txt
2026-04-16 12:41:41,155 [INFO] DbExamples:250 - Set 0 / 0 favorites Examples
2026-04-16 12:41:41,408 [INFO] McuFinderGlobals:76 - Set McuFinderConnectedMode to true
2026-04-16 12:41:41,416 [INFO] MultiScanPanel:200 - Auto-refresh data requested => check proxy status ongoing
2026-04-16 12:41:41,420 [INFO] FinderPluginLoader:96 - Searching for filters in installed packs
2026-04-16 12:41:43,225 [INFO] LoadUrlFilesThread:185 - End of LoadServerUrlFiles without Thread
2026-04-16 12:41:43,238 [INFO] DetailPanel:341 - Set advertising image to C:/Users/vamsh/STM32Cube/Repository/\en.prom-stm32u3b5-u3c5-0426.jpg
2026-04-16 12:42:22,540 [INFO] MultiScanPanel:200 - Auto-refresh data requested => check proxy status ongoing
2026-04-16 12:42:22,730 [INFO] LoadUrlFilesThread:185 - End of LoadServerUrlFiles without Thread
2026-04-16 12:42:22,731 [INFO] DetailPanel:341 - Set advertising image to C:/Users/vamsh/STM32Cube/Repository/\en.prom-stm32u3b5-u3c5-0426.jpg
2026-04-16 12:42:22,751 [INFO] DbBoards:642 - Loading board mini-images...
2026-04-16 12:42:25,314 [INFO] DbBoards:665 - Loaded 218 board mini-images
2026-04-16 12:45:42,826 [INFO] McuFinderGlobals:76 - Set McuFinderConnectedMode to true
2026-04-16 12:45:42,836 [INFO] ApiDb:448 - Save user favorites file C:\Users\vamsh/.stm32cubeide/favorites.mcus.txt: 0 item(s)
2026-04-16 12:45:42,837 [INFO] ApiDb:452 - User favorites MCUs=[]
2026-04-16 12:45:42,843 [INFO] ApiDb:448 - Save user favorites file C:\Users\vamsh/.stm32cubeide/favorites.boards.txt: 0 item(s)
2026-04-16 12:45:42,843 [INFO] ApiDb:452 - User favorites Boards=[]
2026-04-16 14:05:05,145 [INFO] WebApp:194 - Connection lost
2026-04-16 14:05:19,557 [INFO] WebApp:191 - Connection restablished
2026-04-16 14:16:00,865 [INFO] WebApp:194 - Connection lost
2026-04-16 14:16:02,578 [INFO] WebApp:191 - Connection restablished
2026-04-16 15:05:11,852 [INFO] WebApp:194 - Connection lost
2026-04-16 15:05:12,321 [INFO] WebApp:191 - Connection restablished
2026-04-16 16:05:13,493 [INFO] WebApp:194 - Connection lost
2026-04-16 16:05:14,268 [INFO] WebApp:191 - Connection restablished
2026-04-16 16:21:10,070 [INFO] WebApp:194 - Connection lost
2026-04-16 16:21:11,134 [INFO] WebApp:191 - Connection restablished
2026-04-16 17:05:14,595 [INFO] WebApp:194 - Connection lost
2026-04-16 17:05:15,191 [INFO] WebApp:191 - Connection restablished
2026-04-16 17:26:22,474 [INFO] WebApp:194 - Connection lost
2026-04-16 17:26:25,226 [INFO] WebApp:191 - Connection restablished
2026-04-16 17:27:30,702 [INFO] WebApp:194 - Connection lost
2026-04-16 17:27:33,049 [INFO] WebApp:191 - Connection restablished
2026-04-16 18:08:05,872 [INFO] WebApp:194 - Connection lost
2026-04-16 18:08:14,274 [INFO] WebApp:191 - Connection restablished
2026-04-16 19:08:14,082 [INFO] WebApp:194 - Connection lost
2026-04-16 19:08:14,655 [INFO] WebApp:191 - Connection restablished
2026-04-16 20:08:15,863 [INFO] WebApp:194 - Connection lost
2026-04-16 20:08:16,925 [INFO] WebApp:191 - Connection restablished
2026-04-16 20:29:53,473 [INFO] WebApp:194 - Connection lost
2026-04-16 20:29:54,823 [INFO] WebApp:191 - Connection restablished
2026-04-16 20:57:45,614 [INFO] WebApp:194 - Connection lost
2026-04-16 20:58:01,422 [INFO] WebApp:191 - Connection restablished
2026-04-16 20:58:23,085 [ERROR] LogOutputStream:75 - [STDERR_REDIRECT] 
2026-04-16 20:58:23,107 [ERROR] LogOutputStream:75 - [STDERR_REDIRECT] 
